<?xml version="1.0" encoding="UTF-8"?>
<coverage generated="1758004167468" clover="3.2.0">
  <project timestamp="1758004167468" name="All files">
    <metrics statements="656" coveredstatements="267" conditionals="297" coveredconditionals="83" methods="246" coveredmethods="72" elements="1199" coveredelements="422" complexity="0" loc="656" ncloc="656" packages="11" files="38" classes="38"/>
    <package name="app">
      <metrics statements="169" coveredstatements="0" conditionals="104" coveredconditionals="0" methods="55" coveredmethods="0"/>
      <file name="layout.tsx" path="C:\Users\tawin\OneDrive\Desktop\Day Seven\app\layout.tsx">
        <metrics statements="9" coveredstatements="0" conditionals="2" coveredconditionals="0" methods="1" coveredmethods="0"/>
        <line num="3" count="0" type="stmt"/>
        <line num="4" count="0" type="stmt"/>
        <line num="5" count="0" type="stmt"/>
        <line num="6" count="0" type="stmt"/>
        <line num="7" count="0" type="stmt"/>
        <line num="9" count="0" type="stmt"/>
        <line num="15" count="0" type="stmt"/>
        <line num="21" count="0" type="stmt"/>
        <line num="89" count="0" type="stmt"/>
      </file>
      <file name="page-monolithic.tsx" path="C:\Users\tawin\OneDrive\Desktop\Day Seven\app\page-monolithic.tsx">
        <metrics statements="137" coveredstatements="0" conditionals="97" coveredconditionals="0" methods="37" coveredmethods="0"/>
        <line num="3" count="0" type="stmt"/>
        <line num="4" count="0" type="stmt"/>
        <line num="5" count="0" type="stmt"/>
        <line num="6" count="0" type="stmt"/>
        <line num="7" count="0" type="stmt"/>
        <line num="8" count="0" type="stmt"/>
        <line num="9" count="0" type="stmt"/>
        <line num="10" count="0" type="stmt"/>
        <line num="11" count="0" type="stmt"/>
        <line num="26" count="0" type="stmt"/>
        <line num="28" count="0" type="stmt"/>
        <line num="96" count="0" type="stmt"/>
        <line num="97" count="0" type="stmt"/>
        <line num="98" count="0" type="stmt"/>
        <line num="99" count="0" type="stmt"/>
        <line num="100" count="0" type="stmt"/>
        <line num="101" count="0" type="stmt"/>
        <line num="102" count="0" type="stmt"/>
        <line num="103" count="0" type="stmt"/>
        <line num="104" count="0" type="stmt"/>
        <line num="106" count="0" type="stmt"/>
        <line num="107" count="0" type="stmt"/>
        <line num="108" count="0" type="stmt"/>
        <line num="109" count="0" type="stmt"/>
        <line num="112" count="0" type="stmt"/>
        <line num="113" count="0" type="stmt"/>
        <line num="114" count="0" type="stmt"/>
        <line num="117" count="0" type="stmt"/>
        <line num="118" count="0" type="stmt"/>
        <line num="119" count="0" type="cond" truecount="0" falsecount="2"/>
        <line num="122" count="0" type="stmt"/>
        <line num="124" count="0" type="stmt"/>
        <line num="125" count="0" type="stmt"/>
        <line num="127" count="0" type="cond" truecount="0" falsecount="2"/>
        <line num="128" count="0" type="stmt"/>
        <line num="129" count="0" type="cond" truecount="0" falsecount="4"/>
        <line num="130" count="0" type="stmt"/>
        <line num="131" count="0" type="cond" truecount="0" falsecount="3"/>
        <line num="132" count="0" type="stmt"/>
        <line num="134" count="0" type="stmt"/>
        <line num="137" count="0" type="stmt"/>
        <line num="139" count="0" type="stmt"/>
        <line num="140" count="0" type="cond" truecount="0" falsecount="1"/>
        <line num="141" count="0" type="cond" truecount="0" falsecount="1"/>
        <line num="142" count="0" type="cond" truecount="0" falsecount="1"/>
        <line num="146" count="0" type="stmt"/>
        <line num="147" count="0" type="cond" truecount="0" falsecount="1"/>
        <line num="148" count="0" type="stmt"/>
        <line num="149" count="0" type="stmt"/>
        <line num="152" count="0" type="cond" truecount="0" falsecount="3"/>
        <line num="154" count="0" type="stmt"/>
        <line num="155" count="0" type="stmt"/>
        <line num="157" count="0" type="stmt"/>
        <line num="158" count="0" type="stmt"/>
        <line num="160" count="0" type="cond" truecount="0" falsecount="2"/>
        <line num="161" count="0" type="stmt"/>
        <line num="162" count="0" type="stmt"/>
        <line num="163" count="0" type="cond" truecount="0" falsecount="2"/>
        <line num="164" count="0" type="stmt"/>
        <line num="165" count="0" type="stmt"/>
        <line num="167" count="0" type="stmt"/>
        <line num="170" count="0" type="stmt"/>
        <line num="174" count="0" type="stmt"/>
        <line num="175" count="0" type="stmt"/>
        <line num="177" count="0" type="cond" truecount="0" falsecount="3"/>
        <line num="179" count="0" type="cond" truecount="0" falsecount="2"/>
        <line num="180" count="0" type="stmt"/>
        <line num="181" count="0" type="cond" truecount="0" falsecount="2"/>
        <line num="182" count="0" type="stmt"/>
        <line num="183" count="0" type="cond" truecount="0" falsecount="2"/>
        <line num="184" count="0" type="stmt"/>
        <line num="186" count="0" type="stmt"/>
        <line num="188" count="0" type="stmt"/>
        <line num="191" count="0" type="cond" truecount="0" falsecount="2"/>
        <line num="192" count="0" type="stmt"/>
        <line num="193" count="0" type="cond" truecount="0" falsecount="2"/>
        <line num="194" count="0" type="stmt"/>
        <line num="196" count="0" type="stmt"/>
        <line num="198" count="0" type="stmt"/>
        <line num="201" count="0" type="stmt"/>
        <line num="202" count="0" type="cond" truecount="0" falsecount="2"/>
        <line num="203" count="0" type="stmt"/>
        <line num="204" count="0" type="cond" truecount="0" falsecount="2"/>
        <line num="205" count="0" type="stmt"/>
        <line num="207" count="0" type="stmt"/>
        <line num="209" count="0" type="stmt"/>
        <line num="212" count="0" type="stmt"/>
        <line num="215" count="0" type="stmt"/>
        <line num="216" count="0" type="cond" truecount="0" falsecount="1"/>
        <line num="217" count="0" type="stmt"/>
        <line num="220" count="0" type="stmt"/>
        <line num="223" count="0" type="cond" truecount="0" falsecount="1"/>
        <line num="224" count="0" type="stmt"/>
        <line num="225" count="0" type="stmt"/>
        <line num="226" count="0" type="stmt"/>
        <line num="230" count="0" type="stmt"/>
        <line num="231" count="0" type="stmt"/>
        <line num="234" count="0" type="stmt"/>
        <line num="235" count="0" type="stmt"/>
        <line num="236" count="0" type="cond" truecount="0" falsecount="1"/>
        <line num="237" count="0" type="stmt"/>
        <line num="238" count="0" type="stmt"/>
        <line num="240" count="0" type="cond" truecount="0" falsecount="1"/>
        <line num="241" count="0" type="cond" truecount="0" falsecount="1"/>
        <line num="242" count="0" type="cond" truecount="0" falsecount="1"/>
        <line num="244" count="0" type="stmt"/>
        <line num="245" count="0" type="stmt"/>
        <line num="247" count="0" type="stmt"/>
        <line num="250" count="0" type="stmt"/>
        <line num="251" count="0" type="stmt"/>
        <line num="252" count="0" type="stmt"/>
        <line num="253" count="0" type="stmt"/>
        <line num="254" count="0" type="stmt"/>
        <line num="255" count="0" type="stmt"/>
        <line num="256" count="0" type="stmt"/>
        <line num="259" count="0" type="cond" truecount="0" falsecount="3"/>
        <line num="260" count="0" type="stmt"/>
        <line num="318" count="0" type="stmt"/>
        <line num="354" count="0" type="stmt"/>
        <line num="357" count="0" type="stmt"/>
        <line num="358" count="0" type="stmt"/>
        <line num="375" count="0" type="stmt"/>
        <line num="390" count="0" type="cond" truecount="0" falsecount="2"/>
        <line num="392" count="0" type="stmt"/>
        <line num="409" count="0" type="stmt"/>
        <line num="443" count="0" type="stmt"/>
        <line num="444" count="0" type="stmt"/>
        <line num="463" count="0" type="stmt"/>
        <line num="464" count="0" type="stmt"/>
        <line num="483" count="0" type="stmt"/>
        <line num="484" count="0" type="stmt"/>
        <line num="502" count="0" type="stmt"/>
        <line num="509" count="0" type="cond" truecount="0" falsecount="1"/>
        <line num="510" count="0" type="stmt"/>
        <line num="567" count="0" type="stmt"/>
        <line num="568" count="0" type="stmt"/>
        <line num="605" count="0" type="stmt"/>
      </file>
      <file name="page.tsx" path="C:\Users\tawin\OneDrive\Desktop\Day Seven\app\page.tsx">
        <metrics statements="23" coveredstatements="0" conditionals="5" coveredconditionals="0" methods="17" coveredmethods="0"/>
        <line num="3" count="0" type="stmt"/>
        <line num="4" count="0" type="stmt"/>
        <line num="5" count="0" type="stmt"/>
        <line num="6" count="0" type="stmt"/>
        <line num="7" count="0" type="stmt"/>
        <line num="8" count="0" type="stmt"/>
        <line num="9" count="0" type="stmt"/>
        <line num="10" count="0" type="stmt"/>
        <line num="11" count="0" type="stmt"/>
        <line num="12" count="0" type="stmt"/>
        <line num="15" count="0" type="stmt"/>
        <line num="19" count="0" type="stmt"/>
        <line num="20" count="0" type="stmt"/>
        <line num="23" count="0" type="stmt"/>
        <line num="27" count="0" type="stmt"/>
        <line num="36" count="0" type="stmt"/>
        <line num="41" count="0" type="stmt"/>
        <line num="43" count="0" type="stmt"/>
        <line num="46" count="0" type="stmt"/>
        <line num="47" count="0" type="stmt"/>
        <line num="48" count="0" type="stmt"/>
        <line num="51" count="0" type="cond" truecount="0" falsecount="2"/>
        <line num="54" count="0" type="cond" truecount="0" falsecount="3"/>
      </file>
    </package>
    <package name="components">
      <metrics statements="28" coveredstatements="0" conditionals="8" coveredconditionals="0" methods="6" coveredmethods="0"/>
      <file name="google-map.tsx" path="C:\Users\tawin\OneDrive\Desktop\Day Seven\components\google-map.tsx">
        <metrics statements="25" coveredstatements="0" conditionals="8" coveredconditionals="0" methods="5" coveredmethods="0"/>
        <line num="3" count="0" type="stmt"/>
        <line num="16" count="0" type="cond" truecount="0" falsecount="1"/>
        <line num="17" count="0" type="stmt"/>
        <line num="18" count="0" type="stmt"/>
        <line num="20" count="0" type="stmt"/>
        <line num="21" count="0" type="stmt"/>
        <line num="22" count="0" type="cond" truecount="0" falsecount="3"/>
        <line num="23" count="0" type="stmt"/>
        <line num="24" count="0" type="stmt"/>
        <line num="28" count="0" type="stmt"/>
        <line num="29" count="0" type="stmt"/>
        <line num="30" count="0" type="stmt"/>
        <line num="31" count="0" type="stmt"/>
        <line num="34" count="0" type="stmt"/>
        <line num="36" count="0" type="stmt"/>
        <line num="39" count="0" type="stmt"/>
        <line num="40" count="0" type="cond" truecount="0" falsecount="3"/>
        <line num="43" count="0" type="stmt"/>
        <line num="45" count="0" type="stmt"/>
        <line num="83" count="0" type="stmt"/>
        <line num="97" count="0" type="stmt"/>
        <line num="100" count="0" type="stmt"/>
        <line num="102" count="0" type="stmt"/>
        <line num="104" count="0" type="cond" truecount="0" falsecount="1"/>
        <line num="105" count="0" type="stmt"/>
      </file>
      <file name="theme-provider.tsx" path="C:\Users\tawin\OneDrive\Desktop\Day Seven\components\theme-provider.tsx">
        <metrics statements="3" coveredstatements="0" conditionals="0" coveredconditionals="0" methods="1" coveredmethods="0"/>
        <line num="3" count="0" type="stmt"/>
        <line num="7" count="0" type="stmt"/>
        <line num="9" count="0" type="stmt"/>
      </file>
    </package>
    <package name="components.booking">
      <metrics statements="48" coveredstatements="33" conditionals="28" coveredconditionals="9" methods="26" coveredmethods="8"/>
      <file name="BookingFlow.tsx" path="C:\Users\tawin\OneDrive\Desktop\Day Seven\components\booking\BookingFlow.tsx">
        <metrics statements="16" coveredstatements="14" conditionals="5" coveredconditionals="4" methods="3" coveredmethods="2"/>
        <line num="1" count="1" type="stmt"/>
        <line num="2" count="1" type="stmt"/>
        <line num="3" count="1" type="stmt"/>
        <line num="4" count="1" type="stmt"/>
        <line num="5" count="1" type="stmt"/>
        <line num="6" count="1" type="stmt"/>
        <line num="7" count="1" type="stmt"/>
        <line num="9" count="1" type="stmt"/>
        <line num="10" count="1" type="stmt"/>
        <line num="16" count="5" type="stmt"/>
        <line num="32" count="5" type="stmt"/>
        <line num="34" count="5" type="stmt"/>
        <line num="35" count="5" type="stmt"/>
        <line num="39" count="5" type="stmt"/>
        <line num="70" count="0" type="cond" truecount="0" falsecount="1"/>
        <line num="71" count="0" type="stmt"/>
      </file>
      <file name="Confirmation.tsx" path="C:\Users\tawin\OneDrive\Desktop\Day Seven\components\booking\Confirmation.tsx">
        <metrics statements="4" coveredstatements="2" conditionals="6" coveredconditionals="0" methods="2" coveredmethods="0"/>
        <line num="1" count="1" type="stmt"/>
        <line num="2" count="1" type="stmt"/>
        <line num="15" count="0" type="stmt"/>
        <line num="21" count="0" type="cond" truecount="0" falsecount="2"/>
      </file>
      <file name="DateSelection.tsx" path="C:\Users\tawin\OneDrive\Desktop\Day Seven\components\booking\DateSelection.tsx">
        <metrics statements="8" coveredstatements="7" conditionals="8" coveredconditionals="2" methods="4" coveredmethods="2"/>
        <line num="1" count="1" type="stmt"/>
        <line num="2" count="1" type="stmt"/>
        <line num="4" count="1" type="stmt"/>
        <line num="13" count="4" type="stmt"/>
        <line num="19" count="4" type="stmt"/>
        <line num="20" count="4" type="cond" truecount="1" falsecount="1"/>
        <line num="32" count="0" type="cond" truecount="0" falsecount="2"/>
        <line num="34" count="280" type="stmt"/>
      </file>
      <file name="GuestForm.tsx" path="C:\Users\tawin\OneDrive\Desktop\Day Seven\components\booking\GuestForm.tsx">
        <metrics statements="12" coveredstatements="3" conditionals="5" coveredconditionals="0" methods="12" coveredmethods="0"/>
        <line num="1" count="1" type="stmt"/>
        <line num="2" count="1" type="stmt"/>
        <line num="3" count="1" type="stmt"/>
        <line num="16" count="0" type="stmt"/>
        <line num="38" count="0" type="stmt"/>
        <line num="39" count="0" type="stmt"/>
        <line num="48" count="0" type="stmt"/>
        <line num="49" count="0" type="stmt"/>
        <line num="59" count="0" type="stmt"/>
        <line num="60" count="0" type="stmt"/>
        <line num="120" count="0" type="stmt"/>
        <line num="121" count="0" type="stmt"/>
      </file>
      <file name="HourlySelection.tsx" path="C:\Users\tawin\OneDrive\Desktop\Day Seven\components\booking\HourlySelection.tsx">
        <metrics statements="8" coveredstatements="7" conditionals="4" coveredconditionals="3" methods="5" coveredmethods="4"/>
        <line num="1" count="1" type="stmt"/>
        <line num="2" count="1" type="stmt"/>
        <line num="3" count="1" type="stmt"/>
        <line num="11" count="1" type="stmt"/>
        <line num="16" count="1" type="stmt"/>
        <line num="32" count="0" type="stmt"/>
        <line num="35" count="12" type="stmt"/>
        <line num="36" count="12" type="stmt"/>
      </file>
    </package>
    <package name="components.layout">
      <metrics statements="12" coveredstatements="0" conditionals="2" coveredconditionals="0" methods="10" coveredmethods="0"/>
      <file name="Footer.tsx" path="C:\Users\tawin\OneDrive\Desktop\Day Seven\components\layout\Footer.tsx">
        <metrics statements="9" coveredstatements="0" conditionals="0" coveredconditionals="0" methods="9" coveredmethods="0"/>
        <line num="1" count="0" type="stmt"/>
        <line num="2" count="0" type="stmt"/>
        <line num="4" count="0" type="stmt"/>
        <line num="38" count="0" type="stmt"/>
        <line num="64" count="0" type="stmt"/>
        <line num="86" count="0" type="stmt"/>
        <line num="97" count="0" type="stmt"/>
        <line num="110" count="0" type="stmt"/>
        <line num="121" count="0" type="stmt"/>
      </file>
      <file name="Header.tsx" path="C:\Users\tawin\OneDrive\Desktop\Day Seven\components\layout\Header.tsx">
        <metrics statements="3" coveredstatements="0" conditionals="2" coveredconditionals="0" methods="1" coveredmethods="0"/>
        <line num="1" count="0" type="stmt"/>
        <line num="2" count="0" type="stmt"/>
        <line num="9" count="0" type="cond" truecount="0" falsecount="1"/>
      </file>
    </package>
    <package name="components.sections">
      <metrics statements="7" coveredstatements="0" conditionals="0" coveredconditionals="0" methods="5" coveredmethods="0"/>
      <file name="HeroSection.tsx" path="C:\Users\tawin\OneDrive\Desktop\Day Seven\components\sections\HeroSection.tsx">
        <metrics statements="1" coveredstatements="0" conditionals="0" coveredconditionals="0" methods="1" coveredmethods="0"/>
        <line num="5" count="0" type="stmt"/>
      </file>
      <file name="LocationSection.tsx" path="C:\Users\tawin\OneDrive\Desktop\Day Seven\components\sections\LocationSection.tsx">
        <metrics statements="6" coveredstatements="0" conditionals="0" coveredconditionals="0" methods="4" coveredmethods="0"/>
        <line num="1" count="0" type="stmt"/>
        <line num="2" count="0" type="stmt"/>
        <line num="3" count="0" type="stmt"/>
        <line num="5" count="0" type="stmt"/>
        <line num="17" count="0" type="stmt"/>
        <line num="43" count="0" type="stmt"/>
      </file>
    </package>
    <package name="components.suites">
      <metrics statements="34" coveredstatements="29" conditionals="21" coveredconditionals="18" methods="21" coveredmethods="11"/>
      <file name="SuiteCard.tsx" path="C:\Users\tawin\OneDrive\Desktop\Day Seven\components\suites\SuiteCard.tsx">
        <metrics statements="21" coveredstatements="20" conditionals="18" coveredconditionals="18" methods="10" coveredmethods="9"/>
        <line num="1" count="2" type="stmt"/>
        <line num="2" count="2" type="stmt"/>
        <line num="3" count="2" type="stmt"/>
        <line num="4" count="2" type="stmt"/>
        <line num="6" count="2" type="stmt"/>
        <line num="13" count="173" type="stmt"/>
        <line num="14" count="172" type="stmt"/>
        <line num="16" count="172" type="stmt"/>
        <line num="17" count="6" type="cond" truecount="3" falsecount="0"/>
        <line num="18" count="3" type="stmt"/>
        <line num="19" count="3" type="cond" truecount="1" falsecount="0"/>
        <line num="20" count="3" type="stmt"/>
        <line num="25" count="172" type="stmt"/>
        <line num="26" count="3" type="cond" truecount="1" falsecount="0"/>
        <line num="27" count="3" type="stmt"/>
        <line num="48" count="2" type="stmt"/>
        <line num="49" count="172" type="stmt"/>
        <line num="96" count="2" type="stmt"/>
        <line num="97" count="172" type="stmt"/>
        <line num="99" count="172" type="stmt"/>
        <line num="100" count="0" type="stmt"/>
      </file>
      <file name="SuiteDetails.tsx" path="C:\Users\tawin\OneDrive\Desktop\Day Seven\components\suites\SuiteDetails.tsx">
        <metrics statements="4" coveredstatements="0" conditionals="3" coveredconditionals="0" methods="9" coveredmethods="0"/>
        <line num="7" count="0" type="stmt"/>
        <line num="33" count="0" type="stmt"/>
        <line num="47" count="0" type="stmt"/>
        <line num="92" count="0" type="stmt"/>
      </file>
      <file name="SuiteGrid.tsx" path="C:\Users\tawin\OneDrive\Desktop\Day Seven\components\suites\SuiteGrid.tsx">
        <metrics statements="9" coveredstatements="9" conditionals="0" coveredconditionals="0" methods="2" coveredmethods="2"/>
        <line num="1" count="1" type="stmt"/>
        <line num="2" count="1" type="stmt"/>
        <line num="3" count="1" type="stmt"/>
        <line num="4" count="1" type="stmt"/>
        <line num="5" count="1" type="stmt"/>
        <line num="11" count="10" type="stmt"/>
        <line num="12" count="10" type="stmt"/>
        <line num="13" count="10" type="stmt"/>
        <line num="18" count="40" type="stmt"/>
      </file>
    </package>
    <package name="components.ui">
      <metrics statements="87" coveredstatements="36" conditionals="40" coveredconditionals="8" methods="38" coveredmethods="8"/>
      <file name="AnimationWrapper.tsx" path="C:\Users\tawin\OneDrive\Desktop\Day Seven\components\ui\AnimationWrapper.tsx">
        <metrics statements="19" coveredstatements="10" conditionals="19" coveredconditionals="5" methods="11" coveredmethods="4"/>
        <line num="1" count="1" type="stmt"/>
        <line num="10" count="40" type="stmt"/>
        <line num="16" count="40" type="stmt"/>
        <line num="17" count="40" type="stmt"/>
        <line num="19" count="40" type="stmt"/>
        <line num="20" count="40" type="stmt"/>
        <line num="22" count="0" type="cond" truecount="0" falsecount="1"/>
        <line num="23" count="0" type="stmt"/>
        <line num="24" count="0" type="stmt"/>
        <line num="30" count="40" type="cond" truecount="1" falsecount="0"/>
        <line num="31" count="40" type="stmt"/>
        <line num="34" count="40" type="stmt"/>
        <line num="53" count="40" type="cond" truecount="1" falsecount="0"/>
        <line num="64" count="0" type="stmt"/>
        <line num="69" count="0" type="stmt"/>
        <line num="71" count="0" type="stmt"/>
        <line num="72" count="0" type="stmt"/>
        <line num="73" count="0" type="stmt"/>
        <line num="89" count="0" type="stmt"/>
      </file>
      <file name="ErrorBoundary.tsx" path="C:\Users\tawin\OneDrive\Desktop\Day Seven\components\ui\ErrorBoundary.tsx">
        <metrics statements="14" coveredstatements="0" conditionals="2" coveredconditionals="0" methods="7" coveredmethods="0"/>
        <line num="1" count="0" type="stmt"/>
        <line num="2" count="0" type="stmt"/>
        <line num="15" count="0" type="stmt"/>
        <line num="21" count="0" type="stmt"/>
        <line num="25" count="0" type="stmt"/>
        <line num="26" count="0" type="stmt"/>
        <line num="30" count="0" type="stmt"/>
        <line num="34" count="0" type="cond" truecount="0" falsecount="1"/>
        <line num="35" count="0" type="cond" truecount="0" falsecount="1"/>
        <line num="36" count="0" type="stmt"/>
        <line num="59" count="0" type="stmt"/>
        <line num="63" count="0" type="stmt"/>
        <line num="75" count="0" type="stmt"/>
        <line num="90" count="0" type="stmt"/>
      </file>
      <file name="LazySection.tsx" path="C:\Users\tawin\OneDrive\Desktop\Day Seven\components\ui\LazySection.tsx">
        <metrics statements="18" coveredstatements="0" conditionals="13" coveredconditionals="0" methods="6" coveredmethods="0"/>
        <line num="1" count="0" type="stmt"/>
        <line num="2" count="0" type="stmt"/>
        <line num="11" count="0" type="stmt"/>
        <line num="17" count="0" type="stmt"/>
        <line num="43" count="0" type="stmt"/>
        <line num="54" count="0" type="stmt"/>
        <line num="55" count="0" type="stmt"/>
        <line num="56" count="0" type="stmt"/>
        <line num="58" count="0" type="stmt"/>
        <line num="59" count="0" type="cond" truecount="0" falsecount="3"/>
        <line num="60" count="0" type="stmt"/>
        <line num="61" count="0" type="stmt"/>
        <line num="62" count="0" type="stmt"/>
        <line num="63" count="0" type="stmt"/>
        <line num="65" count="0" type="stmt"/>
        <line num="66" count="0" type="stmt"/>
        <line num="67" count="0" type="stmt"/>
        <line num="69" count="0" type="stmt"/>
      </file>
      <file name="LazyWrapper.tsx" path="C:\Users\tawin\OneDrive\Desktop\Day Seven\components\ui\LazyWrapper.tsx">
        <metrics statements="4" coveredstatements="0" conditionals="2" coveredconditionals="0" methods="4" coveredmethods="0"/>
        <line num="1" count="0" type="stmt"/>
        <line num="9" count="0" type="stmt"/>
        <line num="33" count="0" type="stmt"/>
        <line num="52" count="0" type="stmt"/>
      </file>
      <file name="button.tsx" path="C:\Users\tawin\OneDrive\Desktop\Day Seven\components\ui\button.tsx">
        <metrics statements="7" coveredstatements="7" conditionals="3" coveredconditionals="2" methods="1" coveredmethods="1"/>
        <line num="1" count="2" type="stmt"/>
        <line num="2" count="2" type="stmt"/>
        <line num="3" count="2" type="stmt"/>
        <line num="5" count="2" type="stmt"/>
        <line num="7" count="2" type="stmt"/>
        <line num="48" count="173" type="cond" truecount="1" falsecount="1"/>
        <line num="59" count="173" type="stmt"/>
      </file>
      <file name="calendar.tsx" path="C:\Users\tawin\OneDrive\Desktop\Day Seven\components\ui\calendar.tsx">
        <metrics statements="6" coveredstatements="6" conditionals="1" coveredconditionals="1" methods="1" coveredmethods="1"/>
        <line num="4" count="1" type="stmt"/>
        <line num="5" count="1" type="stmt"/>
        <line num="7" count="1" type="stmt"/>
        <line num="8" count="1" type="stmt"/>
        <line num="58" count="1" type="stmt"/>
        <line num="60" count="4" type="stmt"/>
      </file>
      <file name="card.tsx" path="C:\Users\tawin\OneDrive\Desktop\Day Seven\components\ui\card.tsx">
        <metrics statements="9" coveredstatements="4" conditionals="0" coveredconditionals="0" methods="7" coveredmethods="2"/>
        <line num="1" count="2" type="stmt"/>
        <line num="3" count="2" type="stmt"/>
        <line num="85" count="177" type="stmt"/>
        <line num="86" count="0" type="stmt"/>
        <line num="87" count="0" type="stmt"/>
        <line num="88" count="0" type="stmt"/>
        <line num="89" count="0" type="stmt"/>
        <line num="90" count="0" type="stmt"/>
        <line num="91" count="177" type="stmt"/>
      </file>
      <file name="input.tsx" path="C:\Users\tawin\OneDrive\Desktop\Day Seven\components\ui\input.tsx">
        <metrics statements="3" coveredstatements="2" conditionals="0" coveredconditionals="0" methods="1" coveredmethods="0"/>
        <line num="1" count="1" type="stmt"/>
        <line num="3" count="1" type="stmt"/>
        <line num="21" count="0" type="stmt"/>
      </file>
      <file name="label.tsx" path="C:\Users\tawin\OneDrive\Desktop\Day Seven\components\ui\label.tsx">
        <metrics statements="7" coveredstatements="7" conditionals="0" coveredconditionals="0" methods="0" coveredmethods="0"/>
        <line num="3" count="1" type="stmt"/>
        <line num="4" count="1" type="stmt"/>
        <line num="5" count="1" type="stmt"/>
        <line num="7" count="1" type="stmt"/>
        <line num="9" count="1" type="stmt"/>
        <line num="17" count="1" type="stmt"/>
        <line num="19" count="1" type="stmt"/>
      </file>
    </package>
    <package name="data">
      <metrics statements="17" coveredstatements="13" conditionals="0" coveredconditionals="0" methods="8" coveredmethods="0"/>
      <file name="suites.ts" path="C:\Users\tawin\OneDrive\Desktop\Day Seven\data\suites.ts">
        <metrics statements="11" coveredstatements="7" conditionals="0" coveredconditionals="0" methods="8" coveredmethods="0"/>
        <line num="1" count="1" type="stmt"/>
        <line num="2" count="1" type="stmt"/>
        <line num="10" count="40" type="stmt"/>
        <line num="94" count="1" type="stmt"/>
        <line num="95" count="0" type="stmt"/>
        <line num="98" count="1" type="stmt"/>
        <line num="99" count="0" type="stmt"/>
        <line num="102" count="1" type="stmt"/>
        <line num="103" count="0" type="stmt"/>
        <line num="106" count="1" type="stmt"/>
        <line num="107" count="0" type="stmt"/>
      </file>
      <file name="types.ts" path="C:\Users\tawin\OneDrive\Desktop\Day Seven\data\types.ts">
        <metrics statements="6" coveredstatements="6" conditionals="0" coveredconditionals="0" methods="0" coveredmethods="0"/>
        <line num="60" count="42" type="stmt"/>
        <line num="66" count="4" type="stmt"/>
        <line num="73" count="20" type="stmt"/>
        <line num="79" count="41" type="stmt"/>
        <line num="80" count="8" type="stmt"/>
        <line num="81" count="4" type="stmt"/>
      </file>
    </package>
    <package name="hooks">
      <metrics statements="152" coveredstatements="93" conditionals="50" coveredconditionals="27" methods="50" coveredmethods="32"/>
      <file name="useBooking.ts" path="C:\Users\tawin\OneDrive\Desktop\Day Seven\hooks\useBooking.ts">
        <metrics statements="62" coveredstatements="54" conditionals="25" coveredconditionals="18" methods="21" coveredmethods="19"/>
        <line num="1" count="2" type="stmt"/>
        <line num="3" count="2" type="stmt"/>
        <line num="4" count="2" type="stmt"/>
        <line num="11" count="2" type="stmt"/>
        <line num="17" count="2" type="stmt"/>
        <line num="26" count="62" type="stmt"/>
        <line num="27" count="62" type="stmt"/>
        <line num="30" count="62" type="stmt"/>
        <line num="31" count="4" type="stmt"/>
        <line num="39" count="62" type="stmt"/>
        <line num="40" count="3" type="stmt"/>
        <line num="47" count="62" type="stmt"/>
        <line num="48" count="4" type="stmt"/>
        <line num="55" count="62" type="stmt"/>
        <line num="56" count="21" type="stmt"/>
        <line num="59" count="21" type="cond" truecount="1" falsecount="0"/>
        <line num="60" count="5" type="stmt"/>
        <line num="63" count="21" type="stmt"/>
        <line num="78" count="62" type="stmt"/>
        <line num="79" count="5" type="stmt"/>
        <line num="81" count="5" type="cond" truecount="3" falsecount="0"/>
        <line num="83" count="1" type="cond" truecount="1" falsecount="1"/>
        <line num="84" count="1" type="stmt"/>
        <line num="85" count="0" type="cond" truecount="0" falsecount="2"/>
        <line num="86" count="0" type="stmt"/>
        <line num="87" count="0" type="cond" truecount="0" falsecount="1"/>
        <line num="88" count="0" type="stmt"/>
        <line num="90" count="1" type="stmt"/>
        <line num="93" count="3" type="cond" truecount="1" falsecount="1"/>
        <line num="94" count="0" type="stmt"/>
        <line num="95" count="3" type="cond" truecount="1" falsecount="0"/>
        <line num="96" count="2" type="stmt"/>
        <line num="98" count="3" type="stmt"/>
        <line num="101" count="1" type="stmt"/>
        <line num="102" count="1" type="cond" truecount="1" falsecount="1"/>
        <line num="103" count="0" type="stmt"/>
        <line num="104" count="1" type="cond" truecount="1" falsecount="0"/>
        <line num="105" count="1" type="stmt"/>
        <line num="107" count="1" type="stmt"/>
        <line num="110" count="5" type="stmt"/>
        <line num="120" count="62" type="stmt"/>
        <line num="121" count="1" type="stmt"/>
        <line num="122" count="1" type="cond" truecount="1" falsecount="0"/>
        <line num="123" count="1" type="stmt"/>
        <line num="124" count="1" type="stmt"/>
        <line num="125" count="3" type="cond" truecount="0" falsecount="1"/>
        <line num="126" count="3" type="cond" truecount="1" falsecount="0"/>
        <line num="127" count="3" type="cond" truecount="1" falsecount="0"/>
        <line num="130" count="1" type="stmt"/>
        <line num="134" count="1" type="stmt"/>
        <line num="136" count="0" type="stmt"/>
        <line num="140" count="62" type="stmt"/>
        <line num="141" count="6" type="stmt"/>
        <line num="147" count="62" type="stmt"/>
        <line num="148" count="2" type="stmt"/>
        <line num="154" count="62" type="stmt"/>
        <line num="155" count="0" type="stmt"/>
        <line num="162" count="62" type="stmt"/>
        <line num="163" count="1" type="stmt"/>
        <line num="168" count="62" type="cond" truecount="4" falsecount="0"/>
        <line num="174" count="62" type="cond" truecount="2" falsecount="0"/>
        <line num="176" count="62" type="stmt"/>
      </file>
      <file name="useIntersectionObserver.ts" path="C:\Users\tawin\OneDrive\Desktop\Day Seven\hooks\useIntersectionObserver.ts">
        <metrics statements="43" coveredstatements="0" conditionals="13" coveredconditionals="0" methods="12" coveredmethods="0"/>
        <line num="1" count="0" type="stmt"/>
        <line num="9" count="0" type="stmt"/>
        <line num="12" count="0" type="cond" truecount="0" falsecount="3"/>
        <line num="13" count="0" type="stmt"/>
        <line num="14" count="0" type="stmt"/>
        <line num="15" count="0" type="stmt"/>
        <line num="17" count="0" type="stmt"/>
        <line num="18" count="0" type="stmt"/>
        <line num="19" count="0" type="cond" truecount="0" falsecount="1"/>
        <line num="21" count="0" type="stmt"/>
        <line num="23" count="0" type="stmt"/>
        <line num="24" count="0" type="stmt"/>
        <line num="26" count="0" type="cond" truecount="0" falsecount="3"/>
        <line num="27" count="0" type="stmt"/>
        <line num="28" count="0" type="cond" truecount="0" falsecount="1"/>
        <line num="29" count="0" type="stmt"/>
        <line num="36" count="0" type="stmt"/>
        <line num="38" count="0" type="stmt"/>
        <line num="39" count="0" type="stmt"/>
        <line num="43" count="0" type="stmt"/>
        <line num="50" count="0" type="stmt"/>
        <line num="51" count="0" type="stmt"/>
        <line num="53" count="0" type="stmt"/>
        <line num="54" count="0" type="stmt"/>
        <line num="55" count="0" type="stmt"/>
        <line num="56" count="0" type="cond" truecount="0" falsecount="2"/>
        <line num="57" count="0" type="stmt"/>
        <line num="59" count="0" type="stmt"/>
        <line num="61" count="0" type="stmt"/>
        <line num="65" count="0" type="stmt"/>
        <line num="67" count="0" type="stmt"/>
        <line num="70" count="0" type="stmt"/>
        <line num="71" count="0" type="stmt"/>
        <line num="72" count="0" type="stmt"/>
        <line num="74" count="0" type="stmt"/>
        <line num="75" count="0" type="stmt"/>
        <line num="76" count="0" type="cond" truecount="0" falsecount="1"/>
        <line num="80" count="0" type="cond" truecount="0" falsecount="1"/>
        <line num="81" count="0" type="stmt"/>
        <line num="82" count="0" type="stmt"/>
        <line num="88" count="0" type="stmt"/>
        <line num="90" count="0" type="stmt"/>
        <line num="93" count="0" type="stmt"/>
      </file>
      <file name="useScroll.ts" path="C:\Users\tawin\OneDrive\Desktop\Day Seven\hooks\useScroll.ts">
        <metrics statements="21" coveredstatements="15" conditionals="3" coveredconditionals="0" methods="7" coveredmethods="5"/>
        <line num="1" count="1" type="stmt"/>
        <line num="8" count="0" type="stmt"/>
        <line num="9" count="10" type="stmt"/>
        <line num="11" count="10" type="stmt"/>
        <line num="12" count="10" type="stmt"/>
        <line num="14" count="10" type="stmt"/>
        <line num="15" count="0" type="stmt"/>
        <line num="16" count="0" type="stmt"/>
        <line num="19" count="10" type="stmt"/>
        <line num="20" count="0" type="cond" truecount="0" falsecount="1"/>
        <line num="21" count="0" type="stmt"/>
        <line num="22" count="0" type="stmt"/>
        <line num="26" count="10" type="stmt"/>
        <line num="28" count="10" type="stmt"/>
        <line num="29" count="10" type="stmt"/>
        <line num="33" count="10" type="stmt"/>
        <line num="39" count="10" type="stmt"/>
        <line num="40" count="10" type="stmt"/>
        <line num="43" count="10" type="cond" truecount="0" falsecount="2"/>
        <line num="44" count="40" type="stmt"/>
        <line num="47" count="10" type="stmt"/>
      </file>
      <file name="useSuiteSelection.ts" path="C:\Users\tawin\OneDrive\Desktop\Day Seven\hooks\useSuiteSelection.ts">
        <metrics statements="26" coveredstatements="24" conditionals="9" coveredconditionals="9" methods="10" coveredmethods="8"/>
        <line num="1" count="1" type="stmt"/>
        <line num="3" count="1" type="stmt"/>
        <line num="4" count="1" type="stmt"/>
        <line num="11" count="10" type="stmt"/>
        <line num="12" count="10" type="stmt"/>
        <line num="15" count="10" type="stmt"/>
        <line num="16" count="0" type="stmt"/>
        <line num="20" count="10" type="stmt"/>
        <line num="22" count="40" type="stmt"/>
        <line num="23" count="40" type="stmt"/>
        <line num="25" count="40" type="cond" truecount="2" falsecount="0"/>
        <line num="26" count="10" type="stmt"/>
        <line num="27" count="30" type="cond" truecount="4" falsecount="0"/>
        <line num="28" count="10" type="stmt"/>
        <line num="29" count="20" type="cond" truecount="3" falsecount="0"/>
        <line num="30" count="10" type="stmt"/>
        <line num="32" count="10" type="stmt"/>
        <line num="36" count="10" type="stmt"/>
        <line num="37" count="40" type="stmt"/>
        <line num="40" count="10" type="stmt"/>
        <line num="41" count="40" type="stmt"/>
        <line num="44" count="10" type="stmt"/>
        <line num="45" count="40" type="stmt"/>
        <line num="49" count="10" type="stmt"/>
        <line num="50" count="0" type="stmt"/>
        <line num="53" count="10" type="stmt"/>
      </file>
    </package>
    <package name="lib">
      <metrics statements="48" coveredstatements="29" conditionals="24" coveredconditionals="6" methods="14" coveredmethods="7"/>
      <file name="env.ts" path="C:\Users\tawin\OneDrive\Desktop\Day Seven\lib\env.ts">
        <metrics statements="6" coveredstatements="5" conditionals="6" coveredconditionals="5" methods="2" coveredmethods="2"/>
        <line num="7" count="21" type="cond" truecount="2" falsecount="0"/>
        <line num="8" count="21" type="cond" truecount="0" falsecount="1"/>
        <line num="9" count="0" type="stmt"/>
        <line num="11" count="21" type="stmt"/>
        <line num="15" count="1" type="cond" truecount="2" falsecount="0"/>
        <line num="18" count="4" type="stmt"/>
      </file>
      <file name="seo.ts" path="C:\Users\tawin\OneDrive\Desktop\Day Seven\lib\seo.ts">
        <metrics statements="12" coveredstatements="0" conditionals="14" coveredconditionals="0" methods="5" coveredmethods="0"/>
        <line num="3" count="0" type="stmt"/>
        <line num="5" count="0" type="stmt"/>
        <line num="6" count="0" type="stmt"/>
        <line num="7" count="0" type="cond" truecount="0" falsecount="2"/>
        <line num="9" count="0" type="stmt"/>
        <line num="50" count="0" type="stmt"/>
        <line num="51" count="0" type="stmt"/>
        <line num="104" count="0" type="stmt"/>
        <line num="105" count="0" type="stmt"/>
        <line num="108" count="0" type="stmt"/>
        <line num="117" count="0" type="stmt"/>
        <line num="118" count="0" type="stmt"/>
      </file>
      <file name="utils.ts" path="C:\Users\tawin\OneDrive\Desktop\Day Seven\lib\utils.ts">
        <metrics statements="4" coveredstatements="4" conditionals="0" coveredconditionals="0" methods="1" coveredmethods="1"/>
        <line num="1" count="2" type="stmt"/>
        <line num="2" count="2" type="stmt"/>
        <line num="4" count="540" type="stmt"/>
        <line num="5" count="540" type="stmt"/>
      </file>
      <file name="validations.ts" path="C:\Users\tawin\OneDrive\Desktop\Day Seven\lib\validations.ts">
        <metrics statements="26" coveredstatements="20" conditionals="4" coveredconditionals="1" methods="6" coveredmethods="4"/>
        <line num="1" count="2" type="stmt"/>
        <line num="9" count="2" type="stmt"/>
        <line num="32" count="2" type="stmt"/>
        <line num="36" count="0" type="cond" truecount="0" falsecount="1"/>
        <line num="37" count="0" type="stmt"/>
        <line num="39" count="0" type="stmt"/>
        <line num="46" count="2" type="stmt"/>
        <line num="55" count="2" type="stmt"/>
        <line num="59" count="0" type="stmt"/>
        <line num="65" count="2" type="stmt"/>
        <line num="85" count="1" type="stmt"/>
        <line num="86" count="1" type="stmt"/>
        <line num="88" count="1" type="cond" truecount="0" falsecount="1"/>
        <line num="89" count="0" type="stmt"/>
        <line num="92" count="1" type="stmt"/>
        <line num="94" count="3" type="stmt"/>
        <line num="101" count="6" type="stmt"/>
        <line num="103" count="6" type="stmt"/>
        <line num="106" count="6" type="cond" truecount="0" falsecount="1"/>
        <line num="107" count="0" type="stmt"/>
        <line num="111" count="6" type="cond" truecount="1" falsecount="0"/>
        <line num="112" count="1" type="stmt"/>
        <line num="115" count="5" type="stmt"/>
        <line num="121" count="3" type="stmt"/>
        <line num="122" count="3" type="stmt"/>
        <line num="123" count="3" type="stmt"/>
      </file>
    </package>
    <package name="utils">
      <metrics statements="54" coveredstatements="34" conditionals="20" coveredconditionals="15" methods="13" coveredmethods="6"/>
      <file name="pricing.ts" path="C:\Users\tawin\OneDrive\Desktop\Day Seven\utils\pricing.ts">
        <metrics statements="31" coveredstatements="31" conditionals="13" coveredconditionals="13" methods="5" coveredmethods="5"/>
        <line num="2" count="3" type="stmt"/>
        <line num="9" count="58" type="stmt"/>
        <line num="10" count="61" type="cond" truecount="1" falsecount="0"/>
        <line num="11" count="55" type="cond" truecount="1" falsecount="0"/>
        <line num="12" count="48" type="cond" truecount="1" falsecount="0"/>
        <line num="13" count="41" type="stmt"/>
        <line num="16" count="6" type="stmt"/>
        <line num="17" count="37" type="cond" truecount="3" falsecount="0"/>
        <line num="19" count="25" type="stmt"/>
        <line num="20" count="25" type="stmt"/>
        <line num="23" count="34" type="stmt"/>
        <line num="29" count="34" type="cond" truecount="1" falsecount="0"/>
        <line num="30" count="3" type="stmt"/>
        <line num="31" count="3" type="stmt"/>
        <line num="40" count="31" type="stmt"/>
        <line num="41" count="31" type="cond" truecount="1" falsecount="0"/>
        <line num="42" count="9" type="stmt"/>
        <line num="45" count="22" type="stmt"/>
        <line num="46" count="22" type="stmt"/>
        <line num="48" count="22" type="cond" truecount="2" falsecount="0"/>
        <line num="49" count="1" type="stmt"/>
        <line num="50" count="1" type="stmt"/>
        <line num="51" count="21" type="cond" truecount="2" falsecount="0"/>
        <line num="52" count="8" type="stmt"/>
        <line num="53" count="8" type="stmt"/>
        <line num="55" count="13" type="stmt"/>
        <line num="58" count="22" type="stmt"/>
        <line num="65" count="8" type="stmt"/>
        <line num="66" count="8" type="stmt"/>
        <line num="69" count="121" type="stmt"/>
        <line num="70" count="121" type="stmt"/>
      </file>
      <file name="time.ts" path="C:\Users\tawin\OneDrive\Desktop\Day Seven\utils\time.ts">
        <metrics statements="23" coveredstatements="3" conditionals="7" coveredconditionals="2" methods="8" coveredmethods="1"/>
        <line num="6" count="0" type="stmt"/>
        <line num="7" count="0" type="stmt"/>
        <line num="10" count="50" type="cond" truecount="0" falsecount="1"/>
        <line num="11" count="50" type="stmt"/>
        <line num="12" count="50" type="cond" truecount="2" falsecount="0"/>
        <line num="15" count="0" type="stmt"/>
        <line num="18" count="0" type="stmt"/>
        <line num="21" count="0" type="stmt"/>
        <line num="22" count="0" type="stmt"/>
        <line num="25" count="0" type="stmt"/>
        <line num="26" count="0" type="stmt"/>
        <line num="33" count="0" type="stmt"/>
        <line num="34" count="0" type="stmt"/>
        <line num="35" count="0" type="stmt"/>
        <line num="36" count="0" type="stmt"/>
        <line num="39" count="0" type="stmt"/>
        <line num="40" count="0" type="stmt"/>
        <line num="47" count="0" type="stmt"/>
        <line num="48" count="0" type="stmt"/>
        <line num="49" count="0" type="stmt"/>
        <line num="51" count="0" type="cond" truecount="0" falsecount="1"/>
        <line num="52" count="0" type="stmt"/>
        <line num="55" count="0" type="stmt"/>
      </file>
    </package>
  </project>
</coverage>
