{"C:\\Users\\tawin\\OneDrive\\Desktop\\Day Seven\\app\\layout.tsx": {"path":"C:\\Users\\tawin\\OneDrive\\Desktop\\Day Seven\\app\\layout.tsx","statementMap":{"0":{"start":{"line":89,"column":24},"end":{"line":89,"column":35}},"1":{"start":{"line":21,"column":13},"end":{"line":21,"column":34}},"2":{"start":{"line":3,"column":40},"end":{"line":3,"column":null}},"3":{"start":{"line":4,"column":26},"end":{"line":4,"column":null}},"4":{"start":{"line":5,"column":25},"end":{"line":5,"column":null}},"5":{"start":{"line":6,"column":20},"end":{"line":6,"column":null}},"6":{"start":{"line":7,"column":7},"end":{"line":7,"column":null}},"7":{"start":{"line":9,"column":14},"end":{"line":13,"column":null}},"8":{"start":{"line":15,"column":17},"end":{"line":19,"column":null}},"9":{"start":{"line":21,"column":34},"end":{"line":87,"column":null}}},"fnMap":{"0":{"name":"RootLayout","decl":{"start":{"line":89,"column":24},"end":{"line":89,"column":35}},"loc":{"start":{"line":93,"column":2},"end":{"line":162,"column":null}}}},"branchMap":{"0":{"loc":{"start":{"line":84,"column":12},"end":{"line":84,"column":null}},"type":"binary-expr","locations":[{"start":{"line":84,"column":12},"end":{"line":84,"column":39}},{"start":{"line":84,"column":43},"end":{"line":84,"column":null}}]}},"s":{"0":0,"1":0,"2":0,"3":0,"4":0,"5":0,"6":0,"7":0,"8":0,"9":0},"f":{"0":0},"b":{"0":[0,0]}}
,"C:\\Users\\tawin\\OneDrive\\Desktop\\Day Seven\\app\\page-monolithic.tsx": {"path":"C:\\Users\\tawin\\OneDrive\\Desktop\\Day Seven\\app\\page-monolithic.tsx","statementMap":{"0":{"start":{"line":96,"column":24},"end":{"line":96,"column":null}},"1":{"start":{"line":3,"column":36},"end":{"line":3,"column":null}},"2":{"start":{"line":4,"column":20},"end":{"line":4,"column":null}},"3":{"start":{"line":5,"column":89},"end":{"line":5,"column":null}},"4":{"start":{"line":6,"column":23},"end":{"line":6,"column":null}},"5":{"start":{"line":7,"column":34},"end":{"line":7,"column":null}},"6":{"start":{"line":8,"column":25},"end":{"line":8,"column":null}},"7":{"start":{"line":9,"column":22},"end":{"line":9,"column":null}},"8":{"start":{"line":10,"column":22},"end":{"line":10,"column":null}},"9":{"start":{"line":11,"column":26},"end":{"line":11,"column":null}},"10":{"start":{"line":26,"column":7},"end":{"line":26,"column":null}},"11":{"start":{"line":28,"column":15},"end":{"line":94,"column":null}},"12":{"start":{"line":97,"column":44},"end":{"line":97,"column":null}},"13":{"start":{"line":98,"column":40},"end":{"line":98,"column":null}},"14":{"start":{"line":99,"column":44},"end":{"line":99,"column":null}},"15":{"start":{"line":100,"column":36},"end":{"line":100,"column":null}},"16":{"start":{"line":101,"column":50},"end":{"line":101,"column":null}},"17":{"start":{"line":102,"column":32},"end":{"line":102,"column":null}},"18":{"start":{"line":103,"column":40},"end":{"line":103,"column":null}},"19":{"start":{"line":104,"column":44},"end":{"line":104,"column":null}},"20":{"start":{"line":106,"column":2},"end":{"line":110,"column":null}},"21":{"start":{"line":107,"column":25},"end":{"line":107,"column":null}},"22":{"start":{"line":107,"column":31},"end":{"line":107,"column":null}},"23":{"start":{"line":108,"column":4},"end":{"line":108,"column":null}},"24":{"start":{"line":109,"column":4},"end":{"line":109,"column":null}},"25":{"start":{"line":109,"column":17},"end":{"line":109,"column":null}},"26":{"start":{"line":112,"column":2},"end":{"line":115,"column":null}},"27":{"start":{"line":113,"column":18},"end":{"line":113,"column":null}},"28":{"start":{"line":113,"column":36},"end":{"line":113,"column":64}},"29":{"start":{"line":114,"column":4},"end":{"line":114,"column":null}},"30":{"start":{"line":114,"column":17},"end":{"line":114,"column":null}},"31":{"start":{"line":117,"column":20},"end":{"line":120,"column":null}},"32":{"start":{"line":118,"column":17},"end":{"line":118,"column":null}},"33":{"start":{"line":119,"column":4},"end":{"line":119,"column":null}},"34":{"start":{"line":122,"column":31},"end":{"line":135,"column":null}},"35":{"start":{"line":124,"column":6},"end":{"line":124,"column":null}},"36":{"start":{"line":125,"column":20},"end":{"line":125,"column":null}},"37":{"start":{"line":127,"column":4},"end":{"line":133,"column":null}},"38":{"start":{"line":128,"column":6},"end":{"line":128,"column":null}},"39":{"start":{"line":129,"column":11},"end":{"line":133,"column":null}},"40":{"start":{"line":130,"column":6},"end":{"line":130,"column":null}},"41":{"start":{"line":131,"column":11},"end":{"line":133,"column":null}},"42":{"start":{"line":132,"column":6},"end":{"line":132,"column":null}},"43":{"start":{"line":134,"column":4},"end":{"line":134,"column":null}},"44":{"start":{"line":137,"column":28},"end":{"line":137,"column":null}},"45":{"start":{"line":137,"column":51},"end":{"line":137,"column":null}},"46":{"start":{"line":139,"column":30},"end":{"line":144,"column":null}},"47":{"start":{"line":140,"column":4},"end":{"line":140,"column":null}},"48":{"start":{"line":140,"column":21},"end":{"line":140,"column":null}},"49":{"start":{"line":141,"column":4},"end":{"line":141,"column":null}},"50":{"start":{"line":141,"column":21},"end":{"line":141,"column":null}},"51":{"start":{"line":142,"column":4},"end":{"line":142,"column":null}},"52":{"start":{"line":142,"column":21},"end":{"line":142,"column":null}},"53":{"start":{"line":146,"column":24},"end":{"line":171,"column":null}},"54":{"start":{"line":147,"column":4},"end":{"line":150,"column":null}},"55":{"start":{"line":148,"column":19},"end":{"line":148,"column":null}},"56":{"start":{"line":149,"column":6},"end":{"line":149,"column":null}},"57":{"start":{"line":152,"column":4},"end":{"line":152,"column":null}},"58":{"start":{"line":152,"column":50},"end":{"line":152,"column":null}},"59":{"start":{"line":154,"column":17},"end":{"line":154,"column":null}},"60":{"start":{"line":155,"column":18},"end":{"line":155,"column":null}},"61":{"start":{"line":157,"column":15},"end":{"line":157,"column":null}},"62":{"start":{"line":158,"column":19},"end":{"line":158,"column":null}},"63":{"start":{"line":160,"column":4},"end":{"line":168,"column":null}},"64":{"start":{"line":161,"column":6},"end":{"line":161,"column":null}},"65":{"start":{"line":162,"column":6},"end":{"line":162,"column":null}},"66":{"start":{"line":163,"column":11},"end":{"line":168,"column":null}},"67":{"start":{"line":164,"column":6},"end":{"line":164,"column":null}},"68":{"start":{"line":165,"column":6},"end":{"line":165,"column":null}},"69":{"start":{"line":167,"column":6},"end":{"line":167,"column":null}},"70":{"start":{"line":170,"column":4},"end":{"line":170,"column":null}},"71":{"start":{"line":174,"column":24},"end":{"line":213,"column":null}},"72":{"start":{"line":175,"column":22},"end":{"line":175,"column":null}},"73":{"start":{"line":177,"column":4},"end":{"line":210,"column":null}},"74":{"start":{"line":179,"column":8},"end":{"line":187,"column":null}},"75":{"start":{"line":180,"column":10},"end":{"line":180,"column":null}},"76":{"start":{"line":181,"column":15},"end":{"line":187,"column":null}},"77":{"start":{"line":182,"column":10},"end":{"line":182,"column":null}},"78":{"start":{"line":183,"column":15},"end":{"line":187,"column":null}},"79":{"start":{"line":184,"column":10},"end":{"line":184,"column":null}},"80":{"start":{"line":186,"column":10},"end":{"line":186,"column":null}},"81":{"start":{"line":188,"column":8},"end":{"line":188,"column":null}},"82":{"start":{"line":191,"column":8},"end":{"line":197,"column":null}},"83":{"start":{"line":192,"column":10},"end":{"line":192,"column":null}},"84":{"start":{"line":193,"column":15},"end":{"line":197,"column":null}},"85":{"start":{"line":194,"column":10},"end":{"line":194,"column":null}},"86":{"start":{"line":196,"column":10},"end":{"line":196,"column":null}},"87":{"start":{"line":198,"column":8},"end":{"line":198,"column":null}},"88":{"start":{"line":201,"column":26},"end":{"line":201,"column":null}},"89":{"start":{"line":202,"column":8},"end":{"line":208,"column":null}},"90":{"start":{"line":203,"column":10},"end":{"line":203,"column":null}},"91":{"start":{"line":204,"column":15},"end":{"line":208,"column":null}},"92":{"start":{"line":205,"column":10},"end":{"line":205,"column":null}},"93":{"start":{"line":207,"column":10},"end":{"line":207,"column":null}},"94":{"start":{"line":209,"column":8},"end":{"line":209,"column":null}},"95":{"start":{"line":212,"column":4},"end":{"line":212,"column":null}},"96":{"start":{"line":215,"column":28},"end":{"line":228,"column":null}},"97":{"start":{"line":216,"column":4},"end":{"line":218,"column":null}},"98":{"start":{"line":217,"column":6},"end":{"line":217,"column":null}},"99":{"start":{"line":220,"column":4},"end":{"line":220,"column":null}},"100":{"start":{"line":220,"column":26},"end":{"line":220,"column":null}},"101":{"start":{"line":223,"column":4},"end":{"line":227,"column":null}},"102":{"start":{"line":224,"column":24},"end":{"line":224,"column":null}},"103":{"start":{"line":225,"column":6},"end":{"line":225,"column":null}},"104":{"start":{"line":226,"column":6},"end":{"line":226,"column":null}},"105":{"start":{"line":230,"column":26},"end":{"line":232,"column":null}},"106":{"start":{"line":231,"column":4},"end":{"line":231,"column":null}},"107":{"start":{"line":234,"column":22},"end":{"line":248,"column":null}},"108":{"start":{"line":235,"column":23},"end":{"line":235,"column":null}},"109":{"start":{"line":236,"column":4},"end":{"line":246,"column":null}},"110":{"start":{"line":237,"column":45},"end":{"line":237,"column":null}},"111":{"start":{"line":238,"column":6},"end":{"line":243,"column":null}},"112":{"start":{"line":240,"column":8},"end":{"line":240,"column":null}},"113":{"start":{"line":240,"column":36},"end":{"line":240,"column":null}},"114":{"start":{"line":241,"column":8},"end":{"line":241,"column":null}},"115":{"start":{"line":241,"column":37},"end":{"line":241,"column":null}},"116":{"start":{"line":242,"column":8},"end":{"line":242,"column":null}},"117":{"start":{"line":242,"column":37},"end":{"line":242,"column":null}},"118":{"start":{"line":244,"column":6},"end":{"line":244,"column":null}},"119":{"start":{"line":245,"column":6},"end":{"line":245,"column":null}},"120":{"start":{"line":247,"column":4},"end":{"line":247,"column":null}},"121":{"start":{"line":250,"column":23},"end":{"line":257,"column":null}},"122":{"start":{"line":251,"column":4},"end":{"line":251,"column":null}},"123":{"start":{"line":252,"column":4},"end":{"line":252,"column":null}},"124":{"start":{"line":253,"column":4},"end":{"line":253,"column":null}},"125":{"start":{"line":254,"column":4},"end":{"line":254,"column":null}},"126":{"start":{"line":255,"column":4},"end":{"line":255,"column":null}},"127":{"start":{"line":256,"column":4},"end":{"line":256,"column":null}},"128":{"start":{"line":259,"column":2},"end":{"line":549,"column":null}},"129":{"start":{"line":260,"column":44},"end":{"line":260,"column":null}},"130":{"start":{"line":318,"column":20},"end":{"line":318,"column":36}},"131":{"start":{"line":354,"column":49},"end":{"line":354,"column":null}},"132":{"start":{"line":357,"column":70},"end":{"line":357,"column":77}},"133":{"start":{"line":358,"column":34},"end":{"line":358,"column":53}},"134":{"start":{"line":375,"column":47},"end":{"line":375,"column":null}},"135":{"start":{"line":390,"column":51},"end":{"line":390,"column":null}},"136":{"start":{"line":392,"column":50},"end":{"line":392,"column":null}},"137":{"start":{"line":409,"column":47},"end":{"line":409,"column":null}},"138":{"start":{"line":443,"column":45},"end":{"line":443,"column":null}},"139":{"start":{"line":444,"column":43},"end":{"line":444,"column":null}},"140":{"start":{"line":463,"column":45},"end":{"line":463,"column":null}},"141":{"start":{"line":464,"column":43},"end":{"line":464,"column":null}},"142":{"start":{"line":483,"column":45},"end":{"line":483,"column":null}},"143":{"start":{"line":484,"column":43},"end":{"line":484,"column":null}},"144":{"start":{"line":502,"column":41},"end":{"line":502,"column":null}},"145":{"start":{"line":509,"column":28},"end":{"line":511,"column":null}},"146":{"start":{"line":510,"column":30},"end":{"line":510,"column":null}},"147":{"start":{"line":567,"column":25},"end":{"line":567,"column":35}},"148":{"start":{"line":568,"column":12},"end":{"line":570,"column":null}},"149":{"start":{"line":605,"column":39},"end":{"line":605,"column":null}}},"fnMap":{"0":{"name":"HomePage","decl":{"start":{"line":96,"column":24},"end":{"line":96,"column":null}},"loc":{"start":{"line":96,"column":24},"end":{"line":751,"column":null}}},"1":{"name":"(anonymous_3)","decl":{"start":{"line":106,"column":12},"end":{"line":106,"column":null}},"loc":{"start":{"line":106,"column":12},"end":{"line":110,"column":5}}},"2":{"name":"(anonymous_4)","decl":{"start":{"line":107,"column":25},"end":{"line":107,"column":31}},"loc":{"start":{"line":107,"column":31},"end":{"line":107,"column":null}}},"3":{"name":"(anonymous_5)","decl":{"start":{"line":109,"column":11},"end":{"line":109,"column":17}},"loc":{"start":{"line":109,"column":17},"end":{"line":109,"column":null}}},"4":{"name":"(anonymous_6)","decl":{"start":{"line":112,"column":12},"end":{"line":112,"column":null}},"loc":{"start":{"line":112,"column":12},"end":{"line":115,"column":5}}},"5":{"name":"(anonymous_7)","decl":{"start":{"line":113,"column":30},"end":{"line":113,"column":36}},"loc":{"start":{"line":113,"column":36},"end":{"line":113,"column":64}}},"6":{"name":"(anonymous_8)","decl":{"start":{"line":114,"column":11},"end":{"line":114,"column":17}},"loc":{"start":{"line":114,"column":17},"end":{"line":114,"column":null}}},"7":{"name":"(anonymous_9)","decl":{"start":{"line":117,"column":20},"end":{"line":117,"column":null}},"loc":{"start":{"line":117,"column":20},"end":{"line":120,"column":null}}},"8":{"name":"(anonymous_10)","decl":{"start":{"line":122,"column":31},"end":{"line":122,"column":32}},"loc":{"start":{"line":122,"column":32},"end":{"line":135,"column":null}}},"9":{"name":"(anonymous_11)","decl":{"start":{"line":137,"column":40},"end":{"line":137,"column":41}},"loc":{"start":{"line":137,"column":51},"end":{"line":137,"column":null}}},"10":{"name":"(anonymous_12)","decl":{"start":{"line":139,"column":30},"end":{"line":139,"column":31}},"loc":{"start":{"line":139,"column":31},"end":{"line":144,"column":null}}},"11":{"name":"(anonymous_13)","decl":{"start":{"line":146,"column":24},"end":{"line":146,"column":null}},"loc":{"start":{"line":146,"column":24},"end":{"line":171,"column":null}}},"12":{"name":"(anonymous_14)","decl":{"start":{"line":174,"column":24},"end":{"line":174,"column":25}},"loc":{"start":{"line":174,"column":49},"end":{"line":213,"column":null}}},"13":{"name":"(anonymous_15)","decl":{"start":{"line":215,"column":28},"end":{"line":215,"column":29}},"loc":{"start":{"line":215,"column":53},"end":{"line":228,"column":null}}},"14":{"name":"(anonymous_16)","decl":{"start":{"line":220,"column":17},"end":{"line":220,"column":26}},"loc":{"start":{"line":220,"column":26},"end":{"line":220,"column":null}}},"15":{"name":"(anonymous_17)","decl":{"start":{"line":230,"column":26},"end":{"line":230,"column":27}},"loc":{"start":{"line":230,"column":51},"end":{"line":232,"column":null}}},"16":{"name":"(anonymous_18)","decl":{"start":{"line":234,"column":22},"end":{"line":234,"column":null}},"loc":{"start":{"line":234,"column":22},"end":{"line":248,"column":null}}},"17":{"name":"(anonymous_19)","decl":{"start":{"line":238,"column":32},"end":{"line":238,"column":null}},"loc":{"start":{"line":238,"column":32},"end":{"line":243,"column":null}}},"18":{"name":"(anonymous_20)","decl":{"start":{"line":250,"column":23},"end":{"line":250,"column":null}},"loc":{"start":{"line":250,"column":23},"end":{"line":257,"column":null}}},"19":{"name":"(anonymous_21)","decl":{"start":{"line":317,"column":52},"end":{"line":317,"column":53}},"loc":{"start":{"line":318,"column":20},"end":{"line":318,"column":36}}},"20":{"name":"(anonymous_22)","decl":{"start":{"line":354,"column":42},"end":{"line":354,"column":43}},"loc":{"start":{"line":354,"column":49},"end":{"line":354,"column":null}}},"21":{"name":"(anonymous_23)","decl":{"start":{"line":357,"column":60},"end":{"line":357,"column":61}},"loc":{"start":{"line":357,"column":70},"end":{"line":357,"column":77}}},"22":{"name":"(anonymous_24)","decl":{"start":{"line":357,"column":81},"end":{"line":357,"column":82}},"loc":{"start":{"line":358,"column":34},"end":{"line":358,"column":53}}},"23":{"name":"(anonymous_25)","decl":{"start":{"line":375,"column":41},"end":{"line":375,"column":47}},"loc":{"start":{"line":375,"column":47},"end":{"line":375,"column":null}}},"24":{"name":"(anonymous_26)","decl":{"start":{"line":390,"column":40},"end":{"line":390,"column":41}},"loc":{"start":{"line":390,"column":51},"end":{"line":390,"column":null}}},"25":{"name":"(anonymous_27)","decl":{"start":{"line":392,"column":40},"end":{"line":392,"column":41}},"loc":{"start":{"line":392,"column":50},"end":{"line":392,"column":null}}},"26":{"name":"(anonymous_28)","decl":{"start":{"line":409,"column":41},"end":{"line":409,"column":47}},"loc":{"start":{"line":409,"column":47},"end":{"line":409,"column":null}}},"27":{"name":"(anonymous_29)","decl":{"start":{"line":443,"column":38},"end":{"line":443,"column":39}},"loc":{"start":{"line":443,"column":45},"end":{"line":443,"column":null}}},"28":{"name":"(anonymous_30)","decl":{"start":{"line":444,"column":36},"end":{"line":444,"column":37}},"loc":{"start":{"line":444,"column":43},"end":{"line":444,"column":null}}},"29":{"name":"(anonymous_31)","decl":{"start":{"line":463,"column":38},"end":{"line":463,"column":39}},"loc":{"start":{"line":463,"column":45},"end":{"line":463,"column":null}}},"30":{"name":"(anonymous_32)","decl":{"start":{"line":464,"column":36},"end":{"line":464,"column":37}},"loc":{"start":{"line":464,"column":43},"end":{"line":464,"column":null}}},"31":{"name":"(anonymous_33)","decl":{"start":{"line":483,"column":38},"end":{"line":483,"column":39}},"loc":{"start":{"line":483,"column":45},"end":{"line":483,"column":null}}},"32":{"name":"(anonymous_34)","decl":{"start":{"line":484,"column":36},"end":{"line":484,"column":37}},"loc":{"start":{"line":484,"column":43},"end":{"line":484,"column":null}}},"33":{"name":"(anonymous_35)","decl":{"start":{"line":502,"column":35},"end":{"line":502,"column":41}},"loc":{"start":{"line":502,"column":41},"end":{"line":502,"column":null}}},"34":{"name":"(anonymous_36)","decl":{"start":{"line":508,"column":35},"end":{"line":508,"column":null}},"loc":{"start":{"line":508,"column":35},"end":{"line":512,"column":null}}},"35":{"name":"(anonymous_37)","decl":{"start":{"line":566,"column":22},"end":{"line":566,"column":23}},"loc":{"start":{"line":566,"column":30},"end":{"line":629,"column":null}}},"36":{"name":"(anonymous_38)","decl":{"start":{"line":605,"column":33},"end":{"line":605,"column":39}},"loc":{"start":{"line":605,"column":39},"end":{"line":605,"column":null}}}},"branchMap":{"0":{"loc":{"start":{"line":119,"column":11},"end":{"line":119,"column":null}},"type":"binary-expr","locations":[{"start":{"line":119,"column":11},"end":{"line":119,"column":25}},{"start":{"line":119,"column":25},"end":{"line":119,"column":null}}]},"1":{"loc":{"start":{"line":127,"column":4},"end":{"line":133,"column":null}},"type":"if","locations":[{"start":{"line":127,"column":4},"end":{"line":133,"column":null}},{"start":{"line":129,"column":11},"end":{"line":133,"column":null}}]},"2":{"loc":{"start":{"line":129,"column":11},"end":{"line":133,"column":null}},"type":"if","locations":[{"start":{"line":129,"column":11},"end":{"line":133,"column":null}},{"start":{"line":131,"column":11},"end":{"line":133,"column":null}}]},"3":{"loc":{"start":{"line":129,"column":15},"end":{"line":129,"column":55}},"type":"binary-expr","locations":[{"start":{"line":129,"column":15},"end":{"line":129,"column":45}},{"start":{"line":129,"column":45},"end":{"line":129,"column":55}}]},"4":{"loc":{"start":{"line":131,"column":11},"end":{"line":133,"column":null}},"type":"if","locations":[{"start":{"line":131,"column":11},"end":{"line":133,"column":null}}]},"5":{"loc":{"start":{"line":131,"column":15},"end":{"line":131,"column":54}},"type":"binary-expr","locations":[{"start":{"line":131,"column":15},"end":{"line":131,"column":45}},{"start":{"line":131,"column":45},"end":{"line":131,"column":54}}]},"6":{"loc":{"start":{"line":140,"column":4},"end":{"line":140,"column":null}},"type":"if","locations":[{"start":{"line":140,"column":4},"end":{"line":140,"column":null}}]},"7":{"loc":{"start":{"line":141,"column":4},"end":{"line":141,"column":null}},"type":"if","locations":[{"start":{"line":141,"column":4},"end":{"line":141,"column":null}}]},"8":{"loc":{"start":{"line":142,"column":4},"end":{"line":142,"column":null}},"type":"if","locations":[{"start":{"line":142,"column":4},"end":{"line":142,"column":null}}]},"9":{"loc":{"start":{"line":147,"column":4},"end":{"line":150,"column":null}},"type":"if","locations":[{"start":{"line":147,"column":4},"end":{"line":150,"column":null}}]},"10":{"loc":{"start":{"line":152,"column":4},"end":{"line":152,"column":null}},"type":"if","locations":[{"start":{"line":152,"column":4},"end":{"line":152,"column":null}}]},"11":{"loc":{"start":{"line":152,"column":8},"end":{"line":152,"column":48}},"type":"binary-expr","locations":[{"start":{"line":152,"column":8},"end":{"line":152,"column":27}},{"start":{"line":152,"column":31},"end":{"line":152,"column":48}}]},"12":{"loc":{"start":{"line":160,"column":4},"end":{"line":168,"column":null}},"type":"if","locations":[{"start":{"line":160,"column":4},"end":{"line":168,"column":null}},{"start":{"line":163,"column":11},"end":{"line":168,"column":null}}]},"13":{"loc":{"start":{"line":163,"column":11},"end":{"line":168,"column":null}},"type":"if","locations":[{"start":{"line":163,"column":11},"end":{"line":168,"column":null}},{"start":{"line":166,"column":11},"end":{"line":168,"column":null}}]},"14":{"loc":{"start":{"line":177,"column":4},"end":{"line":210,"column":null}},"type":"switch","locations":[{"start":{"line":178,"column":6},"end":{"line":188,"column":null}},{"start":{"line":190,"column":6},"end":{"line":198,"column":null}},{"start":{"line":200,"column":6},"end":{"line":209,"column":null}}]},"15":{"loc":{"start":{"line":179,"column":8},"end":{"line":187,"column":null}},"type":"if","locations":[{"start":{"line":179,"column":8},"end":{"line":187,"column":null}},{"start":{"line":181,"column":15},"end":{"line":187,"column":null}}]},"16":{"loc":{"start":{"line":181,"column":15},"end":{"line":187,"column":null}},"type":"if","locations":[{"start":{"line":181,"column":15},"end":{"line":187,"column":null}},{"start":{"line":183,"column":15},"end":{"line":187,"column":null}}]},"17":{"loc":{"start":{"line":183,"column":15},"end":{"line":187,"column":null}},"type":"if","locations":[{"start":{"line":183,"column":15},"end":{"line":187,"column":null}},{"start":{"line":185,"column":15},"end":{"line":187,"column":null}}]},"18":{"loc":{"start":{"line":191,"column":8},"end":{"line":197,"column":null}},"type":"if","locations":[{"start":{"line":191,"column":8},"end":{"line":197,"column":null}},{"start":{"line":193,"column":15},"end":{"line":197,"column":null}}]},"19":{"loc":{"start":{"line":193,"column":15},"end":{"line":197,"column":null}},"type":"if","locations":[{"start":{"line":193,"column":15},"end":{"line":197,"column":null}},{"start":{"line":195,"column":15},"end":{"line":197,"column":null}}]},"20":{"loc":{"start":{"line":202,"column":8},"end":{"line":208,"column":null}},"type":"if","locations":[{"start":{"line":202,"column":8},"end":{"line":208,"column":null}},{"start":{"line":204,"column":15},"end":{"line":208,"column":null}}]},"21":{"loc":{"start":{"line":204,"column":15},"end":{"line":208,"column":null}},"type":"if","locations":[{"start":{"line":204,"column":15},"end":{"line":208,"column":null}},{"start":{"line":206,"column":15},"end":{"line":208,"column":null}}]},"22":{"loc":{"start":{"line":216,"column":4},"end":{"line":218,"column":null}},"type":"if","locations":[{"start":{"line":216,"column":4},"end":{"line":218,"column":null}}]},"23":{"loc":{"start":{"line":223,"column":4},"end":{"line":227,"column":null}},"type":"if","locations":[{"start":{"line":223,"column":4},"end":{"line":227,"column":null}}]},"24":{"loc":{"start":{"line":236,"column":4},"end":{"line":246,"column":null}},"type":"if","locations":[{"start":{"line":236,"column":4},"end":{"line":246,"column":null}}]},"25":{"loc":{"start":{"line":240,"column":8},"end":{"line":240,"column":null}},"type":"if","locations":[{"start":{"line":240,"column":8},"end":{"line":240,"column":null}}]},"26":{"loc":{"start":{"line":241,"column":8},"end":{"line":241,"column":null}},"type":"if","locations":[{"start":{"line":241,"column":8},"end":{"line":241,"column":null}}]},"27":{"loc":{"start":{"line":242,"column":8},"end":{"line":242,"column":null}},"type":"if","locations":[{"start":{"line":242,"column":8},"end":{"line":242,"column":null}}]},"28":{"loc":{"start":{"line":259,"column":2},"end":{"line":549,"column":null}},"type":"if","locations":[{"start":{"line":259,"column":2},"end":{"line":549,"column":null}}]},"29":{"loc":{"start":{"line":259,"column":6},"end":{"line":259,"column":42}},"type":"binary-expr","locations":[{"start":{"line":259,"column":6},"end":{"line":259,"column":23}},{"start":{"line":259,"column":23},"end":{"line":259,"column":42}}]},"30":{"loc":{"start":{"line":282,"column":23},"end":{"line":282,"column":null}},"type":"binary-expr","locations":[{"start":{"line":282,"column":23},"end":{"line":282,"column":46}},{"start":{"line":282,"column":50},"end":{"line":282,"column":null}}]},"31":{"loc":{"start":{"line":326,"column":15},"end":{"line":326,"column":42}},"type":"binary-expr","locations":[{"start":{"line":326,"column":15},"end":{"line":326,"column":42}}]},"32":{"loc":{"start":{"line":341,"column":19},"end":{"line":341,"column":null}},"type":"binary-expr","locations":[{"start":{"line":341,"column":19},"end":{"line":341,"column":null}}]},"33":{"loc":{"start":{"line":344,"column":24},"end":{"line":384,"column":null}},"type":"cond-expr","locations":[{"start":{"line":344,"column":24},"end":{"line":384,"column":null}}]},"34":{"loc":{"start":{"line":359,"column":48},"end":{"line":359,"column":null}},"type":"cond-expr","locations":[{"start":{"line":359,"column":59},"end":{"line":359,"column":65}},{"start":{"line":359,"column":65},"end":{"line":359,"column":null}}]},"35":{"loc":{"start":{"line":367,"column":55},"end":{"line":367,"column":null}},"type":"cond-expr","locations":[{"start":{"line":367,"column":75},"end":{"line":367,"column":81}},{"start":{"line":367,"column":81},"end":{"line":367,"column":null}}]},"36":{"loc":{"start":{"line":390,"column":68},"end":{"line":390,"column":null}},"type":"binary-expr","locations":[{"start":{"line":390,"column":68},"end":{"line":390,"column":77}},{"start":{"line":390,"column":77},"end":{"line":390,"column":null}}]},"37":{"loc":{"start":{"line":396,"column":27},"end":{"line":396,"column":45}},"type":"binary-expr","locations":[{"start":{"line":396,"column":27},"end":{"line":396,"column":45}},{"start":{"line":396,"column":49},"end":{"line":396,"column":65}}]},"38":{"loc":{"start":{"line":402,"column":31},"end":{"line":402,"column":null}},"type":"binary-expr","locations":[{"start":{"line":402,"column":31},"end":{"line":402,"column":null}}]},"39":{"loc":{"start":{"line":404,"column":41},"end":{"line":404,"column":82}},"type":"cond-expr","locations":[{"start":{"line":404,"column":61},"end":{"line":404,"column":73}},{"start":{"line":404,"column":73},"end":{"line":404,"column":82}}]},"40":{"loc":{"start":{"line":421,"column":19},"end":{"line":421,"column":null}},"type":"binary-expr","locations":[{"start":{"line":421,"column":19},"end":{"line":421,"column":null}}]},"41":{"loc":{"start":{"line":446,"column":30},"end":{"line":446,"column":null}},"type":"cond-expr","locations":[{"start":{"line":446,"column":54},"end":{"line":446,"column":113}},{"start":{"line":446,"column":113},"end":{"line":446,"column":null}}]},"42":{"loc":{"start":{"line":449,"column":46},"end":{"line":449,"column":null}},"type":"cond-expr","locations":[{"start":{"line":449,"column":70},"end":{"line":449,"column":85}},{"start":{"line":449,"column":85},"end":{"line":449,"column":null}}]},"43":{"loc":{"start":{"line":451,"column":27},"end":{"line":451,"column":48}},"type":"binary-expr","locations":[{"start":{"line":451,"column":27},"end":{"line":451,"column":48}}]},"44":{"loc":{"start":{"line":466,"column":30},"end":{"line":466,"column":null}},"type":"cond-expr","locations":[{"start":{"line":466,"column":55},"end":{"line":466,"column":114}},{"start":{"line":466,"column":114},"end":{"line":466,"column":null}}]},"45":{"loc":{"start":{"line":469,"column":46},"end":{"line":469,"column":null}},"type":"cond-expr","locations":[{"start":{"line":469,"column":71},"end":{"line":469,"column":87}},{"start":{"line":469,"column":87},"end":{"line":469,"column":null}}]},"46":{"loc":{"start":{"line":471,"column":27},"end":{"line":471,"column":49}},"type":"binary-expr","locations":[{"start":{"line":471,"column":27},"end":{"line":471,"column":49}}]},"47":{"loc":{"start":{"line":487,"column":30},"end":{"line":487,"column":null}},"type":"cond-expr","locations":[{"start":{"line":487,"column":55},"end":{"line":487,"column":114}},{"start":{"line":487,"column":114},"end":{"line":487,"column":null}}]},"48":{"loc":{"start":{"line":490,"column":46},"end":{"line":490,"column":null}},"type":"cond-expr","locations":[{"start":{"line":490,"column":71},"end":{"line":490,"column":87}},{"start":{"line":490,"column":87},"end":{"line":490,"column":null}}]},"49":{"loc":{"start":{"line":492,"column":27},"end":{"line":492,"column":49}},"type":"binary-expr","locations":[{"start":{"line":492,"column":27},"end":{"line":492,"column":49}}]},"50":{"loc":{"start":{"line":509,"column":28},"end":{"line":511,"column":null}},"type":"if","locations":[{"start":{"line":509,"column":28},"end":{"line":511,"column":null}}]},"51":{"loc":{"start":{"line":514,"column":36},"end":{"line":514,"column":null}},"type":"binary-expr","locations":[{"start":{"line":514,"column":36},"end":{"line":514,"column":62}},{"start":{"line":514,"column":62},"end":{"line":514,"column":89}},{"start":{"line":514,"column":89},"end":{"line":514,"column":116}},{"start":{"line":514,"column":116},"end":{"line":514,"column":null}}]},"52":{"loc":{"start":{"line":522,"column":19},"end":{"line":522,"column":null}},"type":"binary-expr","locations":[{"start":{"line":522,"column":19},"end":{"line":522,"column":null}}]},"53":{"loc":{"start":{"line":530,"column":25},"end":{"line":530,"column":111}},"type":"cond-expr","locations":[{"start":{"line":530,"column":54},"end":{"line":530,"column":92}},{"start":{"line":530,"column":95},"end":{"line":530,"column":111}}]},"54":{"loc":{"start":{"line":530,"column":70},"end":{"line":530,"column":92}},"type":"cond-expr","locations":[{"start":{"line":530,"column":82},"end":{"line":530,"column":88}},{"start":{"line":530,"column":88},"end":{"line":530,"column":92}}]},"55":{"loc":{"start":{"line":579,"column":27},"end":{"line":579,"column":null}},"type":"binary-expr","locations":[{"start":{"line":579,"column":27},"end":{"line":579,"column":38}},{"start":{"line":579,"column":42},"end":{"line":579,"column":null}}]},"56":{"loc":{"start":{"line":599,"column":26},"end":{"line":601,"column":28}},"type":"cond-expr","locations":[{"start":{"line":599,"column":26},"end":{"line":601,"column":28}}]},"57":{"loc":{"start":{"line":610,"column":25},"end":{"line":610,"column":null}},"type":"cond-expr","locations":[{"start":{"line":610,"column":44},"end":{"line":610,"column":96}},{"start":{"line":610,"column":96},"end":{"line":610,"column":null}}]},"58":{"loc":{"start":{"line":610,"column":44},"end":{"line":610,"column":96}},"type":"cond-expr","locations":[{"start":{"line":610,"column":61},"end":{"line":610,"column":78}},{"start":{"line":610,"column":78},"end":{"line":610,"column":96}}]}},"s":{"0":0,"1":0,"2":0,"3":0,"4":0,"5":0,"6":0,"7":0,"8":0,"9":0,"10":0,"11":0,"12":0,"13":0,"14":0,"15":0,"16":0,"17":0,"18":0,"19":0,"20":0,"21":0,"22":0,"23":0,"24":0,"25":0,"26":0,"27":0,"28":0,"29":0,"30":0,"31":0,"32":0,"33":0,"34":0,"35":0,"36":0,"37":0,"38":0,"39":0,"40":0,"41":0,"42":0,"43":0,"44":0,"45":0,"46":0,"47":0,"48":0,"49":0,"50":0,"51":0,"52":0,"53":0,"54":0,"55":0,"56":0,"57":0,"58":0,"59":0,"60":0,"61":0,"62":0,"63":0,"64":0,"65":0,"66":0,"67":0,"68":0,"69":0,"70":0,"71":0,"72":0,"73":0,"74":0,"75":0,"76":0,"77":0,"78":0,"79":0,"80":0,"81":0,"82":0,"83":0,"84":0,"85":0,"86":0,"87":0,"88":0,"89":0,"90":0,"91":0,"92":0,"93":0,"94":0,"95":0,"96":0,"97":0,"98":0,"99":0,"100":0,"101":0,"102":0,"103":0,"104":0,"105":0,"106":0,"107":0,"108":0,"109":0,"110":0,"111":0,"112":0,"113":0,"114":0,"115":0,"116":0,"117":0,"118":0,"119":0,"120":0,"121":0,"122":0,"123":0,"124":0,"125":0,"126":0,"127":0,"128":0,"129":0,"130":0,"131":0,"132":0,"133":0,"134":0,"135":0,"136":0,"137":0,"138":0,"139":0,"140":0,"141":0,"142":0,"143":0,"144":0,"145":0,"146":0,"147":0,"148":0,"149":0},"f":{"0":0,"1":0,"2":0,"3":0,"4":0,"5":0,"6":0,"7":0,"8":0,"9":0,"10":0,"11":0,"12":0,"13":0,"14":0,"15":0,"16":0,"17":0,"18":0,"19":0,"20":0,"21":0,"22":0,"23":0,"24":0,"25":0,"26":0,"27":0,"28":0,"29":0,"30":0,"31":0,"32":0,"33":0,"34":0,"35":0,"36":0},"b":{"0":[0,0],"1":[0,0],"2":[0,0],"3":[0,0],"4":[0],"5":[0,0],"6":[0],"7":[0],"8":[0],"9":[0],"10":[0],"11":[0,0],"12":[0,0],"13":[0,0],"14":[0,0,0],"15":[0,0],"16":[0,0],"17":[0,0],"18":[0,0],"19":[0,0],"20":[0,0],"21":[0,0],"22":[0],"23":[0],"24":[0],"25":[0],"26":[0],"27":[0],"28":[0],"29":[0,0],"30":[0,0],"31":[0],"32":[0],"33":[0],"34":[0,0],"35":[0,0],"36":[0,0],"37":[0,0],"38":[0],"39":[0,0],"40":[0],"41":[0,0],"42":[0,0],"43":[0],"44":[0,0],"45":[0,0],"46":[0],"47":[0,0],"48":[0,0],"49":[0],"50":[0],"51":[0,0,0,0],"52":[0],"53":[0,0],"54":[0,0],"55":[0,0],"56":[0],"57":[0,0],"58":[0,0]}}
,"C:\\Users\\tawin\\OneDrive\\Desktop\\Day Seven\\app\\page.tsx": {"path":"C:\\Users\\tawin\\OneDrive\\Desktop\\Day Seven\\app\\page.tsx","statementMap":{"0":{"start":{"line":36,"column":24},"end":{"line":36,"column":null}},"1":{"start":{"line":3,"column":32},"end":{"line":3,"column":null}},"2":{"start":{"line":4,"column":20},"end":{"line":4,"column":null}},"3":{"start":{"line":5,"column":23},"end":{"line":5,"column":null}},"4":{"start":{"line":6,"column":23},"end":{"line":6,"column":null}},"5":{"start":{"line":7,"column":26},"end":{"line":7,"column":null}},"6":{"start":{"line":8,"column":27},"end":{"line":8,"column":null}},"7":{"start":{"line":9,"column":34},"end":{"line":9,"column":null}},"8":{"start":{"line":10,"column":29},"end":{"line":10,"column":null}},"9":{"start":{"line":11,"column":36},"end":{"line":11,"column":null}},"10":{"start":{"line":12,"column":72},"end":{"line":12,"column":null}},"11":{"start":{"line":15,"column":35},"end":{"line":15,"column":null}},"12":{"start":{"line":15,"column":35},"end":{"line":15,"column":78}},"13":{"start":{"line":15,"column":91},"end":{"line":15,"column":null}},"14":{"start":{"line":19,"column":34},"end":{"line":19,"column":null}},"15":{"start":{"line":19,"column":34},"end":{"line":19,"column":77}},"16":{"start":{"line":19,"column":90},"end":{"line":19,"column":null}},"17":{"start":{"line":20,"column":17},"end":{"line":20,"column":null}},"18":{"start":{"line":23,"column":34},"end":{"line":23,"column":null}},"19":{"start":{"line":23,"column":34},"end":{"line":23,"column":78}},"20":{"start":{"line":23,"column":91},"end":{"line":23,"column":null}},"21":{"start":{"line":27,"column":38},"end":{"line":27,"column":null}},"22":{"start":{"line":27,"column":38},"end":{"line":27,"column":86}},"23":{"start":{"line":27,"column":99},"end":{"line":27,"column":null}},"24":{"start":{"line":41,"column":6},"end":{"line":41,"column":null}},"25":{"start":{"line":43,"column":25},"end":{"line":43,"column":null}},"26":{"start":{"line":46,"column":2},"end":{"line":49,"column":null}},"27":{"start":{"line":47,"column":18},"end":{"line":47,"column":49}},"28":{"start":{"line":48,"column":4},"end":{"line":48,"column":null}},"29":{"start":{"line":48,"column":17},"end":{"line":48,"column":null}},"30":{"start":{"line":51,"column":28},"end":{"line":51,"column":null}},"31":{"start":{"line":54,"column":2},"end":{"line":73,"column":null}}},"fnMap":{"0":{"name":"(anonymous_5)","decl":{"start":{"line":15,"column":29},"end":{"line":15,"column":35}},"loc":{"start":{"line":15,"column":35},"end":{"line":15,"column":null}}},"1":{"name":"(anonymous_6)","decl":{"start":{"line":15,"column":35},"end":{"line":15,"column":42}},"loc":{"start":{"line":15,"column":35},"end":{"line":15,"column":78}}},"2":{"name":"(anonymous_7)","decl":{"start":{"line":15,"column":83},"end":{"line":15,"column":91}},"loc":{"start":{"line":15,"column":91},"end":{"line":15,"column":null}}},"3":{"name":"(anonymous_10)","decl":{"start":{"line":19,"column":28},"end":{"line":19,"column":34}},"loc":{"start":{"line":19,"column":34},"end":{"line":19,"column":null}}},"4":{"name":"(anonymous_11)","decl":{"start":{"line":19,"column":34},"end":{"line":19,"column":41}},"loc":{"start":{"line":19,"column":34},"end":{"line":19,"column":77}}},"5":{"name":"(anonymous_12)","decl":{"start":{"line":19,"column":82},"end":{"line":19,"column":90}},"loc":{"start":{"line":19,"column":90},"end":{"line":19,"column":null}}},"6":{"name":"(anonymous_14)","decl":{"start":{"line":20,"column":11},"end":{"line":20,"column":17}},"loc":{"start":{"line":20,"column":17},"end":{"line":20,"column":null}}},"7":{"name":"(anonymous_15)","decl":{"start":{"line":23,"column":28},"end":{"line":23,"column":34}},"loc":{"start":{"line":23,"column":34},"end":{"line":23,"column":null}}},"8":{"name":"(anonymous_16)","decl":{"start":{"line":23,"column":34},"end":{"line":23,"column":41}},"loc":{"start":{"line":23,"column":34},"end":{"line":23,"column":78}}},"9":{"name":"(anonymous_17)","decl":{"start":{"line":23,"column":83},"end":{"line":23,"column":91}},"loc":{"start":{"line":23,"column":91},"end":{"line":23,"column":null}}},"10":{"name":"(anonymous_20)","decl":{"start":{"line":27,"column":32},"end":{"line":27,"column":38}},"loc":{"start":{"line":27,"column":38},"end":{"line":27,"column":null}}},"11":{"name":"(anonymous_21)","decl":{"start":{"line":27,"column":38},"end":{"line":27,"column":45}},"loc":{"start":{"line":27,"column":38},"end":{"line":27,"column":86}}},"12":{"name":"(anonymous_22)","decl":{"start":{"line":27,"column":91},"end":{"line":27,"column":99}},"loc":{"start":{"line":27,"column":99},"end":{"line":27,"column":null}}},"13":{"name":"HomePage","decl":{"start":{"line":36,"column":24},"end":{"line":36,"column":null}},"loc":{"start":{"line":36,"column":24},"end":{"line":94,"column":null}}},"14":{"name":"(anonymous_26)","decl":{"start":{"line":46,"column":18},"end":{"line":46,"column":null}},"loc":{"start":{"line":46,"column":18},"end":{"line":49,"column":5}}},"15":{"name":"(anonymous_27)","decl":{"start":{"line":48,"column":11},"end":{"line":48,"column":17}},"loc":{"start":{"line":48,"column":17},"end":{"line":48,"column":null}}},"16":{"name":"GlobalStyles","decl":{"start":{"line":100,"column":9},"end":{"line":100,"column":null}},"loc":{"start":{"line":100,"column":9},"end":{"line":109,"column":null}}}},"branchMap":{"0":{"loc":{"start":{"line":51,"column":28},"end":{"line":51,"column":null}},"type":"cond-expr","locations":[{"start":{"line":51,"column":44},"end":{"line":51,"column":74}},{"start":{"line":51,"column":74},"end":{"line":51,"column":null}}]},"1":{"loc":{"start":{"line":54,"column":2},"end":{"line":73,"column":null}},"type":"if","locations":[{"start":{"line":54,"column":2},"end":{"line":73,"column":null}}]},"2":{"loc":{"start":{"line":54,"column":6},"end":{"line":54,"column":42}},"type":"binary-expr","locations":[{"start":{"line":54,"column":6},"end":{"line":54,"column":23}},{"start":{"line":54,"column":23},"end":{"line":54,"column":42}}]}},"s":{"0":0,"1":0,"2":0,"3":0,"4":0,"5":0,"6":0,"7":0,"8":0,"9":0,"10":0,"11":0,"12":0,"13":0,"14":0,"15":0,"16":0,"17":0,"18":0,"19":0,"20":0,"21":0,"22":0,"23":0,"24":0,"25":0,"26":0,"27":0,"28":0,"29":0,"30":0,"31":0},"f":{"0":0,"1":0,"2":0,"3":0,"4":0,"5":0,"6":0,"7":0,"8":0,"9":0,"10":0,"11":0,"12":0,"13":0,"14":0,"15":0,"16":0},"b":{"0":[0,0],"1":[0],"2":[0,0]}}
,"C:\\Users\\tawin\\OneDrive\\Desktop\\Day Seven\\components\\google-map.tsx": {"path":"C:\\Users\\tawin\\OneDrive\\Desktop\\Day Seven\\components\\google-map.tsx","statementMap":{"0":{"start":{"line":16,"column":16},"end":{"line":16,"column":26}},"1":{"start":{"line":3,"column":34},"end":{"line":3,"column":null}},"2":{"start":{"line":17,"column":17},"end":{"line":17,"column":null}},"3":{"start":{"line":18,"column":25},"end":{"line":18,"column":null}},"4":{"start":{"line":20,"column":2},"end":{"line":108,"column":null}},"5":{"start":{"line":21,"column":27},"end":{"line":37,"column":null}},"6":{"start":{"line":22,"column":6},"end":{"line":25,"column":null}},"7":{"start":{"line":23,"column":8},"end":{"line":23,"column":null}},"8":{"start":{"line":24,"column":8},"end":{"line":24,"column":null}},"9":{"start":{"line":28,"column":21},"end":{"line":28,"column":null}},"10":{"start":{"line":29,"column":6},"end":{"line":29,"column":null}},"11":{"start":{"line":30,"column":6},"end":{"line":30,"column":null}},"12":{"start":{"line":31,"column":6},"end":{"line":31,"column":null}},"13":{"start":{"line":34,"column":6},"end":{"line":34,"column":null}},"14":{"start":{"line":36,"column":6},"end":{"line":36,"column":null}},"15":{"start":{"line":39,"column":26},"end":{"line":98,"column":null}},"16":{"start":{"line":40,"column":6},"end":{"line":40,"column":null}},"17":{"start":{"line":40,"column":53},"end":{"line":40,"column":null}},"18":{"start":{"line":43,"column":31},"end":{"line":43,"column":null}},"19":{"start":{"line":45,"column":18},"end":{"line":80,"column":null}},"20":{"start":{"line":83,"column":6},"end":{"line":95,"column":null}},"21":{"start":{"line":97,"column":6},"end":{"line":97,"column":null}},"22":{"start":{"line":100,"column":4},"end":{"line":100,"column":null}},"23":{"start":{"line":102,"column":4},"end":{"line":107,"column":null}},"24":{"start":{"line":104,"column":6},"end":{"line":106,"column":null}},"25":{"start":{"line":105,"column":8},"end":{"line":105,"column":null}}},"fnMap":{"0":{"name":"GoogleMap","decl":{"start":{"line":16,"column":16},"end":{"line":16,"column":26}},"loc":{"start":{"line":16,"column":60},"end":{"line":118,"column":null}}},"1":{"name":"(anonymous_2)","decl":{"start":{"line":20,"column":12},"end":{"line":20,"column":null}},"loc":{"start":{"line":20,"column":12},"end":{"line":108,"column":5}}},"2":{"name":"(anonymous_3)","decl":{"start":{"line":21,"column":27},"end":{"line":21,"column":null}},"loc":{"start":{"line":21,"column":27},"end":{"line":37,"column":null}}},"3":{"name":"(anonymous_4)","decl":{"start":{"line":39,"column":26},"end":{"line":39,"column":null}},"loc":{"start":{"line":39,"column":26},"end":{"line":98,"column":null}}},"4":{"name":"(anonymous_5)","decl":{"start":{"line":102,"column":11},"end":{"line":102,"column":null}},"loc":{"start":{"line":102,"column":11},"end":{"line":107,"column":null}}}},"branchMap":{"0":{"loc":{"start":{"line":16,"column":28},"end":{"line":16,"column":42}},"type":"default-arg","locations":[{"start":{"line":16,"column":40},"end":{"line":16,"column":42}}]},"1":{"loc":{"start":{"line":22,"column":6},"end":{"line":25,"column":null}},"type":"if","locations":[{"start":{"line":22,"column":6},"end":{"line":25,"column":null}}]},"2":{"loc":{"start":{"line":22,"column":10},"end":{"line":22,"column":45}},"type":"binary-expr","locations":[{"start":{"line":22,"column":10},"end":{"line":22,"column":23}},{"start":{"line":22,"column":27},"end":{"line":22,"column":45}}]},"3":{"loc":{"start":{"line":40,"column":6},"end":{"line":40,"column":null}},"type":"if","locations":[{"start":{"line":40,"column":6},"end":{"line":40,"column":null}}]},"4":{"loc":{"start":{"line":40,"column":10},"end":{"line":40,"column":51}},"type":"binary-expr","locations":[{"start":{"line":40,"column":10},"end":{"line":40,"column":25}},{"start":{"line":40,"column":29},"end":{"line":40,"column":51}}]},"5":{"loc":{"start":{"line":104,"column":6},"end":{"line":106,"column":null}},"type":"if","locations":[{"start":{"line":104,"column":6},"end":{"line":106,"column":null}}]}},"s":{"0":0,"1":0,"2":0,"3":0,"4":0,"5":0,"6":0,"7":0,"8":0,"9":0,"10":0,"11":0,"12":0,"13":0,"14":0,"15":0,"16":0,"17":0,"18":0,"19":0,"20":0,"21":0,"22":0,"23":0,"24":0,"25":0},"f":{"0":0,"1":0,"2":0,"3":0,"4":0},"b":{"0":[0],"1":[0],"2":[0,0],"3":[0],"4":[0,0],"5":[0]}}
,"C:\\Users\\tawin\\OneDrive\\Desktop\\Day Seven\\components\\theme-provider.tsx": {"path":"C:\\Users\\tawin\\OneDrive\\Desktop\\Day Seven\\components\\theme-provider.tsx","statementMap":{"0":{"start":{"line":9,"column":16},"end":{"line":9,"column":30}},"1":{"start":{"line":3,"column":23},"end":{"line":3,"column":null}},"2":{"start":{"line":7,"column":7},"end":{"line":7,"column":null}}},"fnMap":{"0":{"name":"ThemeProvider","decl":{"start":{"line":9,"column":16},"end":{"line":9,"column":30}},"loc":{"start":{"line":9,"column":72},"end":{"line":11,"column":null}}}},"branchMap":{},"s":{"0":0,"1":0,"2":0},"f":{"0":0},"b":{}}
,"C:\\Users\\tawin\\OneDrive\\Desktop\\Day Seven\\components\\booking\\BookingFlow.tsx": {"path":"C:\\Users\\tawin\\OneDrive\\Desktop\\Day Seven\\components\\booking\\BookingFlow.tsx","statementMap":{"0":{"start":{"line":16,"column":13},"end":{"line":16,"column":27}},"1":{"start":{"line":1,"column":18},"end":{"line":1,"column":null}},"2":{"start":{"line":2,"column":34},"end":{"line":2,"column":null}},"3":{"start":{"line":3,"column":30},"end":{"line":3,"column":null}},"4":{"start":{"line":4,"column":32},"end":{"line":4,"column":null}},"5":{"start":{"line":5,"column":26},"end":{"line":5,"column":null}},"6":{"start":{"line":6,"column":29},"end":{"line":6,"column":null}},"7":{"start":{"line":7,"column":27},"end":{"line":7,"column":null}},"8":{"start":{"line":9,"column":30},"end":{"line":9,"column":null}},"9":{"start":{"line":10,"column":30},"end":{"line":10,"column":null}},"10":{"start":{"line":16,"column":27},"end":{"line":90,"column":null}},"11":{"start":{"line":32,"column":6},"end":{"line":32,"column":null}},"12":{"start":{"line":34,"column":26},"end":{"line":36,"column":null}},"13":{"start":{"line":35,"column":4},"end":{"line":35,"column":null}},"14":{"start":{"line":39,"column":32},"end":{"line":39,"column":null}},"15":{"start":{"line":70,"column":14},"end":{"line":72,"column":null}},"16":{"start":{"line":71,"column":16},"end":{"line":71,"column":null}}},"fnMap":{"0":{"name":"BookingFlow","decl":{"start":{"line":16,"column":47},"end":{"line":16,"column":59}},"loc":{"start":{"line":16,"column":86},"end":{"line":90,"column":null}}},"1":{"name":"(anonymous_3)","decl":{"start":{"line":34,"column":40},"end":{"line":34,"column":null}},"loc":{"start":{"line":35,"column":4},"end":{"line":35,"column":null}}},"2":{"name":"(anonymous_4)","decl":{"start":{"line":69,"column":20},"end":{"line":69,"column":null}},"loc":{"start":{"line":69,"column":20},"end":{"line":73,"column":null}}}},"branchMap":{"0":{"loc":{"start":{"line":44,"column":9},"end":{"line":44,"column":53}},"type":"binary-expr","locations":[{"start":{"line":44,"column":9},"end":{"line":44,"column":53}}]},"1":{"loc":{"start":{"line":47,"column":14},"end":{"line":53,"column":15}},"type":"cond-expr","locations":[{"start":{"line":47,"column":14},"end":{"line":53,"column":15}}]},"2":{"loc":{"start":{"line":63,"column":9},"end":{"line":63,"column":49}},"type":"binary-expr","locations":[{"start":{"line":63,"column":9},"end":{"line":63,"column":49}}]},"3":{"loc":{"start":{"line":70,"column":14},"end":{"line":72,"column":null}},"type":"if","locations":[{"start":{"line":70,"column":14},"end":{"line":72,"column":null}}]},"4":{"loc":{"start":{"line":79,"column":9},"end":{"line":79,"column":51}},"type":"binary-expr","locations":[{"start":{"line":79,"column":9},"end":{"line":79,"column":51}}]}},"s":{"0":5,"1":1,"2":1,"3":1,"4":1,"5":1,"6":1,"7":1,"8":1,"9":1,"10":1,"11":5,"12":5,"13":5,"14":5,"15":0,"16":0},"f":{"0":5,"1":5,"2":0},"b":{"0":[5],"1":[1],"2":[5],"3":[0],"4":[5]}}
,"C:\\Users\\tawin\\OneDrive\\Desktop\\Day Seven\\components\\booking\\Confirmation.tsx": {"path":"C:\\Users\\tawin\\OneDrive\\Desktop\\Day Seven\\components\\booking\\Confirmation.tsx","statementMap":{"0":{"start":{"line":15,"column":16},"end":{"line":15,"column":29}},"1":{"start":{"line":1,"column":23},"end":{"line":1,"column":null}},"2":{"start":{"line":2,"column":23},"end":{"line":2,"column":null}},"3":{"start":{"line":21,"column":23},"end":{"line":23,"column":31}}},"fnMap":{"0":{"name":"Confirmation","decl":{"start":{"line":15,"column":16},"end":{"line":15,"column":29}},"loc":{"start":{"line":20,"column":20},"end":{"line":47,"column":null}}},"1":{"name":"ConfirmationIcon","decl":{"start":{"line":49,"column":9},"end":{"line":49,"column":null}},"loc":{"start":{"line":49,"column":9},"end":{"line":55,"column":null}}}},"branchMap":{"0":{"loc":{"start":{"line":21,"column":23},"end":{"line":23,"column":31}},"type":"cond-expr","locations":[{"start":{"line":22,"column":6},"end":{"line":22,"column":80}},{"start":{"line":23,"column":6},"end":{"line":23,"column":31}}]},"1":{"loc":{"start":{"line":22,"column":31},"end":{"line":22,"column":80}},"type":"cond-expr","locations":[{"start":{"line":22,"column":70},"end":{"line":22,"column":76}},{"start":{"line":22,"column":76},"end":{"line":22,"column":80}}]},"2":{"loc":{"start":{"line":22,"column":31},"end":{"line":22,"column":70}},"type":"binary-expr","locations":[{"start":{"line":22,"column":31},"end":{"line":22,"column":45}},{"start":{"line":22,"column":49},"end":{"line":22,"column":70}}]}},"s":{"0":0,"1":1,"2":1,"3":0},"f":{"0":0,"1":0},"b":{"0":[0,0],"1":[0,0],"2":[0,0]}}
,"C:\\Users\\tawin\\OneDrive\\Desktop\\Day Seven\\components\\booking\\DateSelection.tsx": {"path":"C:\\Users\\tawin\\OneDrive\\Desktop\\Day Seven\\components\\booking\\DateSelection.tsx","statementMap":{"0":{"start":{"line":13,"column":16},"end":{"line":13,"column":30}},"1":{"start":{"line":1,"column":25},"end":{"line":1,"column":null}},"2":{"start":{"line":2,"column":23},"end":{"line":2,"column":null}},"3":{"start":{"line":4,"column":46},"end":{"line":4,"column":null}},"4":{"start":{"line":19,"column":35},"end":{"line":19,"column":null}},"5":{"start":{"line":20,"column":27},"end":{"line":20,"column":65}},"6":{"start":{"line":32,"column":31},"end":{"line":32,"column":null}},"7":{"start":{"line":34,"column":30},"end":{"line":34,"column":null}}},"fnMap":{"0":{"name":"DateSelection","decl":{"start":{"line":13,"column":16},"end":{"line":13,"column":30}},"loc":{"start":{"line":18,"column":21},"end":{"line":49,"column":null}}},"1":{"name":"(anonymous_2)","decl":{"start":{"line":32,"column":20},"end":{"line":32,"column":21}},"loc":{"start":{"line":32,"column":31},"end":{"line":32,"column":null}}},"2":{"name":"(anonymous_3)","decl":{"start":{"line":34,"column":20},"end":{"line":34,"column":21}},"loc":{"start":{"line":34,"column":30},"end":{"line":34,"column":null}}},"3":{"name":"BookingSummary","decl":{"start":{"line":58,"column":9},"end":{"line":58,"column":24}},"loc":{"start":{"line":58,"column":77},"end":{"line":81,"column":null}}}},"branchMap":{"0":{"loc":{"start":{"line":20,"column":27},"end":{"line":20,"column":65}},"type":"binary-expr","locations":[{"start":{"line":20,"column":27},"end":{"line":20,"column":45}},{"start":{"line":20,"column":49},"end":{"line":20,"column":65}}]},"1":{"loc":{"start":{"line":32,"column":45},"end":{"line":32,"column":null}},"type":"binary-expr","locations":[{"start":{"line":32,"column":45},"end":{"line":32,"column":54}},{"start":{"line":32,"column":54},"end":{"line":32,"column":null}}]},"2":{"loc":{"start":{"line":39,"column":7},"end":{"line":39,"column":null}},"type":"binary-expr","locations":[{"start":{"line":39,"column":7},"end":{"line":39,"column":null}}]},"3":{"loc":{"start":{"line":66,"column":7},"end":{"line":66,"column":null}},"type":"binary-expr","locations":[{"start":{"line":66,"column":7},"end":{"line":66,"column":null}}]},"4":{"loc":{"start":{"line":68,"column":17},"end":{"line":68,"column":58}},"type":"cond-expr","locations":[{"start":{"line":68,"column":37},"end":{"line":68,"column":49}},{"start":{"line":68,"column":49},"end":{"line":68,"column":58}}]}},"s":{"0":4,"1":1,"2":1,"3":1,"4":4,"5":4,"6":0,"7":280},"f":{"0":4,"1":0,"2":280,"3":0},"b":{"0":[4,0],"1":[0,0],"2":[4],"3":[0],"4":[0,0]}}
,"C:\\Users\\tawin\\OneDrive\\Desktop\\Day Seven\\components\\booking\\GuestForm.tsx": {"path":"C:\\Users\\tawin\\OneDrive\\Desktop\\Day Seven\\components\\booking\\GuestForm.tsx","statementMap":{"0":{"start":{"line":16,"column":16},"end":{"line":16,"column":26}},"1":{"start":{"line":1,"column":23},"end":{"line":1,"column":null}},"2":{"start":{"line":2,"column":22},"end":{"line":2,"column":null}},"3":{"start":{"line":3,"column":22},"end":{"line":3,"column":null}},"4":{"start":{"line":38,"column":31},"end":{"line":38,"column":null}},"5":{"start":{"line":39,"column":29},"end":{"line":39,"column":null}},"6":{"start":{"line":48,"column":31},"end":{"line":48,"column":null}},"7":{"start":{"line":49,"column":29},"end":{"line":49,"column":null}},"8":{"start":{"line":59,"column":31},"end":{"line":59,"column":null}},"9":{"start":{"line":60,"column":29},"end":{"line":60,"column":null}},"10":{"start":{"line":120,"column":25},"end":{"line":120,"column":null}},"11":{"start":{"line":121,"column":23},"end":{"line":121,"column":null}}},"fnMap":{"0":{"name":"GuestForm","decl":{"start":{"line":16,"column":16},"end":{"line":16,"column":26}},"loc":{"start":{"line":24,"column":17},"end":{"line":71,"column":null}}},"1":{"name":"(anonymous_2)","decl":{"start":{"line":38,"column":20},"end":{"line":38,"column":21}},"loc":{"start":{"line":38,"column":31},"end":{"line":38,"column":null}}},"2":{"name":"(anonymous_3)","decl":{"start":{"line":39,"column":18},"end":{"line":39,"column":19}},"loc":{"start":{"line":39,"column":29},"end":{"line":39,"column":null}}},"3":{"name":"(anonymous_4)","decl":{"start":{"line":48,"column":20},"end":{"line":48,"column":21}},"loc":{"start":{"line":48,"column":31},"end":{"line":48,"column":null}}},"4":{"name":"(anonymous_5)","decl":{"start":{"line":49,"column":18},"end":{"line":49,"column":19}},"loc":{"start":{"line":49,"column":29},"end":{"line":49,"column":null}}},"5":{"name":"(anonymous_6)","decl":{"start":{"line":59,"column":20},"end":{"line":59,"column":21}},"loc":{"start":{"line":59,"column":31},"end":{"line":59,"column":null}}},"6":{"name":"(anonymous_7)","decl":{"start":{"line":60,"column":18},"end":{"line":60,"column":19}},"loc":{"start":{"line":60,"column":29},"end":{"line":60,"column":null}}},"7":{"name":"LoadingIndicator","decl":{"start":{"line":73,"column":9},"end":{"line":73,"column":null}},"loc":{"start":{"line":73,"column":9},"end":{"line":89,"column":null}}},"8":{"name":"FormField","decl":{"start":{"line":102,"column":9},"end":{"line":102,"column":19}},"loc":{"start":{"line":111,"column":17},"end":{"line":135,"column":null}}},"9":{"name":"(anonymous_10)","decl":{"start":{"line":120,"column":18},"end":{"line":120,"column":19}},"loc":{"start":{"line":120,"column":25},"end":{"line":120,"column":null}}},"10":{"name":"(anonymous_11)","decl":{"start":{"line":121,"column":16},"end":{"line":121,"column":17}},"loc":{"start":{"line":121,"column":23},"end":{"line":121,"column":null}}},"11":{"name":"FormActions","decl":{"start":{"line":143,"column":9},"end":{"line":143,"column":21}},"loc":{"start":{"line":143,"column":66},"end":{"line":162,"column":null}}}},"branchMap":{"0":{"loc":{"start":{"line":123,"column":10},"end":{"line":123,"column":null}},"type":"cond-expr","locations":[{"start":{"line":123,"column":18},"end":{"line":123,"column":77}},{"start":{"line":123,"column":77},"end":{"line":123,"column":null}}]},"1":{"loc":{"start":{"line":126,"column":26},"end":{"line":126,"column":null}},"type":"cond-expr","locations":[{"start":{"line":126,"column":34},"end":{"line":126,"column":47}},{"start":{"line":126,"column":50},"end":{"line":126,"column":null}}]},"2":{"loc":{"start":{"line":128,"column":7},"end":{"line":128,"column":null}},"type":"binary-expr","locations":[{"start":{"line":128,"column":7},"end":{"line":128,"column":null}}]}},"s":{"0":0,"1":1,"2":1,"3":1,"4":0,"5":0,"6":0,"7":0,"8":0,"9":0,"10":0,"11":0},"f":{"0":0,"1":0,"2":0,"3":0,"4":0,"5":0,"6":0,"7":0,"8":0,"9":0,"10":0,"11":0},"b":{"0":[0,0],"1":[0,0],"2":[0]}}
,"C:\\Users\\tawin\\OneDrive\\Desktop\\Day Seven\\components\\booking\\HourlySelection.tsx": {"path":"C:\\Users\\tawin\\OneDrive\\Desktop\\Day Seven\\components\\booking\\HourlySelection.tsx","statementMap":{"0":{"start":{"line":11,"column":16},"end":{"line":11,"column":32}},"1":{"start":{"line":1,"column":23},"end":{"line":1,"column":null}},"2":{"start":{"line":2,"column":22},"end":{"line":2,"column":null}},"3":{"start":{"line":3,"column":52},"end":{"line":3,"column":null}},"4":{"start":{"line":16,"column":15},"end":{"line":16,"column":null}},"5":{"start":{"line":32,"column":29},"end":{"line":32,"column":null}},"6":{"start":{"line":35,"column":50},"end":{"line":35,"column":57}},"7":{"start":{"line":36,"column":14},"end":{"line":36,"column":33}}},"fnMap":{"0":{"name":"HourlySelection","decl":{"start":{"line":11,"column":16},"end":{"line":11,"column":32}},"loc":{"start":{"line":15,"column":23},"end":{"line":51,"column":null}}},"1":{"name":"(anonymous_2)","decl":{"start":{"line":32,"column":22},"end":{"line":32,"column":23}},"loc":{"start":{"line":32,"column":29},"end":{"line":32,"column":null}}},"2":{"name":"(anonymous_3)","decl":{"start":{"line":35,"column":40},"end":{"line":35,"column":41}},"loc":{"start":{"line":35,"column":50},"end":{"line":35,"column":57}}},"3":{"name":"(anonymous_4)","decl":{"start":{"line":35,"column":61},"end":{"line":35,"column":62}},"loc":{"start":{"line":36,"column":14},"end":{"line":36,"column":33}}},"4":{"name":"HourlySummary","decl":{"start":{"line":59,"column":9},"end":{"line":59,"column":23}},"loc":{"start":{"line":59,"column":66},"end":{"line":81,"column":null}}}},"branchMap":{"0":{"loc":{"start":{"line":37,"column":28},"end":{"line":37,"column":null}},"type":"cond-expr","locations":[{"start":{"line":37,"column":39},"end":{"line":37,"column":45}},{"start":{"line":37,"column":45},"end":{"line":37,"column":null}}]},"1":{"loc":{"start":{"line":64,"column":23},"end":{"line":64,"column":null}},"type":"cond-expr","locations":[{"start":{"line":64,"column":35},"end":{"line":64,"column":41}},{"start":{"line":64,"column":41},"end":{"line":64,"column":null}}]}},"s":{"0":1,"1":1,"2":1,"3":1,"4":1,"5":0,"6":12,"7":12},"f":{"0":1,"1":0,"2":12,"3":12,"4":1},"b":{"0":[11,1],"1":[0,1]}}
,"C:\\Users\\tawin\\OneDrive\\Desktop\\Day Seven\\components\\layout\\Footer.tsx": {"path":"C:\\Users\\tawin\\OneDrive\\Desktop\\Day Seven\\components\\layout\\Footer.tsx","statementMap":{"0":{"start":{"line":4,"column":16},"end":{"line":4,"column":null}},"1":{"start":{"line":1,"column":58},"end":{"line":1,"column":null}},"2":{"start":{"line":2,"column":20},"end":{"line":2,"column":null}},"3":{"start":{"line":38,"column":22},"end":{"line":59,"column":null}},"4":{"start":{"line":64,"column":8},"end":{"line":65,"column":null}},"5":{"start":{"line":86,"column":19},"end":{"line":90,"column":null}},"6":{"start":{"line":97,"column":10},"end":{"line":98,"column":null}},"7":{"start":{"line":110,"column":25},"end":{"line":114,"column":null}},"8":{"start":{"line":121,"column":10},"end":{"line":121,"column":28}}},"fnMap":{"0":{"name":"Footer","decl":{"start":{"line":4,"column":16},"end":{"line":4,"column":null}},"loc":{"start":{"line":4,"column":16},"end":{"line":16,"column":null}}},"1":{"name":"ContactSection","decl":{"start":{"line":18,"column":9},"end":{"line":18,"column":null}},"loc":{"start":{"line":18,"column":9},"end":{"line":35,"column":null}}},"2":{"name":"SocialLinks","decl":{"start":{"line":37,"column":9},"end":{"line":37,"column":null}},"loc":{"start":{"line":37,"column":9},"end":{"line":75,"column":null}}},"3":{"name":"(anonymous_4)","decl":{"start":{"line":63,"column":23},"end":{"line":63,"column":24}},"loc":{"start":{"line":64,"column":8},"end":{"line":65,"column":null}}},"4":{"name":"TikTokIcon","decl":{"start":{"line":77,"column":9},"end":{"line":77,"column":20}},"loc":{"start":{"line":77,"column":57},"end":{"line":83,"column":null}}},"5":{"name":"PoliciesSection","decl":{"start":{"line":85,"column":9},"end":{"line":85,"column":null}},"loc":{"start":{"line":85,"column":9},"end":{"line":107,"column":null}}},"6":{"name":"(anonymous_7)","decl":{"start":{"line":96,"column":22},"end":{"line":96,"column":23}},"loc":{"start":{"line":97,"column":10},"end":{"line":98,"column":null}}},"7":{"name":"ComingSoonSection","decl":{"start":{"line":109,"column":9},"end":{"line":109,"column":null}},"loc":{"start":{"line":109,"column":9},"end":{"line":126,"column":null}}},"8":{"name":"(anonymous_9)","decl":{"start":{"line":120,"column":28},"end":{"line":120,"column":29}},"loc":{"start":{"line":121,"column":10},"end":{"line":121,"column":28}}}},"branchMap":{},"s":{"0":0,"1":0,"2":0,"3":0,"4":0,"5":0,"6":0,"7":0,"8":0},"f":{"0":0,"1":0,"2":0,"3":0,"4":0,"5":0,"6":0,"7":0,"8":0},"b":{}}
,"C:\\Users\\tawin\\OneDrive\\Desktop\\Day Seven\\components\\layout\\Header.tsx": {"path":"C:\\Users\\tawin\\OneDrive\\Desktop\\Day Seven\\components\\layout\\Header.tsx","statementMap":{"0":{"start":{"line":9,"column":16},"end":{"line":9,"column":23}},"1":{"start":{"line":1,"column":26},"end":{"line":1,"column":null}},"2":{"start":{"line":2,"column":20},"end":{"line":2,"column":null}}},"fnMap":{"0":{"name":"Header","decl":{"start":{"line":9,"column":16},"end":{"line":9,"column":23}},"loc":{"start":{"line":9,"column":75},"end":{"line":32,"column":null}}}},"branchMap":{"0":{"loc":{"start":{"line":9,"column":25},"end":{"line":9,"column":47}},"type":"default-arg","locations":[{"start":{"line":9,"column":42},"end":{"line":9,"column":47}}]},"1":{"loc":{"start":{"line":14,"column":10},"end":{"line":22,"column":11}},"type":"cond-expr","locations":[{"start":{"line":14,"column":10},"end":{"line":22,"column":11}}]}},"s":{"0":0,"1":0,"2":0},"f":{"0":0},"b":{"0":[0],"1":[0]}}
,"C:\\Users\\tawin\\OneDrive\\Desktop\\Day Seven\\components\\sections\\HeroSection.tsx": {"path":"C:\\Users\\tawin\\OneDrive\\Desktop\\Day Seven\\components\\sections\\HeroSection.tsx","statementMap":{"0":{"start":{"line":5,"column":16},"end":{"line":5,"column":28}}},"fnMap":{"0":{"name":"HeroSection","decl":{"start":{"line":5,"column":16},"end":{"line":5,"column":28}},"loc":{"start":{"line":5,"column":58},"end":{"line":16,"column":null}}}},"branchMap":{},"s":{"0":0},"f":{"0":0},"b":{}}
,"C:\\Users\\tawin\\OneDrive\\Desktop\\Day Seven\\components\\sections\\LocationSection.tsx": {"path":"C:\\Users\\tawin\\OneDrive\\Desktop\\Day Seven\\components\\sections\\LocationSection.tsx","statementMap":{"0":{"start":{"line":5,"column":16},"end":{"line":5,"column":null}},"1":{"start":{"line":1,"column":37},"end":{"line":1,"column":null}},"2":{"start":{"line":2,"column":26},"end":{"line":2,"column":null}},"3":{"start":{"line":3,"column":20},"end":{"line":3,"column":null}},"4":{"start":{"line":17,"column":19},"end":{"line":30,"column":null}},"5":{"start":{"line":43,"column":10},"end":{"line":43,"column":26}}},"fnMap":{"0":{"name":"LocationSection","decl":{"start":{"line":5,"column":16},"end":{"line":5,"column":null}},"loc":{"start":{"line":5,"column":16},"end":{"line":14,"column":null}}},"1":{"name":"LocationInfo","decl":{"start":{"line":16,"column":9},"end":{"line":16,"column":null}},"loc":{"start":{"line":16,"column":9},"end":{"line":51,"column":null}}},"2":{"name":"(anonymous_3)","decl":{"start":{"line":42,"column":22},"end":{"line":42,"column":23}},"loc":{"start":{"line":43,"column":10},"end":{"line":43,"column":26}}},"3":{"name":"LocationMap","decl":{"start":{"line":53,"column":9},"end":{"line":53,"column":null}},"loc":{"start":{"line":53,"column":9},"end":{"line":59,"column":null}}}},"branchMap":{},"s":{"0":0,"1":0,"2":0,"3":0,"4":0,"5":0},"f":{"0":0,"1":0,"2":0,"3":0},"b":{}}
,"C:\\Users\\tawin\\OneDrive\\Desktop\\Day Seven\\components\\suites\\SuiteCard.tsx": {"path":"C:\\Users\\tawin\\OneDrive\\Desktop\\Day Seven\\components\\suites\\SuiteCard.tsx","statementMap":{"0":{"start":{"line":13,"column":13},"end":{"line":13,"column":25}},"1":{"start":{"line":1,"column":18},"end":{"line":1,"column":null}},"2":{"start":{"line":2,"column":18},"end":{"line":2,"column":null}},"3":{"start":{"line":3,"column":23},"end":{"line":3,"column":null}},"4":{"start":{"line":4,"column":34},"end":{"line":4,"column":null}},"5":{"start":{"line":6,"column":35},"end":{"line":6,"column":null}},"6":{"start":{"line":13,"column":25},"end":{"line":46,"column":null}},"7":{"start":{"line":14,"column":15},"end":{"line":14,"column":25}},"8":{"start":{"line":16,"column":24},"end":{"line":23,"column":null}},"9":{"start":{"line":17,"column":4},"end":{"line":22,"column":null}},"10":{"start":{"line":18,"column":6},"end":{"line":18,"column":null}},"11":{"start":{"line":19,"column":6},"end":{"line":21,"column":null}},"12":{"start":{"line":20,"column":8},"end":{"line":20,"column":null}},"13":{"start":{"line":25,"column":22},"end":{"line":29,"column":null}},"14":{"start":{"line":26,"column":4},"end":{"line":28,"column":null}},"15":{"start":{"line":27,"column":6},"end":{"line":27,"column":null}},"16":{"start":{"line":48,"column":19},"end":{"line":71,"column":null}},"17":{"start":{"line":49,"column":15},"end":{"line":49,"column":25}},"18":{"start":{"line":96,"column":21},"end":{"line":125,"column":null}},"19":{"start":{"line":97,"column":20},"end":{"line":97,"column":null}},"20":{"start":{"line":97,"column":40},"end":{"line":97,"column":67}},"21":{"start":{"line":99,"column":23},"end":{"line":101,"column":null}},"22":{"start":{"line":100,"column":4},"end":{"line":100,"column":null}}},"fnMap":{"0":{"name":"SuiteCard","decl":{"start":{"line":13,"column":45},"end":{"line":13,"column":55}},"loc":{"start":{"line":13,"column":90},"end":{"line":46,"column":null}}},"1":{"name":"(anonymous_3)","decl":{"start":{"line":16,"column":42},"end":{"line":16,"column":43}},"loc":{"start":{"line":16,"column":43},"end":{"line":23,"column":5}}},"2":{"name":"(anonymous_4)","decl":{"start":{"line":25,"column":40},"end":{"line":25,"column":null}},"loc":{"start":{"line":25,"column":40},"end":{"line":29,"column":5}}},"3":{"name":"SuiteImage","decl":{"start":{"line":48,"column":39},"end":{"line":48,"column":50}},"loc":{"start":{"line":48,"column":77},"end":{"line":71,"column":null}}},"4":{"name":"SuiteContent","decl":{"start":{"line":73,"column":9},"end":{"line":73,"column":22}},"loc":{"start":{"line":73,"column":96},"end":{"line":81,"column":null}}},"5":{"name":"SuiteInfo","decl":{"start":{"line":83,"column":9},"end":{"line":83,"column":19}},"loc":{"start":{"line":83,"column":46},"end":{"line":94,"column":null}}},"6":{"name":"SuiteActions","decl":{"start":{"line":96,"column":41},"end":{"line":96,"column":54}},"loc":{"start":{"line":96,"column":128},"end":{"line":125,"column":null}}},"7":{"name":"(anonymous_9)","decl":{"start":{"line":97,"column":34},"end":{"line":97,"column":40}},"loc":{"start":{"line":97,"column":40},"end":{"line":97,"column":67}}},"8":{"name":"(anonymous_10)","decl":{"start":{"line":99,"column":41},"end":{"line":99,"column":null}},"loc":{"start":{"line":99,"column":41},"end":{"line":101,"column":5}}},"9":{"name":"SuiteStatus","decl":{"start":{"line":127,"column":9},"end":{"line":127,"column":21}},"loc":{"start":{"line":127,"column":48},"end":{"line":147,"column":null}}}},"branchMap":{"0":{"loc":{"start":{"line":17,"column":4},"end":{"line":22,"column":null}},"type":"if","locations":[{"start":{"line":17,"column":4},"end":{"line":22,"column":null}}]},"1":{"loc":{"start":{"line":17,"column":8},"end":{"line":17,"column":52}},"type":"binary-expr","locations":[{"start":{"line":17,"column":8},"end":{"line":17,"column":33}},{"start":{"line":17,"column":33},"end":{"line":17,"column":52}}]},"2":{"loc":{"start":{"line":19,"column":6},"end":{"line":21,"column":null}},"type":"if","locations":[{"start":{"line":19,"column":6},"end":{"line":21,"column":null}}]},"3":{"loc":{"start":{"line":26,"column":4},"end":{"line":28,"column":null}},"type":"if","locations":[{"start":{"line":26,"column":4},"end":{"line":28,"column":null}}]},"4":{"loc":{"start":{"line":36,"column":43},"end":{"line":36,"column":89}},"type":"cond-expr","locations":[{"start":{"line":36,"column":61},"end":{"line":36,"column":75}},{"start":{"line":36,"column":75},"end":{"line":36,"column":89}}]},"5":{"loc":{"start":{"line":36,"column":94},"end":{"line":36,"column":195}},"type":"cond-expr","locations":[{"start":{"line":36,"column":111},"end":{"line":36,"column":139}},{"start":{"line":36,"column":139},"end":{"line":36,"column":195}}]},"6":{"loc":{"start":{"line":54,"column":13},"end":{"line":54,"column":null}},"type":"binary-expr","locations":[{"start":{"line":54,"column":13},"end":{"line":54,"column":24}},{"start":{"line":54,"column":28},"end":{"line":54,"column":null}}]},"7":{"loc":{"start":{"line":107,"column":10},"end":{"line":109,"column":12}},"type":"cond-expr","locations":[{"start":{"line":107,"column":10},"end":{"line":109,"column":12}}]},"8":{"loc":{"start":{"line":118,"column":9},"end":{"line":120,"column":null}},"type":"cond-expr","locations":[{"start":{"line":119,"column":13},"end":{"line":119,"column":null}},{"start":{"line":120,"column":12},"end":{"line":120,"column":null}}]},"9":{"loc":{"start":{"line":119,"column":13},"end":{"line":119,"column":null}},"type":"cond-expr","locations":[{"start":{"line":119,"column":30},"end":{"line":119,"column":47}},{"start":{"line":119,"column":47},"end":{"line":119,"column":null}}]},"10":{"loc":{"start":{"line":139,"column":11},"end":{"line":139,"column":null}},"type":"cond-expr","locations":[{"start":{"line":139,"column":29},"end":{"line":139,"column":47}},{"start":{"line":139,"column":47},"end":{"line":139,"column":null}}]}},"s":{"0":173,"1":2,"2":2,"3":2,"4":2,"5":2,"6":2,"7":172,"8":172,"9":6,"10":3,"11":3,"12":3,"13":172,"14":3,"15":3,"16":2,"17":172,"18":2,"19":172,"20":69,"21":172,"22":0},"f":{"0":172,"1":6,"2":3,"3":172,"4":172,"5":172,"6":172,"7":69,"8":0,"9":172},"b":{"0":[3],"1":[6,4],"2":[3],"3":[3],"4":[167,5],"5":[12,160],"6":[172,1],"7":[12],"8":[167,5],"9":[12,155],"10":[167,5]}}
,"C:\\Users\\tawin\\OneDrive\\Desktop\\Day Seven\\components\\suites\\SuiteDetails.tsx": {"path":"C:\\Users\\tawin\\OneDrive\\Desktop\\Day Seven\\components\\suites\\SuiteDetails.tsx","statementMap":{"0":{"start":{"line":7,"column":16},"end":{"line":7,"column":29}},"1":{"start":{"line":33,"column":23},"end":{"line":42,"column":null}},"2":{"start":{"line":47,"column":8},"end":{"line":48,"column":null}},"3":{"start":{"line":92,"column":10},"end":{"line":92,"column":26}}},"fnMap":{"0":{"name":"SuiteDetails","decl":{"start":{"line":7,"column":16},"end":{"line":7,"column":29}},"loc":{"start":{"line":7,"column":57},"end":{"line":14,"column":null}}},"1":{"name":"SuiteImages","decl":{"start":{"line":16,"column":9},"end":{"line":16,"column":21}},"loc":{"start":{"line":16,"column":48},"end":{"line":30,"column":null}}},"2":{"name":"SuiteDetailImages","decl":{"start":{"line":32,"column":9},"end":{"line":32,"column":27}},"loc":{"start":{"line":32,"column":54},"end":{"line":61,"column":null}}},"3":{"name":"(anonymous_4)","decl":{"start":{"line":46,"column":24},"end":{"line":46,"column":25}},"loc":{"start":{"line":47,"column":8},"end":{"line":48,"column":null}}},"4":{"name":"SuiteInformation","decl":{"start":{"line":63,"column":9},"end":{"line":63,"column":26}},"loc":{"start":{"line":63,"column":53},"end":{"line":71,"column":null}}},"5":{"name":"SuiteHeader","decl":{"start":{"line":73,"column":9},"end":{"line":73,"column":21}},"loc":{"start":{"line":73,"column":48},"end":{"line":84,"column":null}}},"6":{"name":"SuiteHighlights","decl":{"start":{"line":86,"column":9},"end":{"line":86,"column":25}},"loc":{"start":{"line":86,"column":52},"end":{"line":100,"column":null}}},"7":{"name":"(anonymous_8)","decl":{"start":{"line":91,"column":30},"end":{"line":91,"column":31}},"loc":{"start":{"line":92,"column":10},"end":{"line":92,"column":26}}},"8":{"name":"SuiteRates","decl":{"start":{"line":102,"column":9},"end":{"line":102,"column":20}},"loc":{"start":{"line":102,"column":47},"end":{"line":119,"column":null}}}},"branchMap":{"0":{"loc":{"start":{"line":21,"column":15},"end":{"line":21,"column":null}},"type":"binary-expr","locations":[{"start":{"line":21,"column":15},"end":{"line":21,"column":26}},{"start":{"line":21,"column":30},"end":{"line":21,"column":null}}]},"1":{"loc":{"start":{"line":68,"column":7},"end":{"line":68,"column":22}},"type":"binary-expr","locations":[{"start":{"line":68,"column":7},"end":{"line":68,"column":22}}]}},"s":{"0":0,"1":0,"2":0,"3":0},"f":{"0":0,"1":0,"2":0,"3":0,"4":0,"5":0,"6":0,"7":0,"8":0},"b":{"0":[0,0],"1":[0]}}
,"C:\\Users\\tawin\\OneDrive\\Desktop\\Day Seven\\components\\suites\\SuiteGrid.tsx": {"path":"C:\\Users\\tawin\\OneDrive\\Desktop\\Day Seven\\components\\suites\\SuiteGrid.tsx","statementMap":{"0":{"start":{"line":11,"column":13},"end":{"line":11,"column":25}},"1":{"start":{"line":1,"column":18},"end":{"line":1,"column":null}},"2":{"start":{"line":2,"column":26},"end":{"line":2,"column":null}},"3":{"start":{"line":3,"column":34},"end":{"line":3,"column":null}},"4":{"start":{"line":4,"column":33},"end":{"line":4,"column":null}},"5":{"start":{"line":5,"column":39},"end":{"line":5,"column":null}},"6":{"start":{"line":11,"column":25},"end":{"line":38,"column":null}},"7":{"start":{"line":12,"column":52},"end":{"line":12,"column":null}},"8":{"start":{"line":13,"column":32},"end":{"line":13,"column":null}},"9":{"start":{"line":18,"column":8},"end":{"line":19,"column":null}}},"fnMap":{"0":{"name":"SuiteGrid","decl":{"start":{"line":11,"column":45},"end":{"line":11,"column":55}},"loc":{"start":{"line":11,"column":88},"end":{"line":38,"column":null}}},"1":{"name":"(anonymous_3)","decl":{"start":{"line":17,"column":27},"end":{"line":17,"column":28}},"loc":{"start":{"line":18,"column":8},"end":{"line":19,"column":null}}}},"branchMap":{},"s":{"0":10,"1":1,"2":1,"3":1,"4":1,"5":1,"6":1,"7":10,"8":10,"9":40},"f":{"0":10,"1":40},"b":{}}
,"C:\\Users\\tawin\\OneDrive\\Desktop\\Day Seven\\components\\ui\\AnimationWrapper.tsx": {"path":"C:\\Users\\tawin\\OneDrive\\Desktop\\Day Seven\\components\\ui\\AnimationWrapper.tsx","statementMap":{"0":{"start":{"line":64,"column":16},"end":{"line":64,"column":23}},"1":{"start":{"line":10,"column":16},"end":{"line":10,"column":25}},"2":{"start":{"line":53,"column":16},"end":{"line":53,"column":29}},"3":{"start":{"line":89,"column":16},"end":{"line":89,"column":33}},"4":{"start":{"line":1,"column":18},"end":{"line":1,"column":null}},"5":{"start":{"line":16,"column":36},"end":{"line":16,"column":null}},"6":{"start":{"line":17,"column":14},"end":{"line":17,"column":null}},"7":{"start":{"line":19,"column":2},"end":{"line":35,"column":null}},"8":{"start":{"line":20,"column":21},"end":{"line":27,"column":null}},"9":{"start":{"line":22,"column":8},"end":{"line":25,"column":null}},"10":{"start":{"line":23,"column":10},"end":{"line":23,"column":null}},"11":{"start":{"line":23,"column":27},"end":{"line":23,"column":47}},"12":{"start":{"line":24,"column":10},"end":{"line":24,"column":null}},"13":{"start":{"line":30,"column":4},"end":{"line":32,"column":null}},"14":{"start":{"line":31,"column":6},"end":{"line":31,"column":null}},"15":{"start":{"line":34,"column":4},"end":{"line":34,"column":null}},"16":{"start":{"line":34,"column":17},"end":{"line":34,"column":null}},"17":{"start":{"line":69,"column":36},"end":{"line":69,"column":null}},"18":{"start":{"line":71,"column":2},"end":{"line":74,"column":null}},"19":{"start":{"line":72,"column":18},"end":{"line":72,"column":null}},"20":{"start":{"line":72,"column":35},"end":{"line":72,"column":55}},"21":{"start":{"line":73,"column":4},"end":{"line":73,"column":null}},"22":{"start":{"line":73,"column":17},"end":{"line":73,"column":null}}},"fnMap":{"0":{"name":"FadeInUp","decl":{"start":{"line":10,"column":16},"end":{"line":10,"column":25}},"loc":{"start":{"line":15,"column":24},"end":{"line":51,"column":null}}},"1":{"name":"(anonymous_7)","decl":{"start":{"line":19,"column":18},"end":{"line":19,"column":null}},"loc":{"start":{"line":19,"column":18},"end":{"line":35,"column":5}}},"2":{"name":"(anonymous_8)","decl":{"start":{"line":21,"column":6},"end":{"line":21,"column":7}},"loc":{"start":{"line":21,"column":14},"end":{"line":26,"column":null}}},"3":{"name":"(anonymous_9)","decl":{"start":{"line":23,"column":21},"end":{"line":23,"column":27}},"loc":{"start":{"line":23,"column":27},"end":{"line":23,"column":47}}},"4":{"name":"(anonymous_10)","decl":{"start":{"line":34,"column":11},"end":{"line":34,"column":17}},"loc":{"start":{"line":34,"column":17},"end":{"line":34,"column":null}}},"5":{"name":"ScaleOnHover","decl":{"start":{"line":53,"column":16},"end":{"line":53,"column":29}},"loc":{"start":{"line":53,"column":108},"end":{"line":62,"column":null}}},"6":{"name":"FadeIn","decl":{"start":{"line":64,"column":16},"end":{"line":64,"column":23}},"loc":{"start":{"line":68,"column":68},"end":{"line":86,"column":null}}},"7":{"name":"(anonymous_13)","decl":{"start":{"line":71,"column":18},"end":{"line":71,"column":null}},"loc":{"start":{"line":71,"column":18},"end":{"line":74,"column":5}}},"8":{"name":"(anonymous_14)","decl":{"start":{"line":72,"column":29},"end":{"line":72,"column":35}},"loc":{"start":{"line":72,"column":35},"end":{"line":72,"column":55}}},"9":{"name":"(anonymous_15)","decl":{"start":{"line":73,"column":11},"end":{"line":73,"column":17}},"loc":{"start":{"line":73,"column":17},"end":{"line":73,"column":null}}},"10":{"name":"SlideInFromRight","decl":{"start":{"line":89,"column":16},"end":{"line":89,"column":33}},"loc":{"start":{"line":97,"column":1},"end":{"line":110,"column":null}}}},"branchMap":{"0":{"loc":{"start":{"line":12,"column":2},"end":{"line":12,"column":16}},"type":"default-arg","locations":[{"start":{"line":12,"column":14},"end":{"line":12,"column":16}}]},"1":{"loc":{"start":{"line":13,"column":2},"end":{"line":13,"column":11}},"type":"default-arg","locations":[{"start":{"line":13,"column":10},"end":{"line":13,"column":11}}]},"2":{"loc":{"start":{"line":14,"column":2},"end":{"line":14,"column":16}},"type":"default-arg","locations":[{"start":{"line":14,"column":13},"end":{"line":14,"column":16}}]},"3":{"loc":{"start":{"line":22,"column":8},"end":{"line":25,"column":null}},"type":"if","locations":[{"start":{"line":22,"column":8},"end":{"line":25,"column":null}}]},"4":{"loc":{"start":{"line":30,"column":4},"end":{"line":32,"column":null}},"type":"if","locations":[{"start":{"line":30,"column":4},"end":{"line":32,"column":null}}]},"5":{"loc":{"start":{"line":42,"column":17},"end":{"line":42,"column":null}},"type":"cond-expr","locations":[{"start":{"line":42,"column":29},"end":{"line":42,"column":33}},{"start":{"line":42,"column":33},"end":{"line":42,"column":null}}]},"6":{"loc":{"start":{"line":43,"column":19},"end":{"line":43,"column":null}},"type":"cond-expr","locations":[{"start":{"line":43,"column":31},"end":{"line":43,"column":49}},{"start":{"line":43,"column":49},"end":{"line":43,"column":null}}]},"7":{"loc":{"start":{"line":53,"column":41},"end":{"line":53,"column":55}},"type":"default-arg","locations":[{"start":{"line":53,"column":53},"end":{"line":53,"column":55}}]},"8":{"loc":{"start":{"line":66,"column":2},"end":{"line":66,"column":16}},"type":"default-arg","locations":[{"start":{"line":66,"column":14},"end":{"line":66,"column":16}}]},"9":{"loc":{"start":{"line":67,"column":2},"end":{"line":67,"column":11}},"type":"default-arg","locations":[{"start":{"line":67,"column":10},"end":
[...]
,"C:\\Users\\tawin\\OneDrive\\Desktop\\Day Seven\\lib\\seo.ts": {"path":"C:\\Users\\tawin\\OneDrive\\Desktop\\Day Seven\\lib\\seo.ts","statementMap":{"0":{"start":{"line":104,"column":16},"end":{"line":104,"column":49}},"1":{"start":{"line":5,"column":16},"end":{"line":5,"column":38}},"2":{"start":{"line":50,"column":16},"end":{"line":50,"column":44}},"3":{"start":{"line":117,"column":16},"end":{"line":117,"column":null}},"4":{"start":{"line":3,"column":20},"end":{"line":3,"column":null}},"5":{"start":{"line":6,"column":16},"end":{"line":6,"column":54}},"6":{"start":{"line":7,"column":22},"end":{"line":7,"column":282}},"7":{"start":{"line":9,"column":2},"end":{"line":47,"column":null}},"8":{"start":{"line":51,"column":2},"end":{"line":101,"column":null}},"9":{"start":{"line":105,"column":2},"end":{"line":114,"column":null}},"10":{"start":{"line":108,"column":58},"end":{"line":113,"column":null}},"11":{"start":{"line":118,"column":2},"end":{"line":141,"column":null}}},"fnMap":{"0":{"name":"generateSuiteMetadata","decl":{"start":{"line":5,"column":16},"end":{"line":5,"column":38}},"loc":{"start":{"line":5,"column":50},"end":{"line":48,"column":null}}},"1":{"name":"generateSuiteStructuredData","decl":{"start":{"line":50,"column":16},"end":{"line":50,"column":44}},"loc":{"start":{"line":50,"column":56},"end":{"line":102,"column":null}}},"2":{"name":"generateBreadcrumbStructuredData","decl":{"start":{"line":104,"column":16},"end":{"line":104,"column":49}},"loc":{"start":{"line":104,"column":98},"end":{"line":115,"column":null}}},"3":{"name":"(anonymous_8)","decl":{"start":{"line":108,"column":39},"end":{"line":108,"column":40}},"loc":{"start":{"line":108,"column":58},"end":{"line":113,"column":null}}},"4":{"name":"generateWebsiteStructuredData","decl":{"start":{"line":117,"column":16},"end":{"line":117,"column":null}},"loc":{"start":{"line":117,"column":16},"end":{"line":142,"column":null}}}},"branchMap":{"0":{"loc":{"start":{"line":7,"column":146},"end":{"line":7,"column":280}},"type":"cond-expr","locations":[{"start":{"line":7,"column":163},"end":{"line":7,"column":218}},{"start":{"line":7,"column":218},"end":{"line":7,"column":280}}]},"1":{"loc":{"start":{"line":17,"column":6},"end":{"line":17,"column":null}},"type":"cond-expr","locations":[{"start":{"line":17,"column":23},"end":{"line":17,"column":42}},{"start":{"line":17,"column":42},"end":{"line":17,"column":null}}]},"2":{"loc":{"start":{"line":28,"column":15},"end":{"line":28,"column":52}},"type":"binary-expr","locations":[{"start":{"line":28,"column":15},"end":{"line":28,"column":26}},{"start":{"line":28,"column":30},"end":{"line":28,"column":52}}]},"3":{"loc":{"start":{"line":41,"column":15},"end":{"line":41,"column":52}},"type":"binary-expr","locations":[{"start":{"line":41,"column":15},"end":{"line":41,"column":26}},{"start":{"line":41,"column":30},"end":{"line":41,"column":52}}]},"4":{"loc":{"start":{"line":56,"column":13},"end":{"line":56,"column":50}},"type":"binary-expr","locations":[{"start":{"line":56,"column":13},"end":{"line":56,"column":24}},{"start":{"line":56,"column":28},"end":{"line":56,"column":50}}]},"5":{"loc":{"start":{"line":61,"column":20},"end":{"line":63,"column":86}},"type":"cond-expr","locations":[{"start":{"line":62,"column":10},"end":{"line":62,"column":null}},{"start":{"line":63,"column":10},"end":{"line":63,"column":86}}]},"6":{"loc":{"start":{"line":65,"column":22},"end":{"line":65,"column":null}},"type":"cond-expr","locations":[{"start":{"line":65,"column":40},"end":{"line":65,"column":52}},{"start":{"line":65,"column":52},"end":{"line":65,"column":null}}]}},"s":{"0":0,"1":0,"2":0,"3":0,"4":0,"5":0,"6":0,"7":0,"8":0,"9":0,"10":0,"11":0},"f":{"0":0,"1":0,"2":0,"3":0,"4":0},"b":{"0":[0,0],"1":[0,0],"2":[0,0],"3":[0,0],"4":[0,0],"5":[0,0],"6":[0,0]}}
,"C:\\Users\\tawin\\OneDrive\\Desktop\\Day Seven\\lib\\utils.ts": {"path":"C:\\Users\\tawin\\OneDrive\\Desktop\\Day Seven\\lib\\utils.ts","statementMap":{"0":{"start":{"line":4,"column":16},"end":{"line":4,"column":19}},"1":{"start":{"line":1,"column":38},"end":{"line":1,"column":null}},"2":{"start":{"line":2,"column":24},"end":{"line":2,"column":null}},"3":{"start":{"line":5,"column":2},"end":{"line":5,"column":null}}},"fnMap":{"0":{"name":"cn","decl":{"start":{"line":4,"column":16},"end":{"line":4,"column":19}},"loc":{"start":{"line":4,"column":42},"end":{"line":6,"column":null}}}},"branchMap":{},"s":{"0":540,"1":2,"2":2,"3":540},"f":{"0":540},"b":{}}
,"C:\\Users\\tawin\\OneDrive\\Desktop\\Day Seven\\lib\\validations.ts": {"path":"C:\\Users\\tawin\\OneDrive\\Desktop\\Day Seven\\lib\\validations.ts","statementMap":{"0":{"start":{"line":65,"column":13},"end":{"line":65,"column":29}},"1":{"start":{"line":32,"column":13},"end":{"line":32,"column":31}},"2":{"start":{"line":101,"column":16},"end":{"line":101,"column":34}},"3":{"start":{"line":9,"column":13},"end":{"line":9,"column":31}},"4":{"start":{"line":46,"column":13},"end":{"line":46,"column":35}},"5":{"start":{"line":121,"column":16},"end":{"line":121,"column":35}},"6":{"start":{"line":55,"column":13},"end":{"line":55,"column":36}},"7":{"start":{"line":85,"column":16},"end":{"line":85,"column":34}},"8":{"start":{"line":1,"column":18},"end":{"line":1,"column":null}},"9":{"start":{"line":9,"column":31},"end":{"line":29,"column":null}},"10":{"start":{"line":32,"column":31},"end":{"line":43,"column":null}},"11":{"start":{"line":36,"column":2},"end":{"line":38,"column":null}},"12":{"start":{"line":37,"column":4},"end":{"line":37,"column":null}},"13":{"start":{"line":39,"column":2},"end":{"line":39,"column":null}},"14":{"start":{"line":46,"column":35},"end":{"line":52,"column":null}},"15":{"start":{"line":55,"column":36},"end":{"line":62,"column":null}},"16":{"start":{"line":59,"column":20},"end":{"line":59,"column":79}},"17":{"start":{"line":65,"column":29},"end":{"line":72,"column":null}},"18":{"start":{"line":86,"column":17},"end":{"line":86,"column":null}},"19":{"start":{"line":88,"column":2},"end":{"line":90,"column":null}},"20":{"start":{"line":89,"column":4},"end":{"line":89,"column":null}},"21":{"start":{"line":92,"column":2},"end":{"line":95,"column":null}},"22":{"start":{"line":94,"column":43},"end":{"line":94,"column":54}},"23":{"start":{"line":103,"column":18},"end":{"line":103,"column":null}},"24":{"start":{"line":106,"column":2},"end":{"line":108,"column":null}},"25":{"start":{"line":107,"column":4},"end":{"line":107,"column":null}},"26":{"start":{"line":111,"column":2},"end":{"line":113,"column":null}},"27":{"start":{"line":112,"column":4},"end":{"line":112,"column":null}},"28":{"start":{"line":115,"column":2},"end":{"line":115,"column":null}},"29":{"start":{"line":122,"column":21},"end":{"line":122,"column":null}},"30":{"start":{"line":123,"column":2},"end":{"line":123,"column":null}}},"fnMap":{"0":{"name":"(anonymous_9)","decl":{"start":{"line":35,"column":10},"end":{"line":35,"column":11}},"loc":{"start":{"line":35,"column":11},"end":{"line":40,"column":3}}},"1":{"name":"(anonymous_10)","decl":{"start":{"line":59,"column":12},"end":{"line":59,"column":13}},"loc":{"start":{"line":59,"column":20},"end":{"line":59,"column":79}}},"2":{"name":"validateGuestInfo","decl":{"start":{"line":85,"column":16},"end":{"line":85,"column":34}},"loc":{"start":{"line":85,"column":47},"end":{"line":96,"column":null}}},"3":{"name":"(anonymous_12)","decl":{"start":{"line":94,"column":36},"end":{"line":94,"column":43}},"loc":{"start":{"line":94,"column":43},"end":{"line":94,"column":54}}},"4":{"name":"formatPhoneNumber","decl":{"start":{"line":101,"column":16},"end":{"line":101,"column":34}},"loc":{"start":{"line":101,"column":47},"end":{"line":116,"column":null}}},"5":{"name":"isValidEmailFormat","decl":{"start":{"line":121,"column":16},"end":{"line":121,"column":35}},"loc":{"start":{"line":121,"column":48},"end":{"line":124,"column":null}}}},"branchMap":{"0":{"loc":{"start":{"line":36,"column":2},"end":{"line":38,"column":null}},"type":"if","locations":[{"start":{"line":36,"column":2},"end":{"line":38,"column":null}}]},"1":{"loc":{"start":{"line":88,"column":2},"end":{"line":90,"column":null}},"type":"if","locations":[{"start":{"line":88,"column":2},"end":{"line":90,"column":null}}]},"2":{"loc":{"start":{"line":106,"column":2},"end":{"line":108,"column":null}},"type":"if","locations":[{"start":{"line":106,"column":2},"end":{"line":108,"column":null}}]},"3":{"loc":{"start":{"line":111,"column":2},"end":{"line":113,"column":null}},"type":"if","locations":[{"start":{"line":111,"column":2},"end":{"line":113,"column":null}}]}},"s":{"0":0,"1":0,"2":6,"3":0,"4":0,"5":3,"6":0,"7":1,"8":2,"9":2,"10":2,"11":0,"12":0,"13":0,"14":2,"15":2,"16":0,"17":2,"18":1,"19":1,"20":0,"21":1,"22":3,"23":6,"24":6,"25":0,"26":6,"27":1,"28":5,"29":3,"30":3},"f":{"0":0,"1":0,"2":1,"3":3,"4":6,"5":3},"b":{"0":[0],"1":[0],"2":[0],"3":[1]}}
,"C:\\Users\\tawin\\OneDrive\\Desktop\\Day Seven\\utils\\pricing.ts": {"path":"C:\\Users\\tawin\\OneDrive\\Desktop\\Day Seven\\utils\\pricing.ts","statementMap":{"0":{"start":{"line":69,"column":16},"end":{"line":69,"column":35}},"1":{"start":{"line":9,"column":16},"end":{"line":9,"column":36}},"2":{"start":{"line":23,"column":16},"end":{"line":23,"column":null}},"3":{"start":{"line":16,"column":16},"end":{"line":16,"column":38}},"4":{"start":{"line":65,"column":16},"end":{"line":65,"column":31}},"5":{"start":{"line":2,"column":85},"end":{"line":2,"column":null}},"6":{"start":{"line":10,"column":2},"end":{"line":10,"column":null}},"7":{"start":{"line":10,"column":19},"end":{"line":10,"column":null}},"8":{"start":{"line":11,"column":2},"end":{"line":11,"column":null}},"9":{"start":{"line":11,"column":19},"end":{"line":11,"column":null}},"10":{"start":{"line":12,"column":2},"end":{"line":12,"column":null}},"11":{"start":{"line":12,"column":19},"end":{"line":12,"column":null}},"12":{"start":{"line":13,"column":2},"end":{"line":13,"column":37}},"13":{"start":{"line":17,"column":2},"end":{"line":17,"column":null}},"14":{"start":{"line":17,"column":32},"end":{"line":17,"column":null}},"15":{"start":{"line":19,"column":19},"end":{"line":19,"column":null}},"16":{"start":{"line":20,"column":2},"end":{"line":20,"column":null}},"17":{"start":{"line":29,"column":2},"end":{"line":37,"column":null}},"18":{"start":{"line":30,"column":17},"end":{"line":30,"column":null}},"19":{"start":{"line":31,"column":4},"end":{"line":36,"column":null}},"20":{"start":{"line":40,"column":15},"end":{"line":40,"column":null}},"21":{"start":{"line":41,"column":2},"end":{"line":43,"column":null}},"22":{"start":{"line":42,"column":4},"end":{"line":42,"column":null}},"23":{"start":{"line":45,"column":13},"end":{"line":45,"column":null}},"24":{"start":{"line":46,"column":17},"end":{"line":46,"column":null}},"25":{"start":{"line":48,"column":2},"end":{"line":56,"column":null}},"26":{"start":{"line":49,"column":4},"end":{"line":49,"column":null}},"27":{"start":{"line":50,"column":4},"end":{"line":50,"column":null}},"28":{"start":{"line":51,"column":9},"end":{"line":56,"column":null}},"29":{"start":{"line":52,"column":4},"end":{"line":52,"column":null}},"30":{"start":{"line":53,"column":4},"end":{"line":53,"column":null}},"31":{"start":{"line":55,"column":4},"end":{"line":55,"column":null}},"32":{"start":{"line":58,"column":2},"end":{"line":62,"column":null}},"33":{"start":{"line":66,"column":2},"end":{"line":66,"column":null}},"34":{"start":{"line":70,"column":2},"end":{"line":70,"column":null}}},"fnMap":{"0":{"name":"calculateHourlyRate","decl":{"start":{"line":9,"column":16},"end":{"line":9,"column":36}},"loc":{"start":{"line":9,"column":49},"end":{"line":14,"column":null}}},"1":{"name":"calculateStayDuration","decl":{"start":{"line":16,"column":16},"end":{"line":16,"column":38}},"loc":{"start":{"line":16,"column":54},"end":{"line":21,"column":null}}},"2":{"name":"calculateStay","decl":{"start":{"line":23,"column":16},"end":{"line":23,"column":null}},"loc":{"start":{"line":26,"column":19},"end":{"line":63,"column":null}}},"3":{"name":"formatCurrency","decl":{"start":{"line":65,"column":16},"end":{"line":65,"column":31}},"loc":{"start":{"line":65,"column":45},"end":{"line":67,"column":null}}},"4":{"name":"calculateDailyRate","decl":{"start":{"line":69,"column":16},"end":{"line":69,"column":35}},"loc":{"start":{"line":69,"column":47},"end":{"line":71,"column":null}}}},"branchMap":{"0":{"loc":{"start":{"line":10,"column":2},"end":{"line":10,"column":null}},"type":"if","locations":[{"start":{"line":10,"column":2},"end":{"line":10,"column":null}}]},"1":{"loc":{"start":{"line":11,"column":2},"end":{"line":11,"column":null}},"type":"if","locations":[{"start":{"line":11,"column":2},"end":{"line":11,"column":null}}]},"2":{"loc":{"start":{"line":12,"column":2},"end":{"line":12,"column":null}},"type":"if","locations":[{"start":{"line":12,"column":2},"end":{"line":12,"column":null}}]},"3":{"loc":{"start":{"line":17,"column":2},"end":{"line":17,"column":null}},"type":"if","locations":[{"start":{"line":17,"column":2},"end":{"line":17,"column":null}}]},"4":{"loc":{"start":{"line":17,"column":6},"end":{"line":17,"column":30}},"type":"binary-expr","locations":[{"start":{"line":17,"column":6},"end":{"line":17,"column":17}},{"start":{"line":17,"column":21},"end":{"line":17,"column":30}}]},"5":{"loc":{"start":{"line":26,"column":2},"end":{"line":26,"column":19}},"type":"default-arg","locations":[{"start":{"line":26,"column":18},"end":{"line":26,"column":19}}]},"6":{"loc":{"start":{"line":29,"column":2},"end":{"line":37,"column":null}},"type":"if","locations":[{"start":{"line":29,"column":2},"end":{"line":37,"column":null}}]},"7":{"loc":{"start":{"line":41,"column":2},"end":{"line":43,"column":null}},"type":"if","locations":[{"start":{"line":41,"column":2},"end":{"line":43,"column":null}}]},"8":{"loc":{"start":{"line":48,"column":2},"end":{"line":56,"column":null}},"type":"if","locations":[{"start":{"line":48,"column":2},"end":{"line":56,"column":null}},{"start":{"line":51,"column":9},"end":{"line":56,"column":null}}]},"9":{"loc":{"start":{"line":51,"column":9},"end":{"line":56,"column":null}},"type":"if","locations":[{"start":{"line":51,"column":9},"end":{"line":56,"column":null}},{"start":{"line":54,"column":9},"end":{"line":56,"column":null}}]}},"s":{"0":121,"1":58,"2":34,"3":6,"4":8,"5":3,"6":61,"7":6,"8":55,"9":7,"10":48,"11":7,"12":41,"13":37,"14":12,"15":25,"16":25,"17":34,"18":3,"19":3,"20":31,"21":31,"22":9,"23":22,"24":22,"25":22,"26":1,"27":1,"28":21,"29":8,"30":8,"31":13,"32":22,"33":8,"34":121},"f":{"0":61,"1":37,"2":34,"3":8,"4":121},"b":{"0":[6],"1":[7],"2":[7],"3":[12],"4":[37,26],"5":[28],"6":[3],"7":[9],"8":[1,21],"9":[8,13]}}
,"C:\\Users\\tawin\\OneDrive\\Desktop\\Day Seven\\utils\\time.ts": {"path":"C:\\Users\\tawin\\OneDrive\\Desktop\\Day Seven\\utils\\time.ts","statementMap":{"0":{"start":{"line":33,"column":16},"end":{"line":33,"column":24}},"1":{"start":{"line":39,"column":16},"end":{"line":39,"column":27}},"2":{"start":{"line":47,"column":16},"end":{"line":47,"column":32}},"3":{"start":{"line":15,"column":16},"end":{"line":15,"column":30}},"4":{"start":{"line":6,"column":16},"end":{"line":6,"column":null}},"5":{"start":{"line":21,"column":16},"end":{"line":21,"column":31}},"6":{"start":{"line":10,"column":16},"end":{"line":10,"column":26}},"7":{"start":{"line":25,"column":16},"end":{"line":25,"column":26}},"8":{"start":{"line":7,"column":2},"end":{"line":7,"column":null}},"9":{"start":{"line":11,"column":15},"end":{"line":11,"column":null}},"10":{"start":{"line":12,"column":2},"end":{"line":12,"column":null}},"11":{"start":{"line":18,"column":2},"end":{"line":18,"column":null}},"12":{"start":{"line":22,"column":2},"end":{"line":22,"column":null}},"13":{"start":{"line":26,"column":2},"end":{"line":29,"column":null}},"14":{"start":{"line":34,"column":17},"end":{"line":34,"column":null}},"15":{"start":{"line":35,"column":2},"end":{"line":35,"column":null}},"16":{"start":{"line":36,"column":2},"end":{"line":36,"column":null}},"17":{"start":{"line":40,"column":2},"end":{"line":44,"column":null}},"18":{"start":{"line":48,"column":18},"end":{"line":48,"column":null}},"19":{"start":{"line":49,"column":16},"end":{"line":49,"column":null}},"20":{"start":{"line":51,"column":2},"end":{"line":53,"column":null}},"21":{"start":{"line":52,"column":4},"end":{"line":52,"column":null}},"22":{"start":{"line":55,"column":2},"end":{"line":55,"column":null}}},"fnMap":{"0":{"name":"getCurrentTime","decl":{"start":{"line":6,"column":16},"end":{"line":6,"column":null}},"loc":{"start":{"line":6,"column":16},"end":{"line":8,"column":null}}},"1":{"name":"isEvening","decl":{"start":{"line":10,"column":16},"end":{"line":10,"column":26}},"loc":{"start":{"line":10,"column":55},"end":{"line":13,"column":null}}},"2":{"name":"formatTimeAgo","decl":{"start":{"line":15,"column":16},"end":{"line":15,"column":30}},"loc":{"start":{"line":15,"column":48},"end":{"line":19,"column":null}}},"3":{"name":"isDateInFuture","decl":{"start":{"line":21,"column":16},"end":{"line":21,"column":31}},"loc":{"start":{"line":21,"column":41},"end":{"line":23,"column":null}}},"4":{"name":"isSameDay","decl":{"start":{"line":25,"column":16},"end":{"line":25,"column":26}},"loc":{"start":{"line":25,"column":50},"end":{"line":31,"column":null}}},"5":{"name":"addDays","decl":{"start":{"line":33,"column":16},"end":{"line":33,"column":24}},"loc":{"start":{"line":33,"column":48},"end":{"line":37,"column":null}}},"6":{"name":"formatDate","decl":{"start":{"line":39,"column":16},"end":{"line":39,"column":27}},"loc":{"start":{"line":39,"column":37},"end":{"line":45,"column":null}}},"7":{"name":"formatDateRange","decl":{"start":{"line":47,"column":16},"end":{"line":47,"column":32}},"loc":{"start":{"line":47,"column":52},"end":{"line":56,"column":null}}}},"branchMap":{"0":{"loc":{"start":{"line":10,"column":26},"end":{"line":10,"column":55}},"type":"default-arg","locations":[{"start":{"line":10,"column":39},"end":{"line":10,"column":55}}]},"1":{"loc":{"start":{"line":12,"column":9},"end":{"line":12,"column":null}},"type":"binary-expr","locations":[{"start":{"line":12,"column":9},"end":{"line":12,"column":23}},{"start":{"line":12,"column":23},"end":{"line":12,"column":null}}]},"2":{"loc":{"start":{"line":27,"column":4},"end":{"line":29,"column":null}},"type":"binary-expr","locations":[{"start":{"line":27,"column":4},"end":{"line":27,"column":null}},{"start":{"line":28,"column":4},"end":{"line":28,"column":null}},{"start":{"line":29,"column":4},"end":{"line":29,"column":null}}]},"3":{"loc":{"start":{"line":51,"column":2},"end":{"line":53,"column":null}},"type":"if","locations":[{"start":{"line":51,"column":2},"end":{"line":53,"column":null}}]}},"s":{"0":0,"1":0,"2":0,"3":0,"4":0,"5":0,"6":50,"7":0,"8":0,"9":50,"10":50,"11":0,"12":0,"13":0,"14":0,"15":0,"16":0,"17":0,"18":0,"19":0,"20":0,"21":0,"22":0},"f":{"0":0,"1":50,"2":0,"3":0,"4":0,"5":0,"6":0,"7":0},"b":{"0":[0],"1":[50,50],"2":[0,0,0],"3":[0]}}
}
