TN:
SF:app\layout.tsx
FN:89,RootLayout
FNF:1
FNH:0
FNDA:0,RootLayout
DA:3,0
DA:4,0
DA:5,0
DA:6,0
DA:7,0
DA:9,0
DA:15,0
DA:21,0
DA:89,0
LF:9
LH:0
BRDA:84,0,0,0
BRDA:84,0,1,0
BRF:2
BRH:0
end_of_record
TN:
SF:app\page-monolithic.tsx
FN:96,HomePage
FN:106,(anonymous_3)
FN:107,(anonymous_4)
FN:109,(anonymous_5)
FN:112,(anonymous_6)
FN:113,(anonymous_7)
FN:114,(anonymous_8)
FN:117,(anonymous_9)
FN:122,(anonymous_10)
FN:137,(anonymous_11)
FN:139,(anonymous_12)
FN:146,(anonymous_13)
FN:174,(anonymous_14)
FN:215,(anonymous_15)
FN:220,(anonymous_16)
FN:230,(anonymous_17)
FN:234,(anonymous_18)
FN:238,(anonymous_19)
FN:250,(anonymous_20)
FN:317,(anonymous_21)
FN:354,(anonymous_22)
FN:357,(anonymous_23)
FN:357,(anonymous_24)
FN:375,(anonymous_25)
FN:390,(anonymous_26)
FN:392,(anonymous_27)
FN:409,(anonymous_28)
FN:443,(anonymous_29)
FN:444,(anonymous_30)
FN:463,(anonymous_31)
FN:464,(anonymous_32)
FN:483,(anonymous_33)
FN:484,(anonymous_34)
FN:502,(anonymous_35)
FN:508,(anonymous_36)
FN:566,(anonymous_37)
FN:605,(anonymous_38)
FNF:37
FNH:0
FNDA:0,HomePage
FNDA:0,(anonymous_3)
FNDA:0,(anonymous_4)
FNDA:0,(anonymous_5)
FNDA:0,(anonymous_6)
FNDA:0,(anonymous_7)
FNDA:0,(anonymous_8)
FNDA:0,(anonymous_9)
FNDA:0,(anonymous_10)
FNDA:0,(anonymous_11)
FNDA:0,(anonymous_12)
FNDA:0,(anonymous_13)
FNDA:0,(anonymous_14)
FNDA:0,(anonymous_15)
FNDA:0,(anonymous_16)
FNDA:0,(anonymous_17)
FNDA:0,(anonymous_18)
FNDA:0,(anonymous_19)
FNDA:0,(anonymous_20)
FNDA:0,(anonymous_21)
FNDA:0,(anonymous_22)
FNDA:0,(anonymous_23)
FNDA:0,(anonymous_24)
FNDA:0,(anonymous_25)
FNDA:0,(anonymous_26)
FNDA:0,(anonymous_27)
FNDA:0,(anonymous_28)
FNDA:0,(anonymous_29)
FNDA:0,(anonymous_30)
FNDA:0,(anonymous_31)
FNDA:0,(anonymous_32)
FNDA:0,(anonymous_33)
FNDA:0,(anonymous_34)
FNDA:0,(anonymous_35)
FNDA:0,(anonymous_36)
FNDA:0,(anonymous_37)
FNDA:0,(anonymous_38)
DA:3,0
DA:4,0
DA:5,0
DA:6,0
DA:7,0
DA:8,0
DA:9,0
DA:10,0
DA:11,0
DA:26,0
DA:28,0
DA:96,0
DA:97,0
DA:98,0
DA:99,0
DA:100,0
DA:101,0
DA:102,0
DA:103,0
DA:104,0
DA:106,0
DA:107,0
DA:108,0
DA:109,0
DA:112,0
DA:113,0
DA:114,0
DA:117,0
DA:118,0
DA:119,0
DA:122,0
DA:124,0
DA:125,0
DA:127,0
DA:128,0
DA:129,0
DA:130,0
DA:131,0
DA:132,0
DA:134,0
DA:137,0
DA:139,0
DA:140,0
DA:141,0
DA:142,0
DA:146,0
DA:147,0
DA:148,0
DA:149,0
DA:152,0
DA:154,0
DA:155,0
DA:157,0
DA:158,0
DA:160,0
DA:161,0
DA:162,0
DA:163,0
DA:164,0
DA:165,0
DA:167,0
DA:170,0
DA:174,0
DA:175,0
DA:177,0
DA:179,0
DA:180,0
DA:181,0
DA:182,0
DA:183,0
DA:184,0
DA:186,0
DA:188,0
DA:191,0
DA:192,0
DA:193,0
DA:194,0
DA:196,0
DA:198,0
DA:201,0
DA:202,0
DA:203,0
DA:204,0
DA:205,0
DA:207,0
DA:209,0
DA:212,0
DA:215,0
DA:216,0
DA:217,0
DA:220,0
DA:223,0
DA:224,0
DA:225,0
DA:226,0
DA:230,0
DA:231,0
DA:234,0
DA:235,0
DA:236,0
DA:237,0
DA:238,0
DA:240,0
DA:241,0
DA:242,0
DA:244,0
DA:245,0
DA:247,0
DA:250,0
DA:251,0
DA:252,0
DA:253,0
DA:254,0
DA:255,0
DA:256,0
DA:259,0
DA:260,0
DA:318,0
DA:354,0
DA:357,0
DA:358,0
DA:375,0
DA:390,0
DA:392,0
DA:409,0
DA:443,0
DA:444,0
DA:463,0
DA:464,0
DA:483,0
DA:484,0
DA:502,0
DA:509,0
DA:510,0
DA:567,0
DA:568,0
DA:605,0
LF:137
LH:0
BRDA:119,0,0,0
BRDA:119,0,1,0
BRDA:127,1,0,0
BRDA:127,1,1,0
BRDA:129,2,0,0
BRDA:129,2,1,0
BRDA:129,3,0,0
BRDA:129,3,1,0
BRDA:131,4,0,0
BRDA:131,5,0,0
BRDA:131,5,1,0
BRDA:140,6,0,0
BRDA:141,7,0,0
BRDA:142,8,0,0
BRDA:147,9,0,0
BRDA:152,10,0,0
BRDA:152,11,0,0
BRDA:152,11,1,0
BRDA:160,12,0,0
BRDA:160,12,1,0
BRDA:163,13,0,0
BRDA:163,13,1,0
BRDA:177,14,0,0
BRDA:177,14,1,0
BRDA:177,14,2,0
BRDA:179,15,0,0
BRDA:179,15,1,0
BRDA:181,16,0,0
BRDA:181,16,1,0
BRDA:183,17,0,0
BRDA:183,17,1,0
BRDA:191,18,0,0
BRDA:191,18,1,0
BRDA:193,19,0,0
BRDA:193,19,1,0
BRDA:202,20,0,0
BRDA:202,20,1,0
BRDA:204,21,0,0
BRDA:204,21,1,0
BRDA:216,22,0,0
BRDA:223,23,0,0
BRDA:236,24,0,0
BRDA:240,25,0,0
BRDA:241,26,0,0
BRDA:242,27,0,0
BRDA:259,28,0,0
BRDA:259,29,0,0
BRDA:259,29,1,0
BRDA:282,30,0,0
BRDA:282,30,1,0
BRDA:326,31,0,0
BRDA:341,32,0,0
BRDA:344,33,0,0
BRDA:359,34,0,0
BRDA:359,34,1,0
BRDA:367,35,0,0
BRDA:367,35,1,0
BRDA:390,36,0,0
BRDA:390,36,1,0
BRDA:396,37,0,0
BRDA:396,37,1,0
BRDA:402,38,0,0
BRDA:404,39,0,0
BRDA:404,39,1,0
BRDA:421,40,0,0
BRDA:446,41,0,0
BRDA:446,41,1,0
BRDA:449,42,0,0
BRDA:449,42,1,0
BRDA:451,43,0,0
BRDA:466,44,0,0
BRDA:466,44,1,0
BRDA:469,45,0,0
BRDA:469,45,1,0
BRDA:471,46,0,0
BRDA:487,47,0,0
BRDA:487,47,1,0
BRDA:490,48,0,0
BRDA:490,48,1,0
BRDA:492,49,0,0
BRDA:509,50,0,0
BRDA:514,51,0,0
BRDA:514,51,1,0
BRDA:514,51,2,0
BRDA:514,51,3,0
BRDA:522,52,0,0
BRDA:530,53,0,0
BRDA:530,53,1,0
BRDA:530,54,0,0
BRDA:530,54,1,0
BRDA:579,55,0,0
BRDA:579,55,1,0
BRDA:599,56,0,0
BRDA:610,57,0,0
BRDA:610,57,1,0
BRDA:610,58,0,0
BRDA:610,58,1,0
BRF:97
BRH:0
end_of_record
TN:
SF:app\page.tsx
FN:15,(anonymous_5)
FN:15,(anonymous_6)
FN:15,(anonymous_7)
FN:19,(anonymous_10)
FN:19,(anonymous_11)
FN:19,(anonymous_12)
FN:20,(anonymous_14)
FN:23,(anonymous_15)
FN:23,(anonymous_16)
FN:23,(anonymous_17)
FN:27,(anonymous_20)
FN:27,(anonymous_21)
FN:27,(anonymous_22)
FN:36,HomePage
FN:46,(anonymous_26)
FN:48,(anonymous_27)
FN:100,GlobalStyles
FNF:17
FNH:0
FNDA:0,(anonymous_5)
FNDA:0,(anonymous_6)
FNDA:0,(anonymous_7)
FNDA:0,(anonymous_10)
FNDA:0,(anonymous_11)
FNDA:0,(anonymous_12)
FNDA:0,(anonymous_14)
FNDA:0,(anonymous_15)
FNDA:0,(anonymous_16)
FNDA:0,(anonymous_17)
FNDA:0,(anonymous_20)
FNDA:0,(anonymous_21)
FNDA:0,(anonymous_22)
FNDA:0,HomePage
FNDA:0,(anonymous_26)
FNDA:0,(anonymous_27)
FNDA:0,GlobalStyles
DA:3,0
DA:4,0
DA:5,0
DA:6,0
DA:7,0
DA:8,0
DA:9,0
DA:10,0
DA:11,0
DA:12,0
DA:15,0
DA:19,0
DA:20,0
DA:23,0
DA:27,0
DA:36,0
DA:41,0
DA:43,0
DA:46,0
DA:47,0
DA:48,0
DA:51,0
DA:54,0
LF:23
LH:0
BRDA:51,0,0,0
BRDA:51,0,1,0
BRDA:54,1,0,0
BRDA:54,2,0,0
BRDA:54,2,1,0
BRF:5
BRH:0
end_of_record
TN:
SF:components\google-map.tsx
FN:16,GoogleMap
FN:20,(anonymous_2)
FN:21,(anonymous_3)
FN:39,(anonymous_4)
FN:102,(anonymous_5)
FNF:5
FNH:0
FNDA:0,GoogleMap
FNDA:0,(anonymous_2)
FNDA:0,(anonymous_3)
FNDA:0,(anonymous_4)
FNDA:0,(anonymous_5)
DA:3,0
DA:16,0
DA:17,0
DA:18,0
DA:20,0
DA:21,0
DA:22,0
DA:23,0
DA:24,0
DA:28,0
DA:29,0
DA:30,0
DA:31,0
DA:34,0
DA:36,0
DA:39,0
DA:40,0
DA:43,0
DA:45,0
DA:83,0
DA:97,0
DA:100,0
DA:102,0
DA:104,0
DA:105,0
LF:25
LH:0
BRDA:16,0,0,0
BRDA:22,1,0,0
BRDA:22,2,0,0
BRDA:22,2,1,0
BRDA:40,3,0,0
BRDA:40,4,0,0
BRDA:40,4,1,0
BRDA:104,5,0,0
BRF:8
BRH:0
end_of_record
TN:
SF:components\theme-provider.tsx
FN:9,ThemeProvider
FNF:1
FNH:0
FNDA:0,ThemeProvider
DA:3,0
DA:7,0
DA:9,0
LF:3
LH:0
BRF:0
BRH:0
end_of_record
TN:
SF:components\booking\BookingFlow.tsx
FN:16,BookingFlow
FN:34,(anonymous_3)
FN:69,(anonymous_4)
FNF:3
FNH:2
FNDA:5,BookingFlow
FNDA:5,(anonymous_3)
FNDA:0,(anonymous_4)
DA:1,1
DA:2,1
DA:3,1
DA:4,1
DA:5,1
DA:6,1
DA:7,1
DA:9,1
DA:10,1
DA:16,5
DA:32,5
DA:34,5
DA:35,5
DA:39,5
DA:70,0
DA:71,0
LF:16
LH:14
BRDA:44,0,0,5
BRDA:47,1,0,1
BRDA:63,2,0,5
BRDA:70,3,0,0
BRDA:79,4,0,5
BRF:5
BRH:4
end_of_record
TN:
SF:components\booking\Confirmation.tsx
FN:15,Confirmation
FN:49,ConfirmationIcon
FNF:2
FNH:0
FNDA:0,Confirmation
FNDA:0,ConfirmationIcon
DA:1,1
DA:2,1
DA:15,0
DA:21,0
LF:4
LH:2
BRDA:21,0,0,0
BRDA:21,0,1,0
BRDA:22,1,0,0
BRDA:22,1,1,0
BRDA:22,2,0,0
BRDA:22,2,1,0
BRF:6
BRH:0
end_of_record
TN:
SF:components\booking\DateSelection.tsx
FN:13,DateSelection
FN:32,(anonymous_2)
FN:34,(anonymous_3)
FN:58,BookingSummary
FNF:4
FNH:2
FNDA:4,DateSelection
FNDA:0,(anonymous_2)
FNDA:280,(anonymous_3)
FNDA:0,BookingSummary
DA:1,1
DA:2,1
DA:4,1
DA:13,4
DA:19,4
DA:20,4
DA:32,0
DA:34,280
LF:8
LH:7
BRDA:20,0,0,4
BRDA:20,0,1,0
BRDA:32,1,0,0
BRDA:32,1,1,0
BRDA:39,2,0,4
BRDA:66,3,0,0
BRDA:68,4,0,0
BRDA:68,4,1,0
BRF:8
BRH:2
end_of_record
TN:
SF:components\booking\GuestForm.tsx
FN:16,GuestForm
FN:38,(anonymous_2)
FN:39,(anonymous_3)
FN:48,(anonymous_4)
FN:49,(anonymous_5)
FN:59,(anonymous_6)
FN:60,(anonymous_7)
FN:73,LoadingIndicator
FN:102,FormField
FN:120,(anonymous_10)
FN:121,(anonymous_11)
FN:143,FormActions
FNF:12
FNH:0
FNDA:0,GuestForm
FNDA:0,(anonymous_2)
FNDA:0,(anonymous_3)
FNDA:0,(anonymous_4)
FNDA:0,(anonymous_5)
FNDA:0,(anonymous_6)
FNDA:0,(anonymous_7)
FNDA:0,LoadingIndicator
FNDA:0,FormField
FNDA:0,(anonymous_10)
FNDA:0,(anonymous_11)
FNDA:0,FormActions
DA:1,1
DA:2,1
DA:3,1
DA:16,0
DA:38,0
DA:39,0
DA:48,0
DA:49,0
DA:59,0
DA:60,0
DA:120,0
DA:121,0
LF:12
LH:3
BRDA:123,0,0,0
BRDA:123,0,1,0
BRDA:126,1,0,0
BRDA:126,1,1,0
BRDA:128,2,0,0
BRF:5
BRH:0
end_of_record
TN:
SF:components\booking\HourlySelection.tsx
FN:11,HourlySelection
FN:32,(anonymous_2)
FN:35,(anonymous_3)
FN:35,(anonymous_4)
FN:59,HourlySummary
FNF:5
FNH:4
FNDA:1,HourlySelection
FNDA:0,(anonymous_2)
FNDA:12,(anonymous_3)
FNDA:12,(anonymous_4)
FNDA:1,HourlySummary
DA:1,1
DA:2,1
DA:3,1
DA:11,1
DA:16,1
DA:32,0
DA:35,12
DA:36,12
LF:8
LH:7
BRDA:37,0,0,11
BRDA:37,0,1,1
BRDA:64,1,0,0
BRDA:64,1,1,1
BRF:4
BRH:3
end_of_record
TN:
SF:components\layout\Footer.tsx
FN:4,Footer
FN:18,ContactSection
FN:37,SocialLinks
FN:63,(anonymous_4)
FN:77,TikTokIcon
FN:85,PoliciesSection
FN:96,(anonymous_7)
FN:109,ComingSoonSection
FN:120,(anonymous_9)
FNF:9
FNH:0
FNDA:0,Footer
FNDA:0,ContactSection
FNDA:0,SocialLinks
FNDA:0,(anonymous_4)
FNDA:0,TikTokIcon
FNDA:0,PoliciesSection
FNDA:0,(anonymous_7)
FNDA:0,ComingSoonSection
FNDA:0,(anonymous_9)
DA:1,0
DA:2,0
DA:4,0
DA:38,0
DA:64,0
DA:86,0
DA:97,0
DA:110,0
DA:121,0
LF:9
LH:0
BRF:0
BRH:0
end_of_record
TN:
SF:components\layout\Header.tsx
FN:9,Header
FNF:1
FNH:0
FNDA:0,Header
DA:1,0
DA:2,0
DA:9,0
LF:3
LH:0
BRDA:9,0,0,0
BRDA:14,1,0,0
BRF:2
BRH:0
end_of_record
TN:
SF:components\sections\HeroSection.tsx
FN:5,HeroSection
FNF:1
FNH:0
FNDA:0,HeroSection
DA:5,0
LF:1
LH:0
BRF:0
BRH:0
end_of_record
TN:
SF:components\sections\LocationSection.tsx
FN:5,LocationSection
FN:16,LocationInfo
FN:42,(anonymous_3)
FN:53,LocationMap
FNF:4
FNH:0
FNDA:0,LocationSection
FNDA:0,LocationInfo
FNDA:0,(anonymous_3)
FNDA:0,LocationMap
DA:1,0
DA:2,0
DA:3,0
DA:5,0
DA:17,0
DA:43,0
LF:6
LH:0
BRF:0
BRH:0
end_of_record
TN:
SF:components\suites\SuiteCard.tsx
FN:13,SuiteCard
FN:16,(anonymous_3)
FN:25,(anonymous_4)
FN:48,SuiteImage
FN:73,SuiteContent
FN:83,SuiteInfo
FN:96,SuiteActions
FN:97,(anonymous_9)
FN:99,(anonymous_10)
FN:127,SuiteStatus
FNF:10
FNH:9
FNDA:172,SuiteCard
FNDA:6,(anonymous_3)
FNDA:3,(anonymous_4)
FNDA:172,SuiteImage
FNDA:172,SuiteContent
FNDA:172,SuiteInfo
FNDA:172,SuiteActions
FNDA:69,(anonymous_9)
FNDA:0,(anonymous_10)
FNDA:172,SuiteStatus
DA:1,2
DA:2,2
DA:3,2
DA:4,2
DA:6,2
DA:13,173
DA:14,172
DA:16,172
DA:17,6
DA:18,3
DA:19,3
DA:20,3
DA:25,172
DA:26,3
DA:27,3
DA:48,2
DA:49,172
DA:96,2
DA:97,172
DA:99,172
DA:100,0
LF:21
LH:20
BRDA:17,0,0,3
BRDA:17,1,0,6
BRDA:17,1,1,4
BRDA:19,2,0,3
BRDA:26,3,0,3
BRDA:36,4,0,167
BRDA:36,4,1,5
BRDA:36,5,0,12
BRDA:36,5,1,160
BRDA:54,6,0,172
BRDA:54,6,1,1
BRDA:107,7,0,12
BRDA:118,8,0,167
BRDA:118,8,1,5
BRDA:119,9,0,12
BRDA:119,9,1,155
BRDA:139,10,0,167
BRDA:139,10,1,5
BRF:18
BRH:18
end_of_record
TN:
SF:components\suites\SuiteDetails.tsx
FN:7,SuiteDetails
FN:16,SuiteImages
FN:32,SuiteDetailImages
FN:46,(anonymous_4)
FN:63,SuiteInformation
FN:73,SuiteHeader
FN:86,SuiteHighlights
FN:91,(anonymous_8)
FN:102,SuiteRates
FNF:9
FNH:0
FNDA:0,SuiteDetails
FNDA:0,SuiteImages
FNDA:0,SuiteDetailImages
FNDA:0,(anonymous_4)
FNDA:0,SuiteInformation
FNDA:0,SuiteHeader
FNDA:0,SuiteHighlights
FNDA:0,(anonymous_8)
FNDA:0,SuiteRates
DA:7,0
DA:33,0
DA:47,0
DA:92,0
LF:4
LH:0
BRDA:21,0,0,0
BRDA:21,0,1,0
BRDA:68,1,0,0
BRF:3
BRH:0
end_of_record
TN:
SF:components\suites\SuiteGrid.tsx
FN:11,SuiteGrid
FN:17,(anonymous_3)
FNF:2
FNH:2
FNDA:10,SuiteGrid
FNDA:40,(anonymous_3)
DA:1,1
DA:2,1
DA:3,1
DA:4,1
DA:5,1
DA:11,10
DA:12,10
DA:13,10
DA:18,40
LF:9
LH:9
BRF:0
BRH:0
end_of_record
TN:
SF:components\ui\AnimationWrapper.tsx
FN:10,FadeInUp
FN:19,(anonymous_7)
FN:21,(anonymous_8)
FN:23,(anonymous_9)
FN:34,(anonymous_10)
FN:53,ScaleOnHover
FN:64,FadeIn
FN:71,(anonymous_13)
FN:72,(anonymous_14)
FN:73,(anonymous_15)
FN:89,SlideInFromRight
FNF:11
FNH:4
FNDA:40,FadeInUp
FNDA:40,(anonymous_7)
FNDA:0,(anonymous_8)
FNDA:0,(anonymous_9)
FNDA:40,(anonymous_10)
FNDA:40,ScaleOnHover
FNDA:0,FadeIn
FNDA:0,(anonymous_13)
FNDA:0,(anonymous_14)
FNDA:0,(anonymous_15)
FNDA:0,SlideInFromRight
DA:1,1
DA:10,40
DA:16,40
DA:17,40
DA:19,40
DA:20,40
DA:22,0
DA:23,0
DA:24,0
DA:30,40
DA:31,40
DA:34,40
DA:53,40
DA:64,0
DA:69,0
DA:71,0
DA:72,0
DA:73,0
DA:89,0
LF:19
LH:10
BRDA:12,0,0,40
BRDA:13,1,0,0
BRDA:14,2,0,0
BRDA:22,3,0,0
BRDA:30,4,0,40
BRDA:42,5,0,0
BRDA:42,5,1,40
BRDA:43,6,0,0
BRDA:43,6,1,40
BRDA:53,7,0,40
BRDA:66,8,0,0
BRDA:67,9,0,0
BRDA:80,10,0,0
BRDA:80,10,1,0
BRDA:92,11,0,0
BRDA:102,12,0,0
BRDA:102,12,1,0
BRDA:103,13,0,0
BRDA:103,13,1,0
BRF:19
BRH:5
end_of_record
TN:
SF:components\ui\ErrorBoundary.tsx
FN:20,(anonymous_7)
FN:24,(anonymous_8)
FN:33,(anonymous_9)
FN:29,(anonymous_11)
FN:63,BookingErrorBoundary
FN:75,(anonymous_13)
FN:90,SuiteErrorBoundary
FNF:7
FNH:0
FNDA:0,(anonymous_7)
FNDA:0,(anonymous_8)
FNDA:0,(anonymous_9)
FNDA:0,(anonymous_11)
FNDA:0,BookingErrorBoundary
FNDA:0,(anonymous_13)
FNDA:0,SuiteErrorBoundary
DA:1,0
DA:2,0
DA:15,0
DA:21,0
DA:25,0
DA:26,0
DA:30,0
DA:34,0
DA:35,0
DA:36,0
DA:59,0
DA:63,0
DA:75,0
DA:90,0
LF:14
LH:0
BRDA:34,0,0,0
BRDA:35,1,0,0
BRF:2
BRH:0
end_of_record
TN:
SF:components\ui\LazySection.tsx
FN:11,LazySection
FN:30,SectionSkeleton
FN:43,LazyImage
FN:58,(anonymous_7)
FN:61,(anonymous_8)
FN:65,(anonymous_9)
FNF:6
FNH:0
FNDA:0,LazySection
FNDA:0,SectionSkeleton
FNDA:0,LazyImage
FNDA:0,(anonymous_7)
FNDA:0,(anonymous_8)
FNDA:0,(anonymous_9)
DA:1,0
DA:2,0
DA:11,0
DA:17,0
DA:43,0
DA:54,0
DA:55,0
DA:56,0
DA:58,0
DA:59,0
DA:60,0
DA:61,0
DA:62,0
DA:63,0
DA:65,0
DA:66,0
DA:67,0
DA:69,0
LF:18
LH:0
BRDA:13,0,0,0
BRDA:14,1,0,0
BRDA:15,2,0,0
BRDA:25,3,0,0
BRDA:25,3,1,0
BRDA:46,4,0,0
BRDA:47,5,0,0
BRDA:59,6,0,0
BRDA:59,7,0,0
BRDA:59,7,1,0
BRDA:79,8,0,0
BRDA:79,8,1,0
BRDA:83,9,0,0
BRF:13
BRH:0
end_of_record
TN:
SF:components\ui\LazyWrapper.tsx
FN:9,LazyWrapper
FN:23,LoadingSkeleton
FN:33,BookingFlowSkeleton
FN:52,SuiteCardSkeleton
FNF:4
FNH:0
FNDA:0,LazyWrapper
FNDA:0,LoadingSkeleton
FNDA:0,BookingFlowSkeleton
FNDA:0,SuiteCardSkeleton
DA:1,0
DA:9,0
DA:33,0
DA:52,0
LF:4
LH:0
BRDA:11,0,0,0
BRDA:12,1,0,0
BRF:2
BRH:0
end_of_record
TN:
SF:components\ui\button.tsx
FN:38,Button
FNF:1
FNH:1
FNDA:173,Button
DA:1,2
DA:2,2
DA:3,2
DA:5,2
DA:7,2
DA:48,173
DA:59,173
LF:7
LH:7
BRDA:42,0,0,173
BRDA:48,1,0,0
BRDA:48,1,1,173
BRF:3
BRH:2
end_of_record
TN:
SF:components\ui\calendar.tsx
FN:12,Calendar
FNF:1
FNH:1
FNDA:4,Calendar
DA:4,1
DA:5,1
DA:7,1
DA:8,1
DA:58,1
DA:60,4
LF:6
LH:6
BRDA:12,0,0,4
BRF:1
BRH:1
end_of_record
TN:
SF:components\ui\card.tsx
FN:5,Card
FN:18,CardHeader
FN:31,CardTitle
FN:41,CardDescription
FN:51,CardAction
FN:64,CardContent
FN:74,CardFooter
FNF:7
FNH:2
FNDA:177,Card
FNDA:0,CardHeader
FNDA:0,CardTitle
FNDA:0,CardDescription
FNDA:0,CardAction
FNDA:177,CardContent
FNDA:0,CardFooter
DA:1,2
DA:3,2
DA:85,177
DA:86,0
DA:87,0
DA:88,0
DA:89,0
DA:90,0
DA:91,177
LF:9
LH:4
BRF:0
BRH:0
end_of_record
TN:
SF:components\ui\input.tsx
FN:5,Input
FNF:1
FNH:0
FNDA:0,Input
DA:1,1
DA:3,1
DA:21,0
LF:3
LH:2
BRF:0
BRH:0
end_of_record
TN:
SF:components\ui\label.tsx
FNF:0
FNH:0
DA:3,1
DA:4,1
DA:5,1
DA:7,1
DA:9,1
DA:17,1
DA:19,1
LF:7
LH:7
BRF:0
BRH:0
end_of_record
TN:
SF:data\suites.ts
FN:94,(anonymous_6)
FN:95,(anonymous_7)
FN:98,(anonymous_8)
FN:99,(anonymous_9)
FN:102,(anonymous_10)
FN:103,(anonymous_11)
FN:106,(anonymous_12)
FN:107,(anonymous_13)
FNF:8
FNH:0
FNDA:0,(anonymous_6)
FNDA:0,(anonymous_7)
FNDA:0,(anonymous_8)
FNDA:0,(anonymous_9)
FNDA:0,(anonymous_10)
FNDA:0,(anonymous_11)
FNDA:0,(anonymous_12)
FNDA:0,(anonymous_13)
DA:1,1
DA:2,1
DA:10,40
DA:94,1
DA:95,0
DA:98,1
DA:99,0
DA:102,1
DA:103,0
DA:106,1
DA:107,0
LF:11
LH:7
BRF:0
BRH:0
end_of_record
TN:
SF:data\types.ts
FNF:0
FNH:0
DA:60,42
DA:66,4
DA:73,20
DA:79,41
DA:80,8
DA:81,4
LF:6
LH:6
BRF:0
BRH:0
end_of_record
TN:
SF:hooks\useBooking.ts
FN:26,useBooking
FN:30,(anonymous_2)
FN:31,(anonymous_3)
FN:39,(anonymous_4)
FN:40,(anonymous_5)
FN:47,(anonymous_6)
FN:48,(anonymous_7)
FN:55,(anonymous_8)
FN:63,(anonymous_9)
FN:78,(anonymous_10)
FN:110,(anonymous_11)
FN:120,(anonymous_12)
FN:124,(anonymous_13)
FN:130,(anonymous_14)
FN:140,(anonymous_15)
FN:141,(anonymous_16)
FN:147,(anonymous_17)
FN:148,(anonymous_18)
FN:154,(anonymous_19)
FN:155,(anonymous_20)
FN:162,(anonymous_21)
FNF:21
FNH:19
FNDA:62,useBooking
FNDA:4,(anonymous_2)
FNDA:4,(anonymous_3)
FNDA:3,(anonymous_4)
FNDA:3,(anonymous_5)
FNDA:4,(anonymous_6)
FNDA:4,(anonymous_7)
FNDA:21,(anonymous_8)
FNDA:21,(anonymous_9)
FNDA:5,(anonymous_10)
FNDA:5,(anonymous_11)
FNDA:1,(anonymous_12)
FNDA:3,(anonymous_13)
FNDA:1,(anonymous_14)
FNDA:6,(anonymous_15)
FNDA:6,(anonymous_16)
FNDA:2,(anonymous_17)
FNDA:2,(anonymous_18)
FNDA:0,(anonymous_19)
FNDA:0,(anonymous_20)
FNDA:1,(anonymous_21)
DA:1,2
DA:3,2
DA:4,2
DA:11,2
DA:17,2
DA:26,62
DA:27,62
DA:30,62
DA:31,4
DA:39,62
DA:40,3
DA:47,62
DA:48,4
DA:55,62
DA:56,21
DA:59,21
DA:60,5
DA:63,21
DA:78,62
DA:79,5
DA:81,5
DA:83,1
DA:84,1
DA:85,0
DA:86,0
DA:87,0
DA:88,0
DA:90,1
DA:93,3
DA:94,0
DA:95,3
DA:96,2
DA:98,3
DA:101,1
DA:102,1
DA:103,0
DA:104,1
DA:105,1
DA:107,1
DA:110,5
DA:120,62
DA:121,1
DA:122,1
DA:123,1
DA:124,1
DA:125,3
DA:126,3
DA:127,3
DA:130,1
DA:134,1
DA:136,0
DA:140,62
DA:141,6
DA:147,62
DA:148,2
DA:154,62
DA:155,0
DA:162,62
DA:163,1
DA:168,62
DA:174,62
DA:176,62
LF:62
LH:54
BRDA:59,0,0,5
BRDA:81,1,0,1
BRDA:81,1,1,3
BRDA:81,1,2,1
BRDA:83,2,0,1
BRDA:83,2,1,0
BRDA:85,3,0,0
BRDA:85,3,1,0
BRDA:87,4,0,0
BRDA:93,5,0,0
BRDA:93,5,1,3
BRDA:95,6,0,2
BRDA:102,7,0,0
BRDA:102,7,1,1
BRDA:104,8,0,1
BRDA:122,9,0,1
BRDA:125,10,0,0
BRDA:126,11,0,1
BRDA:127,12,0,1
BRDA:168,13,0,62
BRDA:168,13,1,10
BRDA:168,13,2,5
BRDA:168,13,3,3
BRDA:174,14,0,62
BRDA:174,14,1,2
BRF:25
BRH:18
end_of_record
TN:
SF:hooks\useIntersectionObserver.ts
FN:9,useIntersectionObserver
FN:17,(anonymous_5)
FN:22,(anonymous_6)
FN:38,(anonymous_7)
FN:50,useViewportOptimization
FN:53,(anonymous_9)
FN:54,(anonymous_10)
FN:65,(anonymous_11)
FN:70,useLazyLoading
FN:74,(anonymous_13)
FN:79,(anonymous_14)
FN:90,(anonymous_15)
FNF:12
FNH:0
FNDA:0,useIntersectionObserver
FNDA:0,(anonymous_5)
FNDA:0,(anonymous_6)
FNDA:0,(anonymous_7)
FNDA:0,useViewportOptimization
FNDA:0,(anonymous_9)
FNDA:0,(anonymous_10)
FNDA:0,(anonymous_11)
FNDA:0,useLazyLoading
FNDA:0,(anonymous_13)
FNDA:0,(anonymous_14)
FNDA:0,(anonymous_15)
DA:1,0
DA:9,0
DA:12,0
DA:13,0
DA:14,0
DA:15,0
DA:17,0
DA:18,0
DA:19,0
DA:21,0
DA:23,0
DA:24,0
DA:26,0
DA:27,0
DA:28,0
DA:29,0
DA:36,0
DA:38,0
DA:39,0
DA:43,0
DA:50,0
DA:51,0
DA:53,0
DA:54,0
DA:55,0
DA:56,0
DA:57,0
DA:59,0
DA:61,0
DA:65,0
DA:67,0
DA:70,0
DA:71,0
DA:72,0
DA:74,0
DA:75,0
DA:76,0
DA:80,0
DA:81,0
DA:82,0
DA:88,0
DA:90,0
DA:93,0
LF:43
LH:0
BRDA:10,0,0,0
BRDA:12,1,0,0
BRDA:12,2,0,0
BRDA:12,3,0,0
BRDA:19,4,0,0
BRDA:26,5,0,0
BRDA:26,6,0,0
BRDA:26,6,1,0
BRDA:28,7,0,0
BRDA:56,8,0,0
BRDA:56,8,1,0
BRDA:76,9,0,0
BRDA:80,10,0,0
BRF:13
BRH:0
end_of_record
TN:
SF:hooks\useScroll.ts
FN:8,useScroll
FN:11,(anonymous_4)
FN:14,(anonymous_5)
FN:19,(anonymous_6)
FN:28,(anonymous_7)
FN:39,useScrollEffects
FN:43,(anonymous_9)
FNF:7
FNH:5
FNDA:10,useScroll
FNDA:10,(anonymous_4)
FNDA:0,(anonymous_5)
FNDA:0,(anonymous_6)
FNDA:10,(anonymous_7)
FNDA:10,useScrollEffects
FNDA:40,(anonymous_9)
DA:1,1
DA:8,0
DA:9,10
DA:11,10
DA:12,10
DA:14,10
DA:15,0
DA:16,0
DA:19,10
DA:20,0
DA:21,0
DA:22,0
DA:26,10
DA:28,10
DA:29,10
DA:33,10
DA:39,10
DA:40,10
DA:43,10
DA:44,40
DA:47,10
LF:21
LH:15
BRDA:20,0,0,0
BRDA:43,1,0,0
BRDA:43,2,0,0
BRF:3
BRH:0
end_of_record
TN:
SF:hooks\useSuiteSelection.ts
FN:11,useSuiteSelection
FN:15,(anonymous_2)
FN:20,(anonymous_3)
FN:36,(anonymous_4)
FN:37,(anonymous_5)
FN:40,(anonymous_6)
FN:41,(anonymous_7)
FN:44,(anonymous_8)
FN:45,(anonymous_9)
FN:49,(anonymous_10)
FNF:10
FNH:8
FNDA:10,useSuiteSelection
FNDA:0,(anonymous_2)
FNDA:40,(anonymous_3)
FNDA:10,(anonymous_4)
FNDA:40,(anonymous_5)
FNDA:10,(anonymous_6)
FNDA:40,(anonymous_7)
FNDA:10,(anonymous_8)
FNDA:40,(anonymous_9)
FNDA:0,(anonymous_10)
DA:1,1
DA:3,1
DA:4,1
DA:11,10
DA:12,10
DA:15,10
DA:16,0
DA:20,10
DA:22,40
DA:23,40
DA:25,40
DA:26,10
DA:27,30
DA:28,10
DA:29,20
DA:30,10
DA:32,10
DA:36,10
DA:37,40
DA:40,10
DA:41,40
DA:44,10
DA:45,40
DA:49,10
DA:50,0
DA:53,10
LF:26
LH:24
BRDA:25,0,0,10
BRDA:25,0,1,30
BRDA:27,1,0,10
BRDA:27,1,1,20
BRDA:27,2,0,30
BRDA:27,2,1,10
BRDA:29,3,0,10
BRDA:29,4,0,20
BRDA:29,4,1,10
BRF:9
BRH:9
end_of_record
TN:
SF:lib\env.ts
FN:6,getEnvVar
FN:14,getOptionalEnvVar
FNF:2
FNH:2
FNDA:21,getEnvVar
FNDA:1,getOptionalEnvVar
DA:7,21
DA:8,21
DA:9,0
DA:11,21
DA:15,1
DA:18,4
LF:6
LH:5
BRDA:7,0,0,21
BRDA:7,0,1,18
BRDA:8,1,0,0
BRDA:14,2,0,1
BRDA:15,3,0,1
BRDA:15,3,1,1
BRF:6
BRH:5
end_of_record
TN:
SF:lib\seo.ts
FN:5,generateSuiteMetadata
FN:50,generateSuiteStructuredData
FN:104,generateBreadcrumbStructuredData
FN:108,(anonymous_8)
FN:117,generateWebsiteStructuredData
FNF:5
FNH:0
FNDA:0,generateSuiteMetadata
FNDA:0,generateSuiteStructuredData
FNDA:0,generateBreadcrumbStructuredData
FNDA:0,(anonymous_8)
FNDA:0,generateWebsiteStructuredData
DA:3,0
DA:5,0
DA:6,0
DA:7,0
DA:9,0
DA:50,0
DA:51,0
DA:104,0
DA:105,0
DA:108,0
DA:117,0
DA:118,0
LF:12
LH:0
BRDA:7,0,0,0
BRDA:7,0,1,0
BRDA:17,1,0,0
BRDA:17,1,1,0
BRDA:28,2,0,0
BRDA:28,2,1,0
BRDA:41,3,0,0
BRDA:41,3,1,0
BRDA:56,4,0,0
BRDA:56,4,1,0
BRDA:61,5,0,0
BRDA:61,5,1,0
BRDA:65,6,0,0
BRDA:65,6,1,0
BRF:14
BRH:0
end_of_record
TN:
SF:lib\utils.ts
FN:4,cn
FNF:1
FNH:1
FNDA:540,cn
DA:1,2
DA:2,2
DA:4,540
DA:5,540
LF:4
LH:4
BRF:0
BRH:0
end_of_record
TN:
SF:lib\validations.ts
FN:35,(anonymous_9)
FN:59,(anonymous_10)
FN:85,validateGuestInfo
FN:94,(anonymous_12)
FN:101,formatPhoneNumber
FN:121,isValidEmailFormat
FNF:6
FNH:4
FNDA:0,(anonymous_9)
FNDA:0,(anonymous_10)
FNDA:1,validateGuestInfo
FNDA:3,(anonymous_12)
FNDA:6,formatPhoneNumber
FNDA:3,isValidEmailFormat
DA:1,2
DA:9,2
DA:32,2
DA:36,0
DA:37,0
DA:39,0
DA:46,2
DA:55,2
DA:59,0
DA:65,2
DA:85,1
DA:86,1
DA:88,1
DA:89,0
DA:92,1
DA:94,3
DA:101,6
DA:103,6
DA:106,6
DA:107,0
DA:111,6
DA:112,1
DA:115,5
DA:121,3
DA:122,3
DA:123,3
LF:26
LH:20
BRDA:36,0,0,0
BRDA:88,1,0,0
BRDA:106,2,0,0
BRDA:111,3,0,1
BRF:4
BRH:1
end_of_record
TN:
SF:utils\pricing.ts
FN:9,calculateHourlyRate
FN:16,calculateStayDuration
FN:23,calculateStay
FN:65,formatCurrency
FN:69,calculateDailyRate
FNF:5
FNH:5
FNDA:61,calculateHourlyRate
FNDA:37,calculateStayDuration
FNDA:34,calculateStay
FNDA:8,formatCurrency
FNDA:121,calculateDailyRate
DA:2,3
DA:9,58
DA:10,61
DA:11,55
DA:12,48
DA:13,41
DA:16,6
DA:17,37
DA:19,25
DA:20,25
DA:23,34
DA:29,34
DA:30,3
DA:31,3
DA:40,31
DA:41,31
DA:42,9
DA:45,22
DA:46,22
DA:48,22
DA:49,1
DA:50,1
DA:51,21
DA:52,8
DA:53,8
DA:55,13
DA:58,22
DA:65,8
DA:66,8
DA:69,121
DA:70,121
LF:31
LH:31
BRDA:10,0,0,6
BRDA:11,1,0,7
BRDA:12,2,0,7
BRDA:17,3,0,12
BRDA:17,4,0,37
BRDA:17,4,1,26
BRDA:26,5,0,28
BRDA:29,6,0,3
BRDA:41,7,0,9
BRDA:48,8,0,1
BRDA:48,8,1,21
BRDA:51,9,0,8
BRDA:51,9,1,13
BRF:13
BRH:13
end_of_record
TN:
SF:utils\time.ts
FN:6,getCurrentTime
FN:10,isEvening
FN:15,formatTimeAgo
FN:21,isDateInFuture
FN:25,isSameDay
FN:33,addDays
FN:39,formatDate
FN:47,formatDateRange
FNF:8
FNH:1
FNDA:0,getCurrentTime
FNDA:50,isEvening
FNDA:0,formatTimeAgo
FNDA:0,isDateInFuture
FNDA:0,isSameDay
FNDA:0,addDays
FNDA:0,formatDate
FNDA:0,formatDateRange
DA:6,0
DA:7,0
DA:10,50
DA:11,50
DA:12,50
DA:15,0
DA:18,0
DA:21,0
DA:22,0
DA:25,0
DA:26,0
DA:33,0
DA:34,0
DA:35,0
DA:36,0
DA:39,0
DA:40,0
DA:47,0
DA:48,0
DA:49,0
DA:51,0
DA:52,0
DA:55,0
LF:23
LH:3
BRDA:10,0,0,0
BRDA:12,1,0,50
BRDA:12,1,1,50
BRDA:27,2,0,0
BRDA:27,2,1,0
BRDA:27,2,2,0
BRDA:51,3,0,0
BRF:7
BRH:2
end_of_record
